Log file open, 04/16/19 17:26:55
LogWindows: Failed to load 'aqProf.dll' (GetLastError=126)
LogWindows: File 'aqProf.dll' does not exist
LogWindows: Failed to load 'VtuneApi.dll' (GetLastError=126)
LogWindows: File 'VtuneApi.dll' does not exist
LogWindows: Failed to load 'VtuneApi32e.dll' (GetLastError=126)
LogWindows: File 'VtuneApi32e.dll' does not exist
LogConsoleResponse: Display: Failed to find resolution value strings in scalability ini. Falling back to default.
LogInit: Display: Running engine for game: MultiRestore_Third
LogPakFile: Registered encryption key '00000000000000000000000000000000': 0 pak files mounted, 0 remain pending
LogPlatformFile: Not using cached read wrapper
LogTaskGraph: Started task graph with 5 named threads and 8 total threads with 3 sets of task threads.
LogStats: Stats thread started at 0.181679
LogD3D11RHI: Loaded GFSDK_Aftermath_Lib.x64.dll
LogICUInternationalization: ICU TimeZone Detection - Raw Offset: +3:00, Platform Override: ''
LogPluginManager: Mounting plugin Paper2D
LogPluginManager: Mounting plugin AISupport
LogPluginManager: Mounting plugin LightPropagationVolume
LogPluginManager: Mounting plugin ActorLayerUtilities
LogPluginManager: Mounting plugin CLionSourceCodeAccess
LogPluginManager: Mounting plugin CodeLiteSourceCodeAccess
LogPluginManager: Mounting plugin GitSourceControl
LogPluginManager: Mounting plugin KDevelopSourceCodeAccess
LogPluginManager: Mounting plugin NullSourceCodeAccess
LogPluginManager: Mounting plugin PerforceSourceControl
LogPluginManager: Mounting plugin SubversionSourceControl
LogPluginManager: Mounting plugin UObjectPlugin
LogPluginManager: Mounting plugin VisualStudioCodeSourceCodeAccess
LogPluginManager: Mounting plugin VisualStudioSourceCodeAccess
LogPluginManager: Mounting plugin XCodeSourceCodeAccess
LogPluginManager: Mounting plugin AssetManagerEditor
LogPluginManager: Mounting plugin CryptoKeys
LogPluginManager: Mounting plugin DataValidation
LogPluginManager: Mounting plugin EditorScriptingUtilities
LogPluginManager: Mounting plugin FacialAnimation
LogPluginManager: Mounting plugin GameplayTagsEditor
LogPluginManager: Mounting plugin MacGraphicsSwitching
LogPluginManager: Mounting plugin MeshEditor
LogPluginManager: Mounting plugin MobileLauncherProfileWizard
LogPluginManager: Mounting plugin PluginBrowser
LogPluginManager: Mounting plugin SpeedTreeImporter
LogPluginManager: Mounting plugin DatasmithContent
LogPluginManager: Mounting plugin VariantManagerContent
LogPluginManager: Mounting plugin AlembicImporter
LogPluginManager: Mounting plugin AppleImageUtils
LogPluginManager: Mounting plugin AppleVision
LogPluginManager: Mounting plugin BackChannel
LogPluginManager: Mounting plugin CharacterAI
LogPluginManager: Mounting plugin GeometryCache
LogPluginManager: Mounting plugin HTML5Networking
LogPluginManager: Mounting plugin ProxyLODPlugin
LogPluginManager: Mounting plugin MagicLeap
LogPluginManager: Mounting plugin MagicLeapMedia
LogPluginManager: Mounting plugin AndroidMedia
LogPluginManager: Mounting plugin AvfMedia
LogPluginManager: Mounting plugin ImgMedia
LogPluginManager: Mounting plugin LinearTimecode
LogPluginManager: Mounting plugin MediaCompositing
LogPluginManager: Mounting plugin MediaPlayerEditor
LogPluginManager: Mounting plugin WebMMedia
LogPluginManager: Mounting plugin WmfMedia
LogPluginManager: Mounting plugin TcpMessaging
LogPluginManager: Mounting plugin UdpMessaging
LogPluginManager: Mounting plugin ActorSequence
LogPluginManager: Mounting plugin LevelSequenceEditor
LogPluginManager: Mounting plugin MatineeToLevelSequence
LogPluginManager: Mounting plugin NetcodeUnitTest
LogPluginManager: Mounting plugin NUTUnrealEngine4
LogPluginManager: Mounting plugin OnlineSubsystemGooglePlay
LogPluginManager: Mounting plugin OnlineSubsystemIOS
LogPluginManager: Mounting plugin OnlineSubsystem
LogPluginManager: Mounting plugin OnlineSubsystemNull
LogPluginManager: Mounting plugin OnlineSubsystemUtils
LogPluginManager: Mounting plugin LauncherChunkInstaller
LogPluginManager: Mounting plugin AndroidDeviceProfileSelector
LogPluginManager: Mounting plugin AndroidMoviePlayer
LogPluginManager: Mounting plugin AndroidPermission
LogPluginManager: Mounting plugin AppleMoviePlayer
LogPluginManager: Mounting plugin ArchVisCharacter
LogPluginManager: Mounting plugin AudioCapture
LogPluginManager: Mounting plugin CableComponent
LogPluginManager: Mounting plugin CustomMeshComponent
LogPluginManager: Mounting plugin EditableMesh
LogPluginManager: Mounting plugin ExampleDeviceProfileSelector
LogPluginManager: Mounting plugin Firebase
LogPluginManager: Mounting plugin GoogleCloudMessaging
LogPluginManager: Mounting plugin IOSDeviceProfileSelector
LogPluginManager: Mounting plugin LinuxDeviceProfileSelector
LogPluginManager: Mounting plugin LocationServicesBPLibrary
LogPluginManager: Mounting plugin MobilePatchingUtils
LogPluginManager: Mounting plugin OculusVR
LogPluginManager: Mounting plugin PhysXVehicles
LogPluginManager: Mounting plugin ProceduralMeshComponent
LogPluginManager: Mounting plugin RuntimePhysXCooking
LogPluginManager: Mounting plugin SteamVR
LogPluginManager: Mounting plugin WebMMoviePlayer
LogPluginManager: Mounting plugin WindowsMoviePlayer
LogPluginManager: Mounting plugin DatasmithCADImporter
LogPluginManager: Mounting plugin DatasmithFBXImporter
LogPluginManager: Mounting plugin DatasmithImporter
LogPluginManager: Mounting plugin MDLImporter
LogPluginManager: Mounting plugin StaticMeshEditorExtension
LogPluginManager: Mounting plugin VariantManager
LogStreaming: Display: Took  1.181s to configure plugins.
LogInit: Using libcurl 7.55.1-DEV
LogInit:  - built for x86_64-pc-win32
LogInit:  - supports SSL with OpenSSL/1.0.2h
LogInit:  - supports HTTP deflate (compression) using libz 1.2.8
LogInit:  - other features:
LogInit:      CURL_VERSION_SSL
LogInit:      CURL_VERSION_LIBZ
LogInit:      CURL_VERSION_IPV6
LogInit:      CURL_VERSION_ASYNCHDNS
LogInit:      CURL_VERSION_LARGEFILE
LogInit:      CURL_VERSION_IDN
LogInit:  CurlRequestOptions (configurable via config and command line):
LogInit:  - bVerifyPeer = true  - Libcurl will verify peer certificate
LogInit:  - bUseHttpProxy = false  - Libcurl will NOT use HTTP proxy
LogInit:  - bDontReuseConnections = false  - Libcurl will reuse connections
LogInit:  - MaxHostConnections = 16  - Libcurl will limit the number of connections to a host
LogInit:  - LocalHostAddr = Default
LogInit:  - BufferSize = 65536
LogInit: WinSock: version 1.1 (2.2), MaxSocks=32767, MaxUdp=65467
LogInit: Build: ++UE4+Release-4.21-CL-4613538
LogInit: Engine Version: 4.21.1-4613538+++UE4+Release-4.21
LogInit: Compatible Engine Version: 4.21.0-4541578+++UE4+Release-4.21
LogInit: Net CL: 4541578
LogInit: OS: Windows 10 (), CPU:          Intel(R) Pentium(R) CPU B970 @ 2.30GHz, GPU: Intel(R) HD Graphics
LogInit: Compiled (64-bit): Nov 30 2018 04:13:25
LogInit: Compiled with Visual C++: 19.13.26129.00
LogInit: Build Configuration: Development
LogInit: Branch Name: ++UE4+Release-4.21
LogInit: Command Line: 
LogInit: Base Directory: E:/UE4/UrealEngine/UE_4.21/Engine/Binaries/Win64/
LogInit: Installed Engine Build: 1
LogDevObjectVersion: Number of dev versions registered: 22
LogDevObjectVersion:   Dev-Blueprints (B0D832E4-1F89-4F0D-ACCF-7EB736FD4AA2): 10
LogDevObjectVersion:   Dev-Build (E1C64328-A22C-4D53-A36C-8E866417BD8C): 0
LogDevObjectVersion:   Dev-Core (375EC13C-06E4-48FB-B500-84F0262A717E): 2
LogDevObjectVersion:   Dev-Editor (E4B068ED-F494-42E9-A231-DA0B2E46BB41): 26
LogDevObjectVersion:   Dev-Framework (CFFC743F-43B0-4480-9391-14DF171D2073): 34
LogDevObjectVersion:   Dev-Mobile (B02B49B5-BB20-44E9-A304-32B752E40360): 2
LogDevObjectVersion:   Dev-Networking (A4E4105C-59A1-49B5-A7C5-40C4547EDFEE): 0
LogDevObjectVersion:   Dev-Online (39C831C9-5AE6-47DC-9A44-9C173E1C8E7C): 0
LogDevObjectVersion:   Dev-Physics (78F01B33-EBEA-4F98-B9B4-84EACCB95AA2): 0
LogDevObjectVersion:   Dev-Platform (6631380F-2D4D-43E0-8009-CF276956A95A): 0
LogDevObjectVersion:   Dev-Rendering (12F88B9F-8875-4AFC-A67C-D90C383ABD29): 27
LogDevObjectVersion:   Dev-Sequencer (7B5AE74C-D270-4C10-A958-57980B212A5A): 9
LogDevObjectVersion:   Dev-VR (D7296918-1DD6-4BDD-9DE2-64A83CC13884): 2
LogDevObjectVersion:   Dev-LoadTimes (C2A15278-BFE7-4AFE-6C17-90FF531DF755): 1
LogDevObjectVersion:   Private-Geometry (6EACA3D4-40EC-4CC1-B786-8BED09428FC5): 3
LogDevObjectVersion:   Dev-AnimPhys (29E575DD-E0A3-4627-9D10-D276232CDCEA): 17
LogDevObjectVersion:   Dev-Anim (AF43A65D-7FD3-4947-9873-3E8ED9C1BB05): 2
LogDevObjectVersion:   Dev-ReflectionCapture (6B266CEC-1EC7-4B8F-A30B-E4D90942FC07): 1
LogDevObjectVersion:   Dev-Automation (0DF73D61-A23F-47EA-B727-89E90C41499A): 1
LogDevObjectVersion:   FortniteMain (601D1886-AC64-4F84-AA16-D3DE0DEAC7D6): 17
LogDevObjectVersion:   Dev-Enterprise (9DFFBCD6-494F-0158-E221-12823C92A888): 4
LogDevObjectVersion:   Dev-Niagara (F2AED0AC-9AFE-416F-8664-AA7FFA26D6FC): 1
LogStreaming: Display: Took  0.281s to delete old logs.
LogInit: Presizing for max 8388607 objects, including 0 objects not considered by GC, pre-allocating 0 bytes for permanent pool.
LogInit: Object subsystem initialized
LogConfig: Setting CVar [[con.DebugEarlyDefault:1]]
LogConfig: Setting CVar [[r.setres:1280x720]]
[2019.04.16-14.26.57:387][  0]LogConfig: Setting CVar [[r.VSync:0]]
[2019.04.16-14.26.57:387][  0]LogConfig: Setting CVar [[r.RHICmdBypass:0]]
[2019.04.16-14.26.57:387][  0]LogConfig: Applying CVar settings from Section [/Script/Engine.RendererSettings] File [C:/Users/GENIUS/Documents/Unreal Projects/MultiRestore_Third/Multiplayer-1/Saved/Config/Windows/Engine.ini]
[2019.04.16-14.26.57:387][  0]LogConfig: Setting CVar [[r.GPUCrashDebugging:0]]
[2019.04.16-14.26.57:387][  0]LogConfig: Applying CVar settings from Section [/Script/Engine.RendererOverrideSettings] File [C:/Users/GENIUS/Documents/Unreal Projects/MultiRestore_Third/Multiplayer-1/Saved/Config/Windows/Engine.ini]
[2019.04.16-14.26.57:387][  0]LogConfig: Applying CVar settings from Section [/Script/Engine.StreamingSettings] File [C:/Users/GENIUS/Documents/Unreal Projects/MultiRestore_Third/Multiplayer-1/Saved/Config/Windows/Engine.ini]
[2019.04.16-14.26.57:387][  0]LogConfig: Setting CVar [[s.MinBulkDataSizeForAsyncLoading:131072]]
[2019.04.16-14.26.57:387][  0]LogConfig: Setting CVar [[s.AsyncLoadingThreadEnabled:0]]
[2019.04.16-14.26.57:387][  0]LogConfig: Setting CVar [[s.EventDrivenLoaderEnabled:1]]
[2019.04.16-14.26.57:387][  0]LogConfig: Setting CVar [[s.WarnIfTimeLimitExceeded:0]]
[2019.04.16-14.26.57:387][  0]LogConfig: Setting CVar [[s.TimeLimitExceededMultiplier:1.5]]
[2019.04.16-14.26.57:387][  0]LogConfig: Setting CVar [[s.TimeLimitExceededMinTime:0.005]]
[2019.04.16-14.26.57:387][  0]LogConfig: Setting CVar [[s.UseBackgroundLevelStreaming:1]]
[2019.04.16-14.26.57:387][  0]LogConfig: Setting CVar [[s.PriorityAsyncLoadingExtraTime:15.0]]
[2019.04.16-14.26.57:387][  0]LogConfig: Setting CVar [[s.LevelStreamingActorsUpdateTimeLimit:5.0]]
[2019.04.16-14.26.57:387][  0]LogConfig: Setting CVar [[s.PriorityLevelStreamingActorsUpdateExtraTime:5.0]]
[2019.04.16-14.26.57:387][  0]LogConfig: Setting CVar [[s.LevelStreamingComponentsRegistrationGranularity:10]]
[2019.04.16-14.26.57:387][  0]LogConfig: Setting CVar [[s.UnregisterComponentsTimeLimit:1.0]]
[2019.04.16-14.26.57:387][  0]LogConfig: Setting CVar [[s.LevelStreamingComponentsUnregistrationGranularity:5]]
[2019.04.16-14.26.57:388][  0]LogConfig: Applying CVar settings from Section [/Script/Engine.GarbageCollectionSettings] File [C:/Users/GENIUS/Documents/Unreal Projects/MultiRestore_Third/Multiplayer-1/Saved/Config/Windows/Engine.ini]
[2019.04.16-14.26.57:388][  0]LogConfig: Setting CVar [[gc.MaxObjectsNotConsideredByGC:1]]
[2019.04.16-14.26.57:388][  0]LogConfig: Setting CVar [[gc.SizeOfPermanentObjectPool:0]]
[2019.04.16-14.26.57:388][  0]LogConfig: Setting CVar [[gc.FlushStreamingOnGC:0]]
[2019.04.16-14.26.57:388][  0]LogConfig: Setting CVar [[gc.NumRetriesBeforeForcingGC:10]]
[2019.04.16-14.26.57:388][  0]LogConfig: Setting CVar [[gc.AllowParallelGC:1]]
[2019.04.16-14.26.57:388][  0]LogConfig: Setting CVar [[gc.TimeBetweenPurgingPendingKillObjects:61.1]]
[2019.04.16-14.26.57:388][  0]LogConfig: Setting CVar [[gc.MaxObjectsInEditor:8388607]]
[2019.04.16-14.26.57:388][  0]LogConfig: Setting CVar [[gc.IncrementalBeginDestroyEnabled:1]]
[2019.04.16-14.26.57:388][  0]LogConfig: Setting CVar [[gc.CreateGCClusters:1]]
[2019.04.16-14.26.57:388][  0]LogConfig: Setting CVar [[gc.MergeGCClusters:0]]
[2019.04.16-14.26.57:388][  0]LogConfig: Setting CVar [[gc.MinGCClusterSize:5]]
[2019.04.16-14.26.57:388][  0]LogConfig: Setting CVar [[gc.ActorClusteringEnabled:0]]
[2019.04.16-14.26.57:388][  0]LogConfig: Setting CVar [[gc.BlueprintClusteringEnabled:0]]
[2019.04.16-14.26.57:388][  0]LogConfig: Setting CVar [[gc.UseDisregardForGCOnDedicatedServers:0]]
[2019.04.16-14.26.57:388][  0]LogConfig: Applying CVar settings from Section [/Script/Engine.NetworkSettings] File [C:/Users/GENIUS/Documents/Unreal Projects/MultiRestore_Third/Multiplayer-1/Saved/Config/Windows/Engine.ini]
[2019.04.16-14.26.57:388][  0]LogConfig: Applying CVar settings from Section [/Script/UnrealEd.CookerSettings] File [C:/Users/GENIUS/Documents/Unreal Projects/MultiRestore_Third/Multiplayer-1/Saved/Config/Windows/Engine.ini]
[2019.04.16-14.26.57:392][  0]LogConfig: Applying CVar settings from Section [ViewDistanceQuality@3] File [C:/Users/GENIUS/Documents/Unreal Projects/MultiRestore_Third/Multiplayer-1/Saved/Config/Windows/Scalability.ini]
[2019.04.16-14.26.57:392][  0]LogConfig: Setting CVar [[r.SkeletalMeshLODBias:0]]
[2019.04.16-14.26.57:392][  0]LogConfig: Setting CVar [[r.ViewDistanceScale:1.0]]
[2019.04.16-14.26.57:392][  0]LogConfig: Applying CVar settings from Section [AntiAliasingQuality@3] File [C:/Users/GENIUS/Documents/Unreal Projects/MultiRestore_Third/Multiplayer-1/Saved/Config/Windows/Scalability.ini]
[2019.04.16-14.26.57:392][  0]LogConfig: Setting CVar [[r.PostProcessAAQuality:4]]
[2019.04.16-14.26.57:392][  0]LogConfig: Applying CVar settings from Section [ShadowQuality@3] File [C:/Users/GENIUS/Documents/Unreal Projects/MultiRestore_Third/Multiplayer-1/Saved/Config/Windows/Scalability.ini]
[2019.04.16-14.26.57:392][  0]LogConfig: Setting CVar [[r.LightFunctionQuality:1]]
[2019.04.16-14.26.57:392][  0]LogConfig: Setting CVar [[r.ShadowQuality:5]]
[2019.04.16-14.26.57:392][  0]LogConfig: Setting CVar [[r.Shadow.CSM.MaxCascades:10]]
[2019.04.16-14.26.57:392][  0]LogConfig: Setting CVar [[r.Shadow.MaxResolution:2048]]
[2019.04.16-14.26.57:392][  0]LogConfig: Setting CVar [[r.Shadow.MaxCSMResolution:2048]]
[2019.04.16-14.26.57:392][  0]LogConfig: Setting CVar [[r.Shadow.RadiusThreshold:0.01]]
[2019.04.16-14.26.57:392][  0]LogConfig: Setting CVar [[r.Shadow.DistanceScale:1.0]]
[2019.04.16-14.26.57:392][  0]LogConfig: Setting CVar [[r.Shadow.CSM.TransitionScale:1.0]]
[2019.04.16-14.26.57:392][  0]LogConfig: Setting CVar [[r.Shadow.PreShadowResolutionFactor:1.0]]
[2019.04.16-14.26.57:392][  0]LogConfig: Setting CVar [[r.DistanceFieldShadowing:1]]
[2019.04.16-14.26.57:392][  0]LogConfig: Setting CVar [[r.DistanceFieldAO:1]]
[2019.04.16-14.26.57:392][  0]LogConfig: Setting CVar [[r.AOQuality:2]]
[2019.04.16-14.26.57:392][  0]LogConfig: Setting CVar [[r.VolumetricFog:1]]
[2019.04.16-14.26.57:392][  0]LogConfig: Setting CVar [[r.VolumetricFog.GridPixelSize:8]]
[2019.04.16-14.26.57:392][  0]LogConfig: Setting CVar [[r.VolumetricFog.GridSizeZ:128]]
[2019.04.16-14.26.57:392][  0]LogConfig: Setting CVar [[r.VolumetricFog.HistoryMissSupersampleCount:4]]
[2019.04.16-14.26.57:393][  0]LogConfig: Setting CVar [[r.LightMaxDrawDistanceScale:1]]
[2019.04.16-14.26.57:393][  0]LogConfig: Setting CVar [[r.CapsuleShadows:1]]
[2019.04.16-14.26.57:393][  0]LogConfig: Applying CVar settings from Section [PostProcessQuality@3] File [C:/Users/GENIUS/Documents/Unreal Projects/MultiRestore_Third/Multiplayer-1/Saved/Config/Windows/Scalability.ini]
[2019.04.16-14.26.57:393][  0]LogConfig: Setting CVar [[r.MotionBlurQuality:4]]
[2019.04.16-14.26.57:393][  0]LogConfig: Setting CVar [[r.AmbientOcclusionMipLevelFactor:0.4]]
[2019.04.16-14.26.57:393][  0]LogConfig: Setting CVar [[r.AmbientOcclusionMaxQuality:100]]
[2019.04.16-14.26.57:393][  0]LogConfig: Setting CVar [[r.AmbientOcclusionLevels:-1]]
[2019.04.16-14.26.57:393][  0]LogConfig: Setting CVar [[r.AmbientOcclusionRadiusScale:1.0]]
[2019.04.16-14.26.57:393][  0]LogConfig: Setting CVar [[r.DepthOfFieldQuality:2]]
[2019.04.16-14.26.57:393][  0]LogConfig: Setting CVar [[r.RenderTargetPoolMin:400]]
[2019.04.16-14.26.57:393][  0]LogConfig: Setting CVar [[r.LensFlareQuality:2]]
[2019.04.16-14.26.57:393][  0]LogConfig: Setting CVar [[r.SceneColorFringeQuality:1]]
[2019.04.16-14.26.57:393][  0]LogConfig: Setting CVar [[r.EyeAdaptationQuality:2]]
[2019.04.16-14.26.57:393][  0]LogConfig: Setting CVar [[r.BloomQuality:5]]
[2019.04.16-14.26.57:393][  0]LogConfig: Setting CVar [[r.FastBlurThreshold:100]]
[2019.04.16-14.26.57:393][  0]LogConfig: Setting CVar [[r.Upscale.Quality:3]]
[2019.04.16-14.26.57:393][  0]LogConfig: Setting CVar [[r.Tonemapper.GrainQuantization:1]]
[2019.04.16-14.26.57:393][  0]LogConfig: Setting CVar [[r.LightShaftQuality:1]]
[2019.04.16-14.26.57:393][  0]LogConfig: Setting CVar [[r.Filter.SizeScale:1]]
[2019.04.16-14.26.57:393][  0]LogConfig: Setting CVar [[r.Tonemapper.Quality:5]]
[2019.04.16-14.26.57:393][  0]LogConfig: Setting CVar [[r.DOF.Gather.AccumulatorQuality:1        ; higher gathering accumulator quality]]
[2019.04.16-14.26.57:393][  0]LogConfig: Setting CVar [[r.DOF.Gather.PostfilterMethod:1          ; Median3x3 postfilering method]]
[2019.04.16-14.26.57:393][  0]LogConfig: Setting CVar [[r.DOF.Gather.EnableBokehSettings:0       ; no bokeh simulation when gathering]]
[2019.04.16-14.26.57:393][  0]LogConfig: Setting CVar [[r.DOF.Gather.RingCount:4                 ; medium number of samples when gathering]]
[2019.04.16-14.26.57:393][  0]LogConfig: Setting CVar [[r.DOF.Scatter.ForegroundCompositing:1    ; additive foreground scattering]]
[2019.04.16-14.26.57:393][  0]LogConfig: Setting CVar [[r.DOF.Scatter.BackgroundCompositing:2    ; additive background scattering]]
[2019.04.16-14.26.57:393][  0]LogConfig: Setting CVar [[r.DOF.Scatter.EnableBokehSettings:1      ; bokeh simulation when scattering]]
[2019.04.16-14.26.57:393][  0]LogConfig: Setting CVar [[r.DOF.Scatter.MaxSpriteRatio:0.1         ; only a maximum of 10% of scattered bokeh]]
[2019.04.16-14.26.57:393][  0]LogConfig: Setting CVar [[r.DOF.Recombine.Quality:1                ; cheap slight out of focus]]
[2019.04.16-14.26.57:393][  0]LogConfig: Setting CVar [[r.DOF.Recombine.EnableBokehSettings:0    ; no bokeh simulation on slight out of focus]]
[2019.04.16-14.26.57:393][  0]LogConfig: Setting CVar [[r.DOF.TemporalAAQuality:1                ; more stable temporal accumulation]]
[2019.04.16-14.26.57:393][  0]LogConfig: Setting CVar [[r.DOF.Kernel.MaxForegroundRadius:0.025]]
[2019.04.16-14.26.57:393][  0]LogConfig: Setting CVar [[r.DOF.Kernel.MaxBackgroundRadius:0.025]]
[2019.04.16-14.26.57:393][  0]LogConfig: Applying CVar settings from Section [TextureQuality@3] File [C:/Users/GENIUS/Documents/Unreal Projects/MultiRestore_Third/Multiplayer-1/Saved/Config/Windows/Scalability.ini]
[2019.04.16-14.26.57:393][  0]LogConfig: Setting CVar [[r.Streaming.MipBias:0]]
[2019.04.16-14.26.57:394][  0]LogConfig: Setting CVar [[r.Streaming.AmortizeCPUToGPUCopy:0]]
[2019.04.16-14.26.57:394][  0]LogConfig: Setting CVar [[r.Streaming.MaxNumTexturesToStreamPerFrame:0]]
[2019.04.16-14.26.57:394][  0]LogConfig: Setting CVar [[r.Streaming.Boost:1]]
[2019.04.16-14.26.57:394][  0]LogConfig: Setting CVar [[r.MaxAnisotropy:8]]
[2019.04.16-14.26.57:394][  0]LogConfig: Setting CVar [[r.Streaming.LimitPoolSizeToVRAM:0]]
[2019.04.16-14.26.57:394][  0]LogConfig: Setting CVar [[r.Streaming.PoolSize:1000]]
[2019.04.16-14.26.57:394][  0]LogConfig: Setting CVar [[r.Streaming.MaxEffectiveScreenSize:0]]
[2019.04.16-14.26.57:394][  0]LogConfig: Applying CVar settings from Section [EffectsQuality@3] File [C:/Users/GENIUS/Documents/Unreal Projects/MultiRestore_Third/Multiplayer-1/Saved/Config/Windows/Scalability.ini]
[2019.04.16-14.26.57:394][  0]LogConfig: Setting CVar [[r.TranslucencyLightingVolumeDim:64]]
[2019.04.16-14.26.57:394][  0]LogConfig: Setting CVar [[r.RefractionQuality:2]]
[2019.04.16-14.26.57:394][  0]LogConfig: Setting CVar [[r.SSR.Quality:3]]
[2019.04.16-14.26.57:394][  0]LogConfig: Setting CVar [[r.SceneColorFormat:4]]
[2019.04.16-14.26.57:394][  0]LogConfig: Setting CVar [[r.DetailMode:2]]
[2019.04.16-14.26.57:394][  0]LogConfig: Setting CVar [[r.TranslucencyVolumeBlur:1]]
[2019.04.16-14.26.57:394][  0]LogConfig: Setting CVar [[r.MaterialQualityLevel:1 ; High quality]]
[2019.04.16-14.26.57:394][  0]LogConfig: Setting CVar [[r.SSS.Scale:1]]
[2019.04.16-14.26.57:394][  0]LogConfig: Setting CVar [[r.SSS.SampleSet:2]]
[2019.04.16-14.26.57:394][  0]LogConfig: Setting CVar [[r.SSS.Quality:1]]
[2019.04.16-14.26.57:394][  0]LogConfig: Setting CVar [[r.SSS.HalfRes:1]]
[2019.04.16-14.26.57:394][  0]LogConfig: Setting CVar [[r.EmitterSpawnRateScale:1.0]]
[2019.04.16-14.26.57:394][  0]LogConfig: Setting CVar [[r.ParticleLightQuality:2]]
[2019.04.16-14.26.57:394][  0]LogConfig: Applying CVar settings from Section [FoliageQuality@3] File [C:/Users/GENIUS/Documents/Unreal Projects/MultiRestore_Third/Multiplayer-1/Saved/Config/Windows/Scalability.ini]
[2019.04.16-14.26.57:394][  0]LogConfig: Setting CVar [[foliage.DensityScale:1.0]]
[2019.04.16-14.26.57:394][  0]LogConfig: Setting CVar [[grass.DensityScale:1.0]]
[2019.04.16-14.26.57:394][  0]LogInit: Selected Device Profile: [Windows]
[2019.04.16-14.26.57:394][  0]LogInit: Applying CVar settings loaded from the selected device profile: [Windows]
[2019.04.16-14.26.57:545][  0]LogHAL: Display: Platform has ~ 4 GB [4123373568 / 4294967296 / 4], which maps to Smallest [LargestMinGB=32, LargerMinGB=12, DefaultMinGB=8, SmallerMinGB=6, SmallestMinGB=0)
[2019.04.16-14.26.57:545][  0]LogConfig: Setting CVar [[r.Vulkan.UseRealUBs:1]]
[2019.04.16-14.26.57:545][  0]LogInit: Going up to parent DeviceProfile []
[2019.04.16-14.26.57:545][  0]LogConfig: Applying CVar settings from Section [ViewDistanceQuality@3] File [C:/Users/GENIUS/Documents/Unreal Projects/MultiRestore_Third/Multiplayer-1/Saved/Config/Windows/Scalability.ini]
[2019.04.16-14.26.57:545][  0]LogConfig: Setting CVar [[r.SkeletalMeshLODBias:0]]
[2019.04.16-14.26.57:545][  0]LogConfig: Setting CVar [[r.ViewDistanceScale:1.0]]
[2019.04.16-14.26.57:545][  0]LogConfig: Applying CVar settings from Section [AntiAliasingQuality@3] File [C:/Users/GENIUS/Documents/Unreal Projects/MultiRestore_Third/Multiplayer-1/Saved/Config/Windows/Scalability.ini]
[2019.04.16-14.26.57:545][  0]LogConfig: Setting CVar [[r.PostProcessAAQuality:4]]
[2019.04.16-14.26.57:545][  0]LogConfig: Applying CVar settings from Section [ShadowQuality@3] File [C:/Users/GENIUS/Documents/Unreal Projects/MultiRestore_Third/Multiplayer-1/Saved/Config/Windows/Scalability.ini]
[2019.04.16-14.26.57:545][  0]LogConfig: Setting CVar [[r.LightFunctionQuality:1]]
[2019.04.16-14.26.57:545][  0]LogConfig: Setting CVar [[r.ShadowQuality:5]]
[2019.04.16-14.26.57:545][  0]LogConfig: Setting CVar [[r.Shadow.CSM.MaxCascades:10]]
[2019.04.16-14.26.57:545][  0]LogConfig: Setting CVar [[r.Shadow.MaxResolution:2048]]
[2019.04.16-14.26.57:545][  0]LogConfig: Setting CVar [[r.Shadow.MaxCSMResolution:2048]]
[2019.04.16-14.26.57:545][  0]LogConfig: Setting CVar [[r.Shadow.RadiusThreshold:0.01]]
[2019.04.16-14.26.57:545][  0]LogConfig: Setting CVar [[r.Shadow.DistanceScale:1.0]]
[2019.04.16-14.26.57:545][  0]LogConfig: Setting CVar [[r.Shadow.CSM.TransitionScale:1.0]]
[2019.04.16-14.26.57:545][  0]LogConfig: Setting CVar [[r.Shadow.PreShadowResolutionFactor:1.0]]
[2019.04.16-14.26.57:545][  0]LogConfig: Setting CVar [[r.DistanceFieldShadowing:1]]
[2019.04.16-14.26.57:545][  0]LogConfig: Setting CVar [[r.DistanceFieldAO:1]]
[2019.04.16-14.26.57:545][  0]LogConfig: Setting CVar [[r.AOQuality:2]]
[2019.04.16-14.26.57:545][  0]LogConfig: Setting CVar [[r.VolumetricFog:1]]
[2019.04.16-14.26.57:545][  0]LogConfig: Setting CVar [[r.VolumetricFog.GridPixelSize:8]]
[2019.04.16-14.26.57:545][  0]LogConfig: Setting CVar [[r.VolumetricFog.GridSizeZ:128]]
[2019.04.16-14.26.57:545][  0]LogConfig: Setting CVar [[r.VolumetricFog.HistoryMissSupersampleCount:4]]
[2019.04.16-14.26.57:545][  0]LogConfig: Setting CVar [[r.LightMaxDrawDistanceScale:1]]
[2019.04.16-14.26.57:545][  0]LogConfig: Setting CVar [[r.CapsuleShadows:1]]
[2019.04.16-14.26.57:545][  0]LogConfig: Applying CVar settings from Section [PostProcessQuality@3] File [C:/Users/GENIUS/Documents/Unreal Projects/MultiRestore_Third/Multiplayer-1/Saved/Config/Windows/Scalability.ini]
[2019.04.16-14.26.57:545][  0]LogConfig: Setting CVar [[r.MotionBlurQuality:4]]
[2019.04.16-14.26.57:546][  0]LogConfig: Setting CVar [[r.AmbientOcclusionMipLevelFactor:0.4]]
[2019.04.16-14.26.57:546][  0]LogConfig: Setting CVar [[r.AmbientOcclusionMaxQuality:100]]
[2019.04.16-14.26.57:546][  0]LogConfig: Setting CVar [[r.AmbientOcclusionLevels:-1]]
[2019.04.16-14.26.57:546][  0]LogConfig: Setting CVar [[r.AmbientOcclusionRadiusScale:1.0]]
[2019.04.16-14.26.57:546][  0]LogConfig: Setting CVar [[r.DepthOfFieldQuality:2]]
[2019.04.16-14.26.57:546][  0]LogConfig: Setting CVar [[r.RenderTargetPoolMin:400]]
[2019.04.16-14.26.57:546][  0]LogConfig: Setting CVar [[r.LensFlareQuality:2]]
[2019.04.16-14.26.57:546][  0]LogConfig: Setting CVar [[r.SceneColorFringeQuality:1]]
[2019.04.16-14.26.57:546][  0]LogConfig: Setting CVar [[r.EyeAdaptationQuality:2]]
[2019.04.16-14.26.57:546][  0]LogConfig: Setting CVar [[r.BloomQuality:5]]
[2019.04.16-14.26.57:546][  0]LogConfig: Setting CVar [[r.FastBlurThreshold:100]]
[2019.04.16-14.26.57:546][  0]LogConfig: Setting CVar [[r.Upscale.Quality:3]]
[2019.04.16-14.26.57:546][  0]LogConfig: Setting CVar [[r.Tonemapper.GrainQuantization:1]]
[2019.04.16-14.26.57:546][  0]LogConfig: Setting CVar [[r.LightShaftQuality:1]]
[2019.04.16-14.26.57:546][  0]LogConfig: Setting CVar [[r.Filter.SizeScale:1]]
[2019.04.16-14.26.57:546][  0]LogConfig: Setting CVar [[r.Tonemapper.Quality:5]]
[2019.04.16-14.26.57:546][  0]LogConfig: Setting CVar [[r.DOF.Gather.AccumulatorQuality:1        ; higher gathering accumulator quality]]
[2019.04.16-14.26.57:546][  0]LogConfig: Setting CVar [[r.DOF.Gather.PostfilterMethod:1          ; Median3x3 postfilering method]]
[2019.04.16-14.26.57:546][  0]LogConfig: Setting CVar [[r.DOF.Gather.EnableBokehSettings:0       ; no bokeh simulation when gathering]]
[2019.04.16-14.26.57:546][  0]LogConfig: Setting CVar [[r.DOF.Gather.RingCount:4                 ; medium number of samples when gathering]]
[2019.04.16-14.26.57:546][  0]LogConfig: Setting CVar [[r.DOF.Scatter.ForegroundCompositing:1    ; additive foreground scattering]]
[2019.04.16-14.26.57:546][  0]LogConfig: Setting CVar [[r.DOF.Scatter.BackgroundCompositing:2    ; additive background scattering]]
[2019.04.16-14.26.57:546][  0]LogConfig: Setting CVar [[r.DOF.Scatter.EnableBokehSettings:1      ; bokeh simulation when scattering]]
[2019.04.16-14.26.57:546][  0]LogConfig: Setting CVar [[r.DOF.Scatter.MaxSpriteRatio:0.1         ; only a maximum of 10% of scattered bokeh]]
[2019.04.16-14.26.57:546][  0]LogConfig: Setting CVar [[r.DOF.Recombine.Quality:1                ; cheap slight out of focus]]
[2019.04.16-14.26.57:546][  0]LogConfig: Setting CVar [[r.DOF.Recombine.EnableBokehSettings:0    ; no bokeh simulation on slight out of focus]]
[2019.04.16-14.26.57:546][  0]LogConfig: Setting CVar [[r.DOF.TemporalAAQuality:1                ; more stable temporal accumulation]]
[2019.04.16-14.26.57:546][  0]LogConfig: Setting CVar [[r.DOF.Kernel.MaxForegroundRadius:0.025]]
[2019.04.16-14.26.57:546][  0]LogConfig: Setting CVar [[r.DOF.Kernel.MaxBackgroundRadius:0.025]]
[2019.04.16-14.26.57:546][  0]LogConfig: Applying CVar settings from Section [TextureQuality@3] File [C:/Users/GENIUS/Documents/Unreal Projects/MultiRestore_Third/Multiplayer-1/Saved/Config/Windows/Scalability.ini]
[2019.04.16-14.26.57:546][  0]LogConfig: Setting CVar [[r.Streaming.MipBias:0]]
[2019.04.16-14.26.57:546][  0]LogConfig: Setting CVar [[r.Streaming.AmortizeCPUToGPUCopy:0]]
[2019.04.16-14.26.57:546][  0]LogConfig: Setting CVar [[r.Streaming.MaxNumTexturesToStreamPerFrame:0]]
[2019.04.16-14.26.57:546][  0]LogConfig: Setting CVar [[r.Streaming.Boost:1]]
[2019.04.16-14.26.57:546][  0]LogConfig: Setting CVar [[r.MaxAnisotropy:8]]
[2019.04.16-14.26.57:546][  0]LogConfig: Setting CVar [[r.Streaming.LimitPoolSizeToVRAM:0]]
[2019.04.16-14.26.57:546][  0]LogConfig: Setting CVar [[r.Streaming.PoolSize:1000]]
[2019.04.16-14.26.57:546][  0]LogConfig: Setting CVar [[r.Streaming.MaxEffectiveScreenSize:0]]
[2019.04.16-14.26.57:546][  0]LogConfig: Applying CVar settings from Section [EffectsQuality@3] File [C:/Users/GENIUS/Documents/Unreal Projects/MultiRestore_Third/Multiplayer-1/Saved/Config/Windows/Scalability.ini]
[2019.04.16-14.26.57:547][  0]LogConfig: Setting CVar [[r.TranslucencyLightingVolumeDim:64]]
[2019.04.16-14.26.57:547][  0]LogConfig: Setting CVar [[r.RefractionQuality:2]]
[2019.04.16-14.26.57:547][  0]LogConfig: Setting CVar [[r.SSR.Quality:3]]
[2019.04.16-14.26.57:547][  0]LogConfig: Setting CVar [[r.SceneColorFormat:4]]
[2019.04.16-14.26.57:547][  0]LogConfig: Setting CVar [[r.DetailMode:2]]
[2019.04.16-14.26.57:547][  0]LogConfig: Setting CVar [[r.TranslucencyVolumeBlur:1]]
[2019.04.16-14.26.57:547][  0]LogConfig: Setting CVar [[r.MaterialQualityLevel:1 ; High quality]]
[2019.04.16-14.26.57:547][  0]LogConfig: Setting CVar [[r.SSS.Scale:1]]
[2019.04.16-14.26.57:547][  0]LogConfig: Setting CVar [[r.SSS.SampleSet:2]]
[2019.04.16-14.26.57:547][  0]LogConfig: Setting CVar [[r.SSS.Quality:1]]
[2019.04.16-14.26.57:547][  0]LogConfig: Setting CVar [[r.SSS.HalfRes:1]]
[2019.04.16-14.26.57:547][  0]LogConfig: Setting CVar [[r.EmitterSpawnRateScale:1.0]]
[2019.04.16-14.26.57:547][  0]LogConfig: Setting CVar [[r.ParticleLightQuality:2]]
[2019.04.16-14.26.57:547][  0]LogConfig: Applying CVar settings from Section [FoliageQuality@3] File [C:/Users/GENIUS/Documents/Unreal Projects/MultiRestore_Third/Multiplayer-1/Saved/Config/Windows/Scalability.ini]
[2019.04.16-14.26.57:547][  0]LogConfig: Setting CVar [[foliage.DensityScale:1.0]]
[2019.04.16-14.26.57:547][  0]LogConfig: Setting CVar [[grass.DensityScale:1.0]]
[2019.04.16-14.26.57:547][  0]LogConfig: Applying CVar settings from Section [Startup] File [../../../Engine/Config/ConsoleVariables.ini]
[2019.04.16-14.26.57:547][  0]LogConfig: Setting CVar [[net.UseAdaptiveNetUpdateFrequency:0]]
[2019.04.16-14.26.57:547][  0]LogConfig: Applying CVar settings from Section [ConsoleVariables] File [C:/Users/GENIUS/Documents/Unreal Projects/MultiRestore_Third/Multiplayer-1/Saved/Config/Windows/Engine.ini]
[2019.04.16-14.26.57:547][  0]LogInit: Computer: DESKTOP-074QD8U
[2019.04.16-14.26.57:547][  0]LogInit: User: GENIUS
[2019.04.16-14.26.57:547][  0]LogInit: CPU Page size=4096, Cores=2
[2019.04.16-14.26.57:547][  0]LogInit: High frequency timer resolution =10.000000 MHz
[2019.04.16-14.26.57:548][  0]LogMemory: Memory total: Physical=3.8GB (4GB approx)
[2019.04.16-14.26.57:548][  0]LogMemory: Platform Memory Stats for Windows
[2019.04.16-14.26.57:548][  0]LogMemory: Process Physical Memory: 103.07 MB used, 103.08 MB peak
[2019.04.16-14.26.57:548][  0]LogMemory: Process Virtual Memory: 84.46 MB used, 84.46 MB peak
[2019.04.16-14.26.57:548][  0]LogMemory: Physical Memory: 1606.78 MB used,  2325.58 MB free, 3932.36 MB total
[2019.04.16-14.26.57:548][  0]LogMemory: Virtual Memory: 4622.66 MB used,  134213104.00 MB free, 134217728.00 MB total
[2019.04.16-14.26.57:573][  0]LogInit: Using OS detected language (ru-RU).
[2019.04.16-14.26.57:573][  0]LogInit: Using OS detected locale (ru-RU).
[2019.04.16-14.26.57:575][  0]LogTextLocalizationManager: No specific localization for 'ru-RU' exists, so the 'ru' localization will be used.
[2019.04.16-14.26.57:578][  0]LogStreaming: Display: Took  0.005s to InitEngineTextLocalization.
[2019.04.16-14.26.57:578][  0]LogInit: Setting process to per monitor DPI aware
[2019.04.16-14.26.57:613][  0]LogSlate: New Slate User Created.  User Index 0, Is Virtual User: 0
[2019.04.16-14.26.57:613][  0]LogSlate: Slate User Registered.  User Index 0, Is Virtual User: 0
[2019.04.16-14.26.57:955][  0]LogHMD: Failed to initialize OpenVR with code 110
[2019.04.16-14.26.57:955][  0]LogD3D11RHI: D3D11 adapters:
[2019.04.16-14.26.58:377][  0]LogD3D11RHI:    0. 'NVIDIA GeForce GT 620M' (Feature Level 11_0)
[2019.04.16-14.26.58:377][  0]LogD3D11RHI:       978/0/1966 MB DedicatedVideo/DedicatedSystem/SharedSystem, Outputs:1, VendorId:0x10de
[2019.04.16-14.26.58:417][  0]LogD3D11RHI:    1. 'NVIDIA GeForce GT 620M' (Feature Level 11_0)
[2019.04.16-14.26.58:417][  0]LogD3D11RHI:       978/0/1966 MB DedicatedVideo/DedicatedSystem/SharedSystem, Outputs:0, VendorId:0x10de
[2019.04.16-14.26.58:426][  0]LogD3D11RHI:    2. 'Microsoft Basic Render Driver' (Feature Level 11_0)
[2019.04.16-14.26.58:426][  0]LogD3D11RHI:       978/0/1966 MB DedicatedVideo/DedicatedSystem/SharedSystem, Outputs:0, VendorId:0x1414
[2019.04.16-14.26.58:426][  0]LogD3D11RHI: Chosen D3D11 Adapter: 0
[2019.04.16-14.26.58:442][  0]LogD3D11RHI: Creating new Direct3DDevice
[2019.04.16-14.26.58:442][  0]LogD3D11RHI:     GPU DeviceId: 0x1140 (for the marketing name, search the web for "GPU Device Id")
[2019.04.16-14.26.58:443][  0]LogWindows: EnumDisplayDevices:
[2019.04.16-14.26.58:443][  0]LogWindows:    0. 'Intel(R) HD Graphics' (P:1 D:1)
[2019.04.16-14.26.58:443][  0]LogWindows:    1. 'Intel(R) HD Graphics' (P:0 D:0)
[2019.04.16-14.26.58:444][  0]LogWindows:    2. 'NVIDIA GeForce GT 620M' (P:0 D:0)
[2019.04.16-14.26.58:444][  0]LogWindows: DebugString: PrimaryIsNotTheChoosenAdapter PrimaryIsNotTheChoosenAdapter 
[2019.04.16-14.26.58:444][  0]LogD3D11RHI:     Adapter Name: NVIDIA GeForce GT 620M
[2019.04.16-14.26.58:445][  0]LogD3D11RHI:   Driver Version: 376.54 (internal:21.21.13.7654, unified:376.54)
[2019.04.16-14.26.58:445][  0]LogD3D11RHI:      Driver Date: 12-29-2016
[2019.04.16-14.26.58:445][  0]LogRHI: Texture pool is 685 MB (70% of 978 MB)
[2019.04.16-14.26.58:592][  0]LogD3D11RHI: Display: Timestamp queries are currently disabled on this hardware due to instability. Realtime GPU stats will not be available. You can override this behaviour by setting r.NVIDIATimestampWorkaround to 0
[2019.04.16-14.26.58:592][  0]LogD3D11RHI: Async texture creation enabled
[2019.04.16-14.26.58:611][  0]LogD3D11RHI: GPU Timing Frequency: 1000.000000 (Debug: 2 1)
[2019.04.16-14.26.59:121][  0]LogTemp: Display: Loaded TP AllDesktopTargetPlatform
[2019.04.16-14.26.59:146][  0]LogTemp: Display: Loaded TP MacClientTargetPlatform
[2019.04.16-14.26.59:172][  0]LogTemp: Display: Loaded TP MacNoEditorTargetPlatform
[2019.04.16-14.26.59:197][  0]LogTemp: Display: Loaded TP MacServerTargetPlatform
[2019.04.16-14.26.59:221][  0]LogTemp: Display: Loaded TP MacTargetPlatform
[2019.04.16-14.26.59:246][  0]LogTemp: Display: Loaded TP WindowsClientTargetPlatform
[2019.04.16-14.26.59:272][  0]LogTemp: Display: Loaded TP WindowsNoEditorTargetPlatform
[2019.04.16-14.26.59:297][  0]LogTemp: Display: Loaded TP WindowsServerTargetPlatform
[2019.04.16-14.26.59:309][  0]LogTemp: Display: Loaded TP WindowsTargetPlatform
[2019.04.16-14.26.59:451][  0]LogTemp: Display: Loaded TP AndroidTargetPlatform
[2019.04.16-14.26.59:451][  0]LogTemp: Display: Loaded TP AndroidTargetPlatform
[2019.04.16-14.26.59:451][  0]LogTemp: Display: Loaded TP AndroidTargetPlatform
[2019.04.16-14.26.59:451][  0]LogTemp: Display: Loaded TP AndroidTargetPlatform
[2019.04.16-14.26.59:451][  0]LogTemp: Display: Loaded TP AndroidTargetPlatform
[2019.04.16-14.26.59:451][  0]LogTemp: Display: Loaded TP AndroidTargetPlatform
[2019.04.16-14.26.59:451][  0]LogTemp: Display: Loaded TP AndroidTargetPlatform
[2019.04.16-14.26.59:451][  0]LogTemp: Display: Loaded TP AndroidTargetPlatform
[2019.04.16-14.26.59:451][  0]LogTemp: Display: Loaded TP AndroidTargetPlatform
[2019.04.16-14.26.59:451][  0]LogTemp: Display: Loaded TP AndroidTargetPlatform
[2019.04.16-14.26.59:451][  0]LogTemp: Display: Loaded TP AndroidTargetPlatform
[2019.04.16-14.26.59:451][  0]LogTemp: Display: Loaded TP AndroidTargetPlatform
[2019.04.16-14.26.59:451][  0]LogTemp: Display: Loaded TP AndroidTargetPlatform
[2019.04.16-14.26.59:451][  0]LogTemp: Display: Loaded TP AndroidTargetPlatform
[2019.04.16-14.26.59:451][  0]LogTemp: Display: Loaded TP AndroidTargetPlatform
[2019.04.16-14.26.59:451][  0]LogTemp: Display: Loaded TP AndroidTargetPlatform
[2019.04.16-14.26.59:451][  0]LogTemp: Display: Loaded TP AndroidTargetPlatform
[2019.04.16-14.26.59:451][  0]LogTemp: Display: Loaded TP AndroidTargetPlatform
[2019.04.16-14.26.59:453][  0]LogTemp: Display: Loaded TP HTML5TargetPlatform
[2019.04.16-14.26.59:535][  0]LogTemp: Display: Loaded TP IOSTargetPlatform
[2019.04.16-14.26.59:535][  0]LogTemp: Display: Loaded TP IOSTargetPlatform
[2019.04.16-14.26.59:576][  0]LogTemp: Display: Loaded TP TVOSTargetPlatform
[2019.04.16-14.26.59:576][  0]LogTemp: Display: Loaded TP TVOSTargetPlatform
[2019.04.16-14.26.59:598][  0]LogTemp: Display: Loaded TP LinuxClientTargetPlatform
[2019.04.16-14.26.59:620][  0]LogTemp: Display: Loaded TP LinuxNoEditorTargetPlatform
[2019.04.16-14.26.59:641][  0]LogTemp: Display: Loaded TP LinuxServerTargetPlatform
[2019.04.16-14.26.59:664][  0]LogTemp: Display: Loaded TP LinuxTargetPlatform
[2019.04.16-14.26.59:742][  0]LogTemp: Display: Loaded TP LuminTargetPlatform
[2019.04.16-14.26.59:742][  0]LogTemp: Display: Loaded TP LuminTargetPlatform
[2019.04.16-14.26.59:742][  0]LogTargetPlatformManager: Display: Building Assets For Windows
[2019.04.16-14.26.59:843][  0]LogShaderCompilers: Guid format shader working directory is -27 characters bigger than the processId version (C:/Users/GENIUS/Documents/Unreal Projects/MultiRestore_Third/Multiplayer-1/Intermediate/Shaders/WorkingDirectory/2940/).
[2019.04.16-14.26.59:843][  0]LogShaderCompilers: Cleaned the shader compiler working directory 'C:/Users/GENIUS/AppData/Local/Temp/UnrealShaderWorkingDir/1208B88C49764157BB8A6E9275270147/'.
[2019.04.16-14.26.59:847][  0]LogXGEController: Cannot use XGE Controller as Incredibuild is not installed on this machine.
[2019.04.16-14.26.59:847][  0]LogShaderCompilers: Cannot use XGE Shader Compiler as Incredibuild is not installed on this machine.
[2019.04.16-14.26.59:848][  0]LogShaderCompilers: Display: Using Local Shader Compiler.
[2019.04.16-14.27.00:851][  0]LogDerivedDataCache: Display: Max Cache Size: 512 MB
[2019.04.16-14.27.00:973][  0]LogDerivedDataCache: Loaded boot cache 0.12s 71MB C:/Users/GENIUS/AppData/Local/UnrealEngine/4.21/DerivedDataCache/Boot.ddc.
[2019.04.16-14.27.00:973][  0]LogDerivedDataCache: Display: Loaded Boot cache: C:/Users/GENIUS/AppData/Local/UnrealEngine/4.21/DerivedDataCache/Boot.ddc
[2019.04.16-14.27.00:973][  0]LogDerivedDataCache: FDerivedDataBackendGraph:  Pak pak cache file C:/Users/GENIUS/Documents/Unreal Projects/MultiRestore_Third/Multiplayer-1/DerivedDataCache/DDC.ddp not found, will not use a pak cache.
[2019.04.16-14.27.00:973][  0]LogDerivedDataCache: Unable to find inner node Pak for hierarchical cache Hierarchy.
[2019.04.16-14.27.00:973][  0]LogDerivedDataCache: FDerivedDataBackendGraph:  CompressedPak pak cache file C:/Users/GENIUS/Documents/Unreal Projects/MultiRestore_Third/Multiplayer-1/DerivedDataCache/Compressed.ddp not found, will not use a pak cache.
[2019.04.16-14.27.00:973][  0]LogDerivedDataCache: Unable to find inner node CompressedPak for hierarchical cache Hierarchy.
[2019.04.16-14.27.01:002][  0]LogDerivedDataCache: Display: Pak cache opened for reading ../../../Engine/DerivedDataCache/Compressed.ddp.
[2019.04.16-14.27.01:009][  0]LogDerivedDataCache: Display: Pak cache opened for reading ../../../Enterprise/DerivedDataCache/Compressed.ddp.
[2019.04.16-14.27.01:022][  0]LogDerivedDataCache: Using Local data cache path C:/Users/GENIUS/AppData/Local/UnrealEngine/Common/DerivedDataCache: Writable
[2019.04.16-14.27.01:022][  0]LogDerivedDataCache: Shared data cache path not found in *engine.ini, will not use an Shared cache.
[2019.04.16-14.27.01:022][  0]LogDerivedDataCache: Unable to find inner node Shared for hierarchical cache Hierarchy.
[2019.04.16-14.27.01:064][  0]LogMaterial: Verifying Global Shaders for PCD3D_SM5
[2019.04.16-14.27.01:066][  0]LogSlate: Using FreeType 2.6.0
[2019.04.16-14.27.01:067][  0]LogSlate: SlateFontServices - WITH_FREETYPE: 1, WITH_HARFBUZZ: 1
[2019.04.16-14.27.01:201][  0]LogAssetRegistry: FAssetRegistry took 0.0439 seconds to start up
[2019.04.16-14.27.01:823][  0]LogInit: Selected Device Profile: [Windows]
[2019.04.16-14.27.02:104][  0]LogSimplygon: Simplygon DLL not present - disabling.
[2019.04.16-14.27.02:110][  0]LogMeshReduction: Using SimplygonSwarm for distributed automatic mesh merging
[2019.04.16-14.27.02:110][  0]LogMeshReduction: Using ProxyLODMeshReduction for automatic mesh merging
[2019.04.16-14.27.02:110][  0]LogMeshReduction: Using QuadricMeshReduction for automatic static mesh reduction
[2019.04.16-14.27.02:110][  0]LogMeshReduction: No automatic skeletal mesh reduction module available
[2019.04.16-14.27.02:134][  0]LogNetVersion: MultiRestore_Third 1.0.0, NetCL: 4541578, EngineNetVer: 5, GameNetVer: 0 (Checksum: 941349476)
[2019.04.16-14.27.03:502][  0]LogPackageLocalizationCache: Processed 14 localized package path(s) for 2 prioritized culture(s) in 0.460718 seconds
[2019.04.16-14.27.03:514][  0]LogUObjectArray: 39775 objects as part of root set at end of initial load.
[2019.04.16-14.27.03:514][  0]LogUObjectAllocator: 6914656 out of 0 bytes used by permanent object pool.
[2019.04.16-14.27.03:514][  0]LogUObjectArray: CloseDisregardForGC: 0/0 objects in disregard for GC pool
[2019.04.16-14.27.04:964][  0]LogTcpMessaging: Initializing TcpMessaging bridge
[2019.04.16-14.27.04:979][  0]LogUdpMessaging: Initializing bridge on interface 0.0.0.0:0 to multicast group 230.0.0.1:6666.
[2019.04.16-14.27.06:065][  0]SourceControl: Source control is disabled
[2019.04.16-14.27.06:066][  0]SourceControl: Source control is disabled
[2019.04.16-14.27.06:068][  0]SourceControl: Source control is disabled
[2019.04.16-14.27.06:069][  0]SourceControl: Source control is disabled
[2019.04.16-14.27.06:410][  0]LogAndroidPermission: UAndroidPermissionCallbackProxy::GetInstance
[2019.04.16-14.27.06:490][  0]LogOcInput: OculusInput pre-init called
[2019.04.16-14.27.11:520][  0]LogEngine: Initializing Engine...
[2019.04.16-14.27.11:522][  0]LogHMD: Failed to initialize OpenVR with code 110
[2019.04.16-14.27.11:524][  0]LogStats: UGameplayTagsManager::ConstructGameplayTagTree: ImportINI prefixes -  0.000 s
[2019.04.16-14.27.11:524][  0]LogStats: UGameplayTagsManager::ConstructGameplayTagTree: Construct from data asset -  0.000 s
[2019.04.16-14.27.11:524][  0]LogStats: UGameplayTagsManager::ConstructGameplayTagTree: ImportINI -  0.000 s
[2019.04.16-14.27.11:524][  0]LogStats: UGameplayTagsManager::ConstructGameplayTagTree: GameplayTagTreeChangedEvent.Broadcast -  0.000 s
[2019.04.16-14.27.11:946][  0]LogInit: Initializing FReadOnlyCVARCache
[2019.04.16-14.27.11:972][  0]LogAIModule: Creating AISystem for world Untitled
[2019.04.16-14.27.11:997][  0]LogInit: XAudio2 using 'Динамики (2- Устройство с поддержкой High Definition Audio)' : 2 channels at 44.1 kHz using 16 bits per sample (channel mask 0x3)
[2019.04.16-14.27.12:039][  0]LogInit: FAudioDevice initialized.
[2019.04.16-14.27.12:040][  0]LogNetVersion: Set ProjectVersion to 1.0.0.0. Version Checksum will be recalculated on next use.
[2019.04.16-14.27.12:343][  0]LogDerivedDataCache: Saved boot cache 0.30s 71MB C:/Users/GENIUS/AppData/Local/UnrealEngine/4.21/DerivedDataCache/Boot.ddc.
[2019.04.16-14.27.12:351][  0]LogInit: Texture streaming: Enabled
[2019.04.16-14.27.12:381][  0]LogEngineSessionManager: EngineSessionManager initialized
[2019.04.16-14.27.12:420][  0]LogInit: Transaction tracking system initialized
[2019.04.16-14.27.12:465][  0]BlueprintLog: New page: Editor Load
[2019.04.16-14.27.12:624][  0]LocalizationService: Localization service is disabled
[2019.04.16-14.27.13:900][  0]LogFileCache: Scanning file cache for directory 'C:/Users/GENIUS/Documents/Unreal Projects/MultiRestore_Third/Multiplayer-1/Content/' took 0.04s
[2019.04.16-14.27.13:900][  0]LogCook: Display: Max memory allowance for cook 16384mb min free memory 0mb
[2019.04.16-14.27.13:900][  0]LogCook: Display: Mobile HDR setting 1
[2019.04.16-14.27.13:900][  0]LogGameplayTags: Display: UGameplayTagsManager::DoneAddingNativeTags. DelegateIsBound: 0
[2019.04.16-14.27.13:900][  0]LogStats: UGameplayTagsManager::ConstructGameplayTagTree: ImportINI prefixes -  0.000 s
[2019.04.16-14.27.13:900][  0]LogStats: UGameplayTagsManager::ConstructGameplayTagTree: Construct from data asset -  0.000 s
[2019.04.16-14.27.13:900][  0]LogStats: UGameplayTagsManager::ConstructGameplayTagTree: ImportINI -  0.000 s
[2019.04.16-14.27.13:900][  0]LogStats: UGameplayTagsManager::ConstructGameplayTagTree: GameplayTagTreeChangedEvent.Broadcast -  0.000 s
[2019.04.16-14.27.16:543][  0]SourceControl: Source control is disabled
[2019.04.16-14.27.16:544][  0]Cmd: MAP LOAD FILE="C:/Users/GENIUS/Documents/Unreal Projects/MultiRestore_Third/Multiplayer-1/Content/ThirdPersonBP/Maps/ThirdPersonExampleMap.umap" TEMPLATE=0 SHOWPROGRESS=1 FEATURELEVEL=3
[2019.04.16-14.27.16:544][  0]LogEditorServer: Warning: Can't find file 'C:/Users/GENIUS/Documents/Unreal Projects/MultiRestore_Third/Multiplayer-1/Content/ThirdPersonBP/Maps/ThirdPersonExampleMap.umap'
[2019.04.16-14.27.16:544][  0]Cmd: MAP CHECKDEP NOCLEARLOG
[2019.04.16-14.27.16:544][  0]MapCheck: Map check complete: 0 Error(s), 0 Warning(s), took 0,264ms to complete.
[2019.04.16-14.27.16:545][  0]LogFileHelpers: Loading map 'ThirdPersonExampleMap' took 0.001
[2019.04.16-14.27.17:373][  0]LogSlate: Updating window title bar state: overlay mode, drag disabled, window buttons hidden, title bar hidden
[2019.04.16-14.27.17:401][  0]LogSlate: Updating window title bar state: overlay mode, drag disabled, window buttons hidden, title bar hidden
[2019.04.16-14.27.17:415][  0]LogSlate: Updating window title bar state: overlay mode, drag disabled, window buttons hidden, title bar hidden
[2019.04.16-14.27.17:428][  0]LogSlate: Updating window title bar state: overlay mode, drag disabled, window buttons hidden, title bar hidden
[2019.04.16-14.27.17:528][  0]LogCollectionManager: Loaded 0 collections in 0.003568 seconds
[2019.04.16-14.27.17:717][  0]LogFileCache: Scanning file cache for directory 'C:/Users/GENIUS/Documents/Unreal Projects/MultiRestore_Third/Multiplayer-1/Saved/Collections/' took 0.01s
[2019.04.16-14.27.17:717][  0]LogFileCache: Scanning file cache for directory 'C:/Users/GENIUS/Documents/Unreal Projects/MultiRestore_Third/Multiplayer-1/Content/Developers/GENIUS/Collections/' took 0.00s
[2019.04.16-14.27.17:717][  0]LogFileCache: Scanning file cache for directory 'C:/Users/GENIUS/Documents/Unreal Projects/MultiRestore_Third/Multiplayer-1/Content/Collections/' took 0.00s
[2019.04.16-14.27.17:717][  0]LogCollectionManager: Rebuilt the GUID cache for 0 collections in 0.000001 seconds
[2019.04.16-14.27.17:742][  0]LogContentBrowser: Native class hierarchy populated in 0.0176 seconds. Added 2709 classes and 653 folders.
[2019.04.16-14.27.17:868][  0]LogContentBrowser: Native class hierarchy updated for 'WidgetCarousel' in 0.0005 seconds. Added 0 classes and 0 folders.
[2019.04.16-14.27.17:886][  0]LogPakFile: Registered encryption key '00000000000000000000000000000000': 0 pak files mounted, 0 remain pending
[2019.04.16-14.27.17:906][  0]LogPakFile: Registered encryption key '00000000000000000000000000000000': 0 pak files mounted, 0 remain pending
[2019.04.16-14.27.17:908][  0]LogPakFile: Registered encryption key '00000000000000000000000000000000': 0 pak files mounted, 0 remain pending
[2019.04.16-14.27.17:924][  0]LogPakFile: Registered encryption key '00000000000000000000000000000000': 0 pak files mounted, 0 remain pending
[2019.04.16-14.27.17:926][  0]LogPakFile: Registered encryption key '00000000000000000000000000000000': 0 pak files mounted, 0 remain pending
[2019.04.16-14.27.17:928][  0]LogPakFile: Registered encryption key '00000000000000000000000000000000': 0 pak files mounted, 0 remain pending
[2019.04.16-14.27.17:931][  0]LogPakFile: Registered encryption key '00000000000000000000000000000000': 0 pak files mounted, 0 remain pending
[2019.04.16-14.27.17:933][  0]LogPakFile: Registered encryption key '00000000000000000000000000000000': 0 pak files mounted, 0 remain pending
[2019.04.16-14.27.17:945][  0]LogPakFile: Registered encryption key '00000000000000000000000000000000': 0 pak files mounted, 0 remain pending
[2019.04.16-14.27.17:947][  0]LogPakFile: Registered encryption key '00000000000000000000000000000000': 0 pak files mounted, 0 remain pending
[2019.04.16-14.27.17:949][  0]LogPakFile: Registered encryption key '00000000000000000000000000000000': 0 pak files mounted, 0 remain pending
[2019.04.16-14.27.17:951][  0]LogPakFile: Registered encryption key '00000000000000000000000000000000': 0 pak files mounted, 0 remain pending
[2019.04.16-14.27.17:953][  0]LogPakFile: Registered encryption key '00000000000000000000000000000000': 0 pak files mounted, 0 remain pending
[2019.04.16-14.27.17:955][  0]LogPakFile: Registered encryption key '00000000000000000000000000000000': 0 pak files mounted, 0 remain pending
[2019.04.16-14.27.17:957][  0]LogPakFile: Registered encryption key '00000000000000000000000000000000': 0 pak files mounted, 0 remain pending
[2019.04.16-14.27.17:959][  0]LogPakFile: Registered encryption key '00000000000000000000000000000000': 0 pak files mounted, 0 remain pending
[2019.04.16-14.27.17:961][  0]LogPakFile: Registered encryption key '00000000000000000000000000000000': 0 pak files mounted, 0 remain pending
[2019.04.16-14.27.17:963][  0]LogPakFile: Registered encryption key '00000000000000000000000000000000': 0 pak files mounted, 0 remain pending
[2019.04.16-14.27.17:965][  0]LogPakFile: Registered encryption key '00000000000000000000000000000000': 0 pak files mounted, 0 remain pending
[2019.04.16-14.27.17:967][  0]LogPakFile: Registered encryption key '00000000000000000000000000000000': 0 pak files mounted, 0 remain pending
[2019.04.16-14.27.17:969][  0]LogPakFile: Registered encryption key '00000000000000000000000000000000': 0 pak files mounted, 0 remain pending
[2019.04.16-14.27.17:971][  0]LogPakFile: Registered encryption key '00000000000000000000000000000000': 0 pak files mounted, 0 remain pending
[2019.04.16-14.27.17:973][  0]LogPakFile: Registered encryption key '00000000000000000000000000000000': 0 pak files mounted, 0 remain pending
[2019.04.16-14.27.17:975][  0]LogPakFile: Registered encryption key '00000000000000000000000000000000': 0 pak files mounted, 0 remain pending
[2019.04.16-14.27.17:978][  0]LogPakFile: Registered encryption key '00000000000000000000000000000000': 0 pak files mounted, 0 remain pending
[2019.04.16-14.27.17:980][  0]LogPakFile: Registered encryption key '00000000000000000000000000000000': 0 pak files mounted, 0 remain pending
[2019.04.16-14.27.17:982][  0]LogPakFile: Registered encryption key '00000000000000000000000000000000': 0 pak files mounted, 0 remain pending
[2019.04.16-14.27.17:995][  0]LogPakFile: Registered encryption key '00000000000000000000000000000000': 0 pak files mounted, 0 remain pending
[2019.04.16-14.27.19:112][  0]LogContentBrowser: Native class hierarchy updated for 'AddContentDialog' in 0.0004 seconds. Added 0 classes and 0 folders.
[2019.04.16-14.27.19:168][  0]LogContentBrowser: Native class hierarchy updated for 'SceneOutliner' in 0.0005 seconds. Added 1 classes and 2 folders.
[2019.04.16-14.27.19:723][  0]LogSlate: Took 0.000272 seconds to synchronously load lazily loaded font '../../../Engine/Content/Slate/Fonts/Roboto-Regular.ttf' (155K)
[2019.04.16-14.27.19:728][  0]LogSlate: Took 0.000396 seconds to synchronously load lazily loaded font '../../../Engine/Content/Slate/Fonts/Roboto-Bold.ttf' (160K)
[2019.04.16-14.27.19:813][  0]LogSlate: Took 0.014386 seconds to synchronously load lazily loaded font '../../../Engine/Content/Editor/Slate/Fonts/FontAwesome.ttf' (139K)
[2019.04.16-14.27.20:308][  0]LogRenderer: Reallocating scene render targets to support 824x376 Format 10 NumSamples 1 (Frame:1).
[2019.04.16-14.27.21:222][  0]LogContentBrowser: Native class hierarchy updated for 'HierarchicalLODOutliner' in 0.0005 seconds. Added 0 classes and 0 folders.
[2019.04.16-14.27.21:222][  0]LogLoad: (Engine Initialization) Total time: 30.29 seconds
[2019.04.16-14.27.21:222][  0]LogLoad: (Engine Initialization) Total Blueprint compile time: 0.00 seconds
[2019.04.16-14.27.21:334][  0]LogContentStreaming: Texture pool size now 1000 MB
[2019.04.16-14.27.21:392][  0]LogSlate: Took 0.015434 seconds to synchronously load lazily loaded font '../../../Engine/Content/Slate/Fonts/Roboto-Light.ttf' (167K)
[2019.04.16-14.27.21:444][  1]LogAssetRegistry: Asset discovery search completed in 20.2665 seconds
[2019.04.16-14.27.21:447][  1]LogCollectionManager: Rebuilt the object cache for 0 collections in 0.000000 seconds (found 0 objects)
[2019.04.16-14.27.21:447][  1]LogCollectionManager: Fixed up redirectors for 0 collections in 0.000112 seconds (updated 0 objects)
[2019.04.16-14.27.23:094][  3]LogSlate: Took 0.000245 seconds to synchronously load lazily loaded font '../../../Engine/Content/Slate/Fonts/Roboto-Light.ttf' (167K)
[2019.04.16-14.29.12:077][486]LogSlate: FSceneViewport::OnFocusLost() reason 0
[2019.04.16-14.29.13:616][490]LogAssetEditorManager: Opening Asset editor for Blueprint /Game/ThirdPersonBP/Blueprints/ThirdPersonCharacter.ThirdPersonCharacter
[2019.04.16-14.29.15:062][490]LogContentBrowser: Native class hierarchy updated for 'BlueprintGraph' in 0.0011 seconds. Added 117 classes and 0 folders.
[2019.04.16-14.29.18:058][490]LogAssetEditorManager: Opening Asset editor for Blueprint /Game/ThirdPersonBP/Blueprints/BP_HealthBox.BP_HealthBox
[2019.04.16-14.29.18:652][490]LogLinker: Warning: Can't resolve asset name
[2019.04.16-14.29.18:897][490]LogSlate: Took 0.033614 seconds to synchronously load lazily loaded font '../../../Engine/Content/Slate/Fonts/Roboto-BoldCondensed.ttf' (158K)
[2019.04.16-14.29.20:369][491]LogSlate: Took 0.013516 seconds to synchronously load lazily loaded font '../../../Engine/Content/Slate/Fonts/Roboto-Italic.ttf' (157K)
[2019.04.16-14.29.30:953][ 61]LogSlate: Window 'BP_HealthBox' being destroyed
[2019.04.16-14.29.37:565][356]LogAIModule: Creating AISystem for world StreetMap
[2019.04.16-14.29.37:589][356]LogAssetEditorManager: Opening Asset editor for World /Game/ThirdPersonBP/Maps/StreetMap.StreetMap
[2019.04.16-14.29.37:711][356]Cmd: MAP LOAD FILE="C:/Users/GENIUS/Documents/Unreal Projects/MultiRestore_Third/Multiplayer-1/Content/ThirdPersonBP/Maps/StreetMap.umap" TEMPLATE=0 SHOWPROGRESS=1 FEATURELEVEL=3
[2019.04.16-14.29.37:711][356]LightingResults: New page: Lighting Build
[2019.04.16-14.29.37:716][356]LogContentBrowser: Native class hierarchy updated for 'StatsViewer' in 0.0004 seconds. Added 5 classes and 0 folders.
[2019.04.16-14.29.37:717][356]LoadErrors: New page: Loading map: StreetMap.umap
[2019.04.16-14.29.37:718][356]MapCheck: New page: Map Check
[2019.04.16-14.29.37:718][356]LightingResults: New page: Lighting Build
[2019.04.16-14.29.37:888][356]LogEditorServer: Finished looking for orphan Actors (0.000 secs)
[2019.04.16-14.29.37:985][356]Cmd: MAP CHECKDEP NOCLEARLOG
[2019.04.16-14.29.37:985][356]MapCheck: Map check complete: 0 Error(s), 0 Warning(s), took 0,212ms to complete.
[2019.04.16-14.29.37:985][356]LogFileHelpers: Loading map 'StreetMap' took 0.275
[2019.04.16-14.29.47:072][719]LogAssetEditorManager: Opening Asset editor for LevelScriptBlueprint /Game/ThirdPersonBP/Maps/StreetMap.StreetMap:PersistentLevel.StreetMap
[2019.04.16-14.32.54:102][803]LogTemp: Repeating last play command: New Editor Window (PIE)
[2019.04.16-14.32.54:163][803]LogBlueprintUserMessages: Early PlayInEditor Detection: Level '/Game/ThirdPersonBP/Maps/StreetMap.StreetMap:PersistentLevel' has LevelScriptBlueprint '/Game/ThirdPersonBP/Maps/StreetMap.StreetMap:PersistentLevel.StreetMap' with GeneratedClass '/Game/ThirdPersonBP/Maps/StreetMap.StreetMap_C' with ClassGeneratedBy '/Game/ThirdPersonBP/Maps/StreetMap.StreetMap:PersistentLevel.StreetMap'
[2019.04.16-14.32.54:163][803]BlueprintLog: New page: Pre-Play auto-recompile
[2019.04.16-14.32.54:167][803]LogPlayLevel: [PlayLevel] Compiling StreetMap before play...
[2019.04.16-14.32.54:636][803]LogPlayLevel: PlayLevel: Blueprint regeneration took 473 ms (1 blueprints)
[2019.04.16-14.32.54:653][803]PIE: New page: PIE session: StreetMap (16 апр. 2019 г., 20:32:54)
[2019.04.16-14.32.54:676][803]LogPlayLevel: Creating play world package: /Game/ThirdPersonBP/Maps/UEDPIE_1_StreetMap
[2019.04.16-14.32.54:709][803]LogPlayLevel: PIE: StaticDuplicateObject took: (0.032917s)
[2019.04.16-14.32.54:710][803]LogAIModule: Creating AISystem for world StreetMap
[2019.04.16-14.32.54:711][803]LogPlayLevel: PIE: World Init took: (0.002118s)
[2019.04.16-14.32.54:711][803]LogPlayLevel: PIE: Created PIE world by copying editor world from /Game/ThirdPersonBP/Maps/StreetMap.StreetMap to /Game/ThirdPersonBP/Maps/UEDPIE_1_StreetMap.StreetMap (0.035749s)
[2019.04.16-14.32.54:777][803]LogGarbage: Warning: GC detected illegal reference to PIE object from content [possibly via [todo]]:
[2019.04.16-14.32.54:777][803]LogGarbage: Warning:       PIE object: World /Game/ThirdPersonBP/Maps/UEDPIE_1_StreetMap.StreetMap
[2019.04.16-14.32.54:777][803]LogGarbage: Warning:   NON-PIE object: UnrealEdEngine /Engine/Transient.UnrealEdEngine_0
[2019.04.16-14.32.54:831][803]LogInit: XAudio2 using 'Динамики (2- Устройство с поддержкой High Definition Audio)' : 2 channels at 44.1 kHz using 16 bits per sample (channel mask 0x3)
[2019.04.16-14.32.54:851][803]LogInit: FAudioDevice initialized.
[2019.04.16-14.32.54:871][803]LogSlate: Updating window title bar state: overlay mode, drag disabled, window buttons hidden, title bar hidden
[2019.04.16-14.32.54:992][803]LogLoad: Game class is 'ThirdPersonGameMode_C'
[2019.04.16-14.32.55:026][803]LogWorld: Bringing World /Game/ThirdPersonBP/Maps/UEDPIE_1_StreetMap.StreetMap up for play (max tick rate 60) at 2019.04.16-17.32.55
[2019.04.16-14.32.55:037][803]LogWorld: Bringing up level for play took: 0.016300
[2019.04.16-14.32.55:196][803]LogContentBrowser: Native class hierarchy updated for 'MovieSceneCapture' in 0.0006 seconds. Added 20 classes and 0 folders.
[2019.04.16-14.32.55:197][803]LogTemp: Display: ParseSettings for GameNetDriver
[2019.04.16-14.32.55:197][803]LogTemp: Display: ParseSettings for IpNetDriver_0
[2019.04.16-14.32.55:197][803]LogTemp: Display: ParseSettings for GameNetDriver
[2019.04.16-14.32.55:197][803]LogNet: ReplicationDriverClass is null! Not using ReplicationDriver.
[2019.04.16-14.32.55:201][803]PacketHandlerLog: DDoS detection status: detection enabled: 0 analytics enabled: 0
[2019.04.16-14.32.55:202][803]LogInit: WinSock: Socket queue 131072 / 131072
[2019.04.16-14.32.55:202][803]LogInit: WinSock: I am DESKTOP-074QD8U (192.168.43.97:0)
[2019.04.16-14.32.55:222][803]PacketHandlerLog: Loaded PacketHandler component: Engine.EngineHandlerComponentFactory (StatelessConnectHandlerComponent)
[2019.04.16-14.32.55:230][803]LogNet: GameNetDriver IpNetDriver_0 IpNetDriver listening on port 17777
[2019.04.16-14.33.01:127][803]LogScript: Warning: Runaway loop detected (over 1 000 000 iterations) - see log for stack trace
	BP_HealthBox_C /Game/ThirdPersonBP/Maps/UEDPIE_1_StreetMap.StreetMap:PersistentLevel.BP_HealthBox_C_465
	Function /Game/ThirdPersonBP/Blueprints/BP_HealthBox.BP_HealthBox_C:ReceiveActorBeginOverlap:0026
[2019.04.16-14.33.01:127][803]PIE: Error: Infinite loop detected. Blueprint:  BP_HealthBox Function:  Event ActorBeginOverlap Call Stack:  Show
[2019.04.16-14.33.08:928][803]LogScript: Warning: Runaway loop detected (over 1 000 000 iterations) - see log for stack trace
	BP_HealthBox_C /Game/ThirdPersonBP/Maps/UEDPIE_1_StreetMap.StreetMap:PersistentLevel.BP_HealthBox_C_1092
	Function /Game/ThirdPersonBP/Blueprints/BP_HealthBox.BP_HealthBox_C:ExecuteUbergraph_BP_HealthBox:00AA
[2019.04.16-14.33.08:928][803]PIE: Error: Infinite loop detected. Blueprint:  BP_HealthBox Function:  Switch Has Authority Call Stack:  Show
[2019.04.16-14.33.18:408][803]LogScript: Warning: Runaway loop detected (over 1 000 000 iterations) - see log for stack trace
	BP_HealthBox_C /Game/ThirdPersonBP/Maps/UEDPIE_1_StreetMap.StreetMap:PersistentLevel.BP_HealthBox_C_1338
	Function /Game/ThirdPersonBP/Blueprints/BP_HealthBox.BP_HealthBox_C:ExecuteUbergraph_BP_HealthBox:00AA
[2019.04.16-14.33.18:408][803]PIE: Error: Infinite loop detected. Blueprint:  BP_HealthBox Function:  Switch Has Authority Call Stack:  Show
[2019.04.16-14.33.28:917][803]LogScript: Warning: Runaway loop detected (over 1 000 000 iterations) - see log for stack trace
	BP_HealthBox_C /Game/ThirdPersonBP/Maps/UEDPIE_1_StreetMap.StreetMap:PersistentLevel.BP_HealthBox_C_1545
	Function /Game/ThirdPersonBP/Blueprints/BP_HealthBox.BP_HealthBox_C:ExecuteUbergraph_BP_HealthBox:00D2
[2019.04.16-14.33.28:917][803]PIE: Error: Infinite loop detected. Blueprint:  BP_HealthBox Function:  Branch Call Stack:  Show
[2019.04.16-14.33.41:648][803]LogScript: Warning: Runaway loop detected (over 1 000 000 iterations) - see log for stack trace
	BP_HealthBox_C /Game/ThirdPersonBP/Maps/UEDPIE_1_StreetMap.StreetMap:PersistentLevel.BP_HealthBox_C_252
	Function /Game/ThirdPersonBP/Blueprints/BP_HealthBox.BP_HealthBox_C:ExecuteUbergraph_BP_HealthBox:004A
[2019.04.16-14.33.41:649][803]PIE: Error: Infinite loop detected. Blueprint:  BP_HealthBox Function:  Outputs Call Stack:  Show
[2019.04.16-14.33.55:250][803]LogScript: Warning: Runaway loop detected (over 1 000 000 iterations) - see log for stack trace
	BP_HealthBox_C /Game/ThirdPersonBP/Maps/UEDPIE_1_StreetMap.StreetMap:PersistentLevel.BP_HealthBox_C_1894
	Function /Game/ThirdPersonBP/Blueprints/BP_HealthBox.BP_HealthBox_C:ExecuteUbergraph_BP_HealthBox:00AA
[2019.04.16-14.33.55:251][803]PIE: Error: Infinite loop detected. Blueprint:  BP_HealthBox Function:  Switch Has Authority Call Stack:  Show
[2019.04.16-14.34.09:535][803]LogScript: Warning: Runaway loop detected (over 1 000 000 iterations) - see log for stack trace
	BP_HealthBox_C /Game/ThirdPersonBP/Maps/UEDPIE_1_StreetMap.StreetMap:PersistentLevel.BP_HealthBox_C_2046
	Function /Game/ThirdPersonBP/Blueprints/BP_HealthBox.BP_HealthBox_C:ExecuteUbergraph_BP_HealthBox:00D2
[2019.04.16-14.34.09:535][803]PIE: Error: Infinite loop detected. Blueprint:  BP_HealthBox Function:  Branch Call Stack:  Show
[2019.04.16-14.34.26:156][803]LogScript: Warning: Runaway loop detected (over 1 000 000 iterations) - see log for stack trace
	BP_HealthBox_C /Game/ThirdPersonBP/Maps/UEDPIE_1_StreetMap.StreetMap:PersistentLevel.BP_HealthBox_C_669
	Function /Game/ThirdPersonBP/Blueprints/BP_HealthBox.BP_HealthBox_C:ExecuteUbergraph_BP_HealthBox:00AA
[2019.04.16-14.34.26:156][803]PIE: Error: Infinite loop detected. Blueprint:  BP_HealthBox Function:  Switch Has Authority Call Stack:  Show
[2019.04.16-14.34.43:751][803]LogScript: Warning: Runaway loop detected (over 1 000 000 iterations) - see log for stack trace
	BP_HealthBox_C /Game/ThirdPersonBP/Maps/UEDPIE_1_StreetMap.StreetMap:PersistentLevel.BP_HealthBox_C_943
	Function /Game/ThirdPersonBP/Blueprints/BP_HealthBox.BP_HealthBox_C:ExecuteUbergraph_BP_HealthBox:004A
[2019.04.16-14.34.43:751][803]PIE: Error: Infinite loop detected. Blueprint:  BP_HealthBox Function:  Outputs Call Stack:  Show
