Log file open, 04/25/19 13:25:12
LogWindows: Failed to load 'aqProf.dll' (GetLastError=126)
LogWindows: File 'aqProf.dll' does not exist
LogWindows: Failed to load 'VtuneApi.dll' (GetLastError=126)
LogWindows: File 'VtuneApi.dll' does not exist
LogWindows: Failed to load 'VtuneApi32e.dll' (GetLastError=126)
LogWindows: File 'VtuneApi32e.dll' does not exist
LogConsoleResponse: Display: Failed to find resolution value strings in scalability ini. Falling back to default.
LogInit: Display: Running engine for game: MultiRestore_Third
LogPakFile: Registered encryption key '00000000000000000000000000000000': 0 pak files mounted, 0 remain pending
LogPlatformFile: Not using cached read wrapper
LogTaskGraph: Started task graph with 5 named threads and 8 total threads with 3 sets of task threads.
LogStats: Stats thread started at 1.458618
LogD3D11RHI: Loaded GFSDK_Aftermath_Lib.x64.dll
LogICUInternationalization: ICU TimeZone Detection - Raw Offset: +3:00, Platform Override: ''
LogPluginManager: Mounting plugin Paper2D
LogPluginManager: Mounting plugin AISupport
LogPluginManager: Mounting plugin LightPropagationVolume
LogPluginManager: Mounting plugin ActorLayerUtilities
LogPluginManager: Mounting plugin CLionSourceCodeAccess
LogPluginManager: Mounting plugin CodeLiteSourceCodeAccess
LogPluginManager: Mounting plugin GitSourceControl
LogPluginManager: Mounting plugin KDevelopSourceCodeAccess
LogPluginManager: Mounting plugin NullSourceCodeAccess
LogPluginManager: Mounting plugin PerforceSourceControl
LogPluginManager: Mounting plugin SubversionSourceControl
LogPluginManager: Mounting plugin UObjectPlugin
LogPluginManager: Mounting plugin VisualStudioCodeSourceCodeAccess
LogPluginManager: Mounting plugin VisualStudioSourceCodeAccess
LogPluginManager: Mounting plugin XCodeSourceCodeAccess
LogPluginManager: Mounting plugin AssetManagerEditor
LogPluginManager: Mounting plugin CryptoKeys
LogPluginManager: Mounting plugin DataValidation
LogPluginManager: Mounting plugin EditorScriptingUtilities
LogPluginManager: Mounting plugin FacialAnimation
LogPluginManager: Mounting plugin GameplayTagsEditor
LogPluginManager: Mounting plugin MacGraphicsSwitching
LogPluginManager: Mounting plugin MeshEditor
LogPluginManager: Mounting plugin MobileLauncherProfileWizard
LogPluginManager: Mounting plugin PluginBrowser
LogPluginManager: Mounting plugin SpeedTreeImporter
LogPluginManager: Mounting plugin DatasmithContent
LogPluginManager: Mounting plugin VariantManagerContent
LogPluginManager: Mounting plugin AlembicImporter
LogPluginManager: Mounting plugin AppleImageUtils
LogPluginManager: Mounting plugin AppleVision
LogPluginManager: Mounting plugin BackChannel
LogPluginManager: Mounting plugin CharacterAI
LogPluginManager: Mounting plugin GeometryCache
LogPluginManager: Mounting plugin HTML5Networking
LogPluginManager: Mounting plugin ProxyLODPlugin
LogPluginManager: Mounting plugin MagicLeap
LogPluginManager: Mounting plugin MagicLeapMedia
LogPluginManager: Mounting plugin AndroidMedia
LogPluginManager: Mounting plugin AvfMedia
LogPluginManager: Mounting plugin ImgMedia
LogPluginManager: Mounting plugin LinearTimecode
LogPluginManager: Mounting plugin MediaCompositing
LogPluginManager: Mounting plugin MediaPlayerEditor
LogPluginManager: Mounting plugin WebMMedia
LogPluginManager: Mounting plugin WmfMedia
LogPluginManager: Mounting plugin TcpMessaging
LogPluginManager: Mounting plugin UdpMessaging
LogPluginManager: Mounting plugin ActorSequence
LogPluginManager: Mounting plugin LevelSequenceEditor
LogPluginManager: Mounting plugin MatineeToLevelSequence
LogPluginManager: Mounting plugin NetcodeUnitTest
LogPluginManager: Mounting plugin NUTUnrealEngine4
LogPluginManager: Mounting plugin OnlineSubsystemGooglePlay
LogPluginManager: Mounting plugin OnlineSubsystemIOS
LogPluginManager: Mounting plugin OnlineSubsystem
LogPluginManager: Mounting plugin OnlineSubsystemNull
LogPluginManager: Mounting plugin OnlineSubsystemUtils
LogPluginManager: Mounting plugin LauncherChunkInstaller
LogPluginManager: Mounting plugin AndroidDeviceProfileSelector
LogPluginManager: Mounting plugin AndroidMoviePlayer
LogPluginManager: Mounting plugin AndroidPermission
LogPluginManager: Mounting plugin AppleMoviePlayer
LogPluginManager: Mounting plugin ArchVisCharacter
LogPluginManager: Mounting plugin AudioCapture
LogPluginManager: Mounting plugin CableComponent
LogPluginManager: Mounting plugin CustomMeshComponent
LogPluginManager: Mounting plugin EditableMesh
LogPluginManager: Mounting plugin ExampleDeviceProfileSelector
LogPluginManager: Mounting plugin Firebase
LogPluginManager: Mounting plugin GoogleCloudMessaging
LogPluginManager: Mounting plugin IOSDeviceProfileSelector
LogPluginManager: Mounting plugin LinuxDeviceProfileSelector
LogPluginManager: Mounting plugin LocationServicesBPLibrary
LogPluginManager: Mounting plugin MobilePatchingUtils
LogPluginManager: Mounting plugin OculusVR
LogPluginManager: Mounting plugin PhysXVehicles
LogPluginManager: Mounting plugin ProceduralMeshComponent
LogPluginManager: Mounting plugin RuntimePhysXCooking
LogPluginManager: Mounting plugin SteamVR
LogPluginManager: Mounting plugin WebMMoviePlayer
LogPluginManager: Mounting plugin WindowsMoviePlayer
LogPluginManager: Mounting plugin DatasmithCADImporter
LogPluginManager: Mounting plugin DatasmithFBXImporter
LogPluginManager: Mounting plugin DatasmithImporter
LogPluginManager: Mounting plugin MDLImporter
LogPluginManager: Mounting plugin StaticMeshEditorExtension
LogPluginManager: Mounting plugin VariantManager
LogStreaming: Display: Took  0.998s to configure plugins.
LogInit: Using libcurl 7.55.1-DEV
LogInit:  - built for x86_64-pc-win32
LogInit:  - supports SSL with OpenSSL/1.0.2h
LogInit:  - supports HTTP deflate (compression) using libz 1.2.8
LogInit:  - other features:
LogInit:      CURL_VERSION_SSL
LogInit:      CURL_VERSION_LIBZ
LogInit:      CURL_VERSION_IPV6
LogInit:      CURL_VERSION_ASYNCHDNS
LogInit:      CURL_VERSION_LARGEFILE
LogInit:      CURL_VERSION_IDN
LogInit:  CurlRequestOptions (configurable via config and command line):
LogInit:  - bVerifyPeer = true  - Libcurl will verify peer certificate
LogInit:  - bUseHttpProxy = false  - Libcurl will NOT use HTTP proxy
LogInit:  - bDontReuseConnections = false  - Libcurl will reuse connections
LogInit:  - MaxHostConnections = 16  - Libcurl will limit the number of connections to a host
LogInit:  - LocalHostAddr = Default
LogInit:  - BufferSize = 65536
LogInit: WinSock: version 1.1 (2.2), MaxSocks=32767, MaxUdp=65467
LogInit: Build: ++UE4+Release-4.21-CL-4613538
LogInit: Engine Version: 4.21.1-4613538+++UE4+Release-4.21
LogInit: Compatible Engine Version: 4.21.0-4541578+++UE4+Release-4.21
LogInit: Net CL: 4541578
LogInit: OS: Windows 10 (), CPU:          Intel(R) Pentium(R) CPU B970 @ 2.30GHz, GPU: Intel(R) HD Graphics
LogInit: Compiled (64-bit): Nov 30 2018 04:13:25
LogInit: Compiled with Visual C++: 19.13.26129.00
LogInit: Build Configuration: Development
LogInit: Branch Name: ++UE4+Release-4.21
LogInit: Command Line: 
LogInit: Base Directory: E:/UE4/UrealEngine/UE_4.21/Engine/Binaries/Win64/
LogInit: Installed Engine Build: 1
LogDevObjectVersion: Number of dev versions registered: 22
LogDevObjectVersion:   Dev-Blueprints (B0D832E4-1F89-4F0D-ACCF-7EB736FD4AA2): 10
LogDevObjectVersion:   Dev-Build (E1C64328-A22C-4D53-A36C-8E866417BD8C): 0
LogDevObjectVersion:   Dev-Core (375EC13C-06E4-48FB-B500-84F0262A717E): 2
LogDevObjectVersion:   Dev-Editor (E4B068ED-F494-42E9-A231-DA0B2E46BB41): 26
LogDevObjectVersion:   Dev-Framework (CFFC743F-43B0-4480-9391-14DF171D2073): 34
LogDevObjectVersion:   Dev-Mobile (B02B49B5-BB20-44E9-A304-32B752E40360): 2
LogDevObjectVersion:   Dev-Networking (A4E4105C-59A1-49B5-A7C5-40C4547EDFEE): 0
LogDevObjectVersion:   Dev-Online (39C831C9-5AE6-47DC-9A44-9C173E1C8E7C): 0
LogDevObjectVersion:   Dev-Physics (78F01B33-EBEA-4F98-B9B4-84EACCB95AA2): 0
LogDevObjectVersion:   Dev-Platform (6631380F-2D4D-43E0-8009-CF276956A95A): 0
LogDevObjectVersion:   Dev-Rendering (12F88B9F-8875-4AFC-A67C-D90C383ABD29): 27
LogDevObjectVersion:   Dev-Sequencer (7B5AE74C-D270-4C10-A958-57980B212A5A): 9
LogDevObjectVersion:   Dev-VR (D7296918-1DD6-4BDD-9DE2-64A83CC13884): 2
LogDevObjectVersion:   Dev-LoadTimes (C2A15278-BFE7-4AFE-6C17-90FF531DF755): 1
LogDevObjectVersion:   Private-Geometry (6EACA3D4-40EC-4CC1-B786-8BED09428FC5): 3
LogDevObjectVersion:   Dev-AnimPhys (29E575DD-E0A3-4627-9D10-D276232CDCEA): 17
LogDevObjectVersion:   Dev-Anim (AF43A65D-7FD3-4947-9873-3E8ED9C1BB05): 2
LogDevObjectVersion:   Dev-ReflectionCapture (6B266CEC-1EC7-4B8F-A30B-E4D90942FC07): 1
LogDevObjectVersion:   Dev-Automation (0DF73D61-A23F-47EA-B727-89E90C41499A): 1
LogDevObjectVersion:   FortniteMain (601D1886-AC64-4F84-AA16-D3DE0DEAC7D6): 17
LogDevObjectVersion:   Dev-Enterprise (9DFFBCD6-494F-0158-E221-12823C92A888): 4
LogDevObjectVersion:   Dev-Niagara (F2AED0AC-9AFE-416F-8664-AA7FFA26D6FC): 1
LogStreaming: Display: Took  0.034s to delete old logs.
LogInit: Presizing for max 8388607 objects, including 0 objects not considered by GC, pre-allocating 0 bytes for permanent pool.
LogInit: Object subsystem initialized
LogConfig: Setting CVar [[con.DebugEarlyDefault:1]]
LogConfig: Setting CVar [[r.setres:1280x720]]
[2019.04.25-10.25.15:320][  0]LogConfig: Setting CVar [[r.VSync:0]]
[2019.04.25-10.25.15:320][  0]LogConfig: Setting CVar [[r.RHICmdBypass:0]]
[2019.04.25-10.25.15:320][  0]LogConfig: Applying CVar settings from Section [/Script/Engine.RendererSettings] File [C:/Users/GENIUS/Documents/Unreal Projects/MultiRestore_Third/Multiplayer-1/Saved/Config/Windows/Engine.ini]
[2019.04.25-10.25.15:320][  0]LogConfig: Setting CVar [[r.GPUCrashDebugging:0]]
[2019.04.25-10.25.15:320][  0]LogConfig: Applying CVar settings from Section [/Script/Engine.RendererOverrideSettings] File [C:/Users/GENIUS/Documents/Unreal Projects/MultiRestore_Third/Multiplayer-1/Saved/Config/Windows/Engine.ini]
[2019.04.25-10.25.15:320][  0]LogConfig: Applying CVar settings from Section [/Script/Engine.StreamingSettings] File [C:/Users/GENIUS/Documents/Unreal Projects/MultiRestore_Third/Multiplayer-1/Saved/Config/Windows/Engine.ini]
[2019.04.25-10.25.15:320][  0]LogConfig: Setting CVar [[s.MinBulkDataSizeForAsyncLoading:131072]]
[2019.04.25-10.25.15:320][  0]LogConfig: Setting CVar [[s.AsyncLoadingThreadEnabled:0]]
[2019.04.25-10.25.15:320][  0]LogConfig: Setting CVar [[s.EventDrivenLoaderEnabled:1]]
[2019.04.25-10.25.15:320][  0]LogConfig: Setting CVar [[s.WarnIfTimeLimitExceeded:0]]
[2019.04.25-10.25.15:320][  0]LogConfig: Setting CVar [[s.TimeLimitExceededMultiplier:1.5]]
[2019.04.25-10.25.15:320][  0]LogConfig: Setting CVar [[s.TimeLimitExceededMinTime:0.005]]
[2019.04.25-10.25.15:320][  0]LogConfig: Setting CVar [[s.UseBackgroundLevelStreaming:1]]
[2019.04.25-10.25.15:320][  0]LogConfig: Setting CVar [[s.PriorityAsyncLoadingExtraTime:15.0]]
[2019.04.25-10.25.15:320][  0]LogConfig: Setting CVar [[s.LevelStreamingActorsUpdateTimeLimit:5.0]]
[2019.04.25-10.25.15:320][  0]LogConfig: Setting CVar [[s.PriorityLevelStreamingActorsUpdateExtraTime:5.0]]
[2019.04.25-10.25.15:320][  0]LogConfig: Setting CVar [[s.LevelStreamingComponentsRegistrationGranularity:10]]
[2019.04.25-10.25.15:320][  0]LogConfig: Setting CVar [[s.UnregisterComponentsTimeLimit:1.0]]
[2019.04.25-10.25.15:320][  0]LogConfig: Setting CVar [[s.LevelStreamingComponentsUnregistrationGranularity:5]]
[2019.04.25-10.25.15:320][  0]LogConfig: Applying CVar settings from Section [/Script/Engine.GarbageCollectionSettings] File [C:/Users/GENIUS/Documents/Unreal Projects/MultiRestore_Third/Multiplayer-1/Saved/Config/Windows/Engine.ini]
[2019.04.25-10.25.15:320][  0]LogConfig: Setting CVar [[gc.MaxObjectsNotConsideredByGC:1]]
[2019.04.25-10.25.15:320][  0]LogConfig: Setting CVar [[gc.SizeOfPermanentObjectPool:0]]
[2019.04.25-10.25.15:320][  0]LogConfig: Setting CVar [[gc.FlushStreamingOnGC:0]]
[2019.04.25-10.25.15:320][  0]LogConfig: Setting CVar [[gc.NumRetriesBeforeForcingGC:10]]
[2019.04.25-10.25.15:320][  0]LogConfig: Setting CVar [[gc.AllowParallelGC:1]]
[2019.04.25-10.25.15:320][  0]LogConfig: Setting CVar [[gc.TimeBetweenPurgingPendingKillObjects:61.1]]
[2019.04.25-10.25.15:320][  0]LogConfig: Setting CVar [[gc.MaxObjectsInEditor:8388607]]
[2019.04.25-10.25.15:320][  0]LogConfig: Setting CVar [[gc.IncrementalBeginDestroyEnabled:1]]
[2019.04.25-10.25.15:321][  0]LogConfig: Setting CVar [[gc.CreateGCClusters:1]]
[2019.04.25-10.25.15:321][  0]LogConfig: Setting CVar [[gc.MergeGCClusters:0]]
[2019.04.25-10.25.15:321][  0]LogConfig: Setting CVar [[gc.MinGCClusterSize:5]]
[2019.04.25-10.25.15:321][  0]LogConfig: Setting CVar [[gc.ActorClusteringEnabled:0]]
[2019.04.25-10.25.15:321][  0]LogConfig: Setting CVar [[gc.BlueprintClusteringEnabled:0]]
[2019.04.25-10.25.15:321][  0]LogConfig: Setting CVar [[gc.UseDisregardForGCOnDedicatedServers:0]]
[2019.04.25-10.25.15:321][  0]LogConfig: Applying CVar settings from Section [/Script/Engine.NetworkSettings] File [C:/Users/GENIUS/Documents/Unreal Projects/MultiRestore_Third/Multiplayer-1/Saved/Config/Windows/Engine.ini]
[2019.04.25-10.25.15:321][  0]LogConfig: Applying CVar settings from Section [/Script/UnrealEd.CookerSettings] File [C:/Users/GENIUS/Documents/Unreal Projects/MultiRestore_Third/Multiplayer-1/Saved/Config/Windows/Engine.ini]
[2019.04.25-10.25.15:324][  0]LogConfig: Applying CVar settings from Section [ViewDistanceQuality@3] File [C:/Users/GENIUS/Documents/Unreal Projects/MultiRestore_Third/Multiplayer-1/Saved/Config/Windows/Scalability.ini]
[2019.04.25-10.25.15:324][  0]LogConfig: Setting CVar [[r.SkeletalMeshLODBias:0]]
[2019.04.25-10.25.15:324][  0]LogConfig: Setting CVar [[r.ViewDistanceScale:1.0]]
[2019.04.25-10.25.15:324][  0]LogConfig: Applying CVar settings from Section [AntiAliasingQuality@3] File [C:/Users/GENIUS/Documents/Unreal Projects/MultiRestore_Third/Multiplayer-1/Saved/Config/Windows/Scalability.ini]
[2019.04.25-10.25.15:324][  0]LogConfig: Setting CVar [[r.PostProcessAAQuality:4]]
[2019.04.25-10.25.15:325][  0]LogConfig: Applying CVar settings from Section [ShadowQuality@3] File [C:/Users/GENIUS/Documents/Unreal Projects/MultiRestore_Third/Multiplayer-1/Saved/Config/Windows/Scalability.ini]
[2019.04.25-10.25.15:325][  0]LogConfig: Setting CVar [[r.LightFunctionQuality:1]]
[2019.04.25-10.25.15:325][  0]LogConfig: Setting CVar [[r.ShadowQuality:5]]
[2019.04.25-10.25.15:325][  0]LogConfig: Setting CVar [[r.Shadow.CSM.MaxCascades:10]]
[2019.04.25-10.25.15:325][  0]LogConfig: Setting CVar [[r.Shadow.MaxResolution:2048]]
[2019.04.25-10.25.15:325][  0]LogConfig: Setting CVar [[r.Shadow.MaxCSMResolution:2048]]
[2019.04.25-10.25.15:325][  0]LogConfig: Setting CVar [[r.Shadow.RadiusThreshold:0.01]]
[2019.04.25-10.25.15:325][  0]LogConfig: Setting CVar [[r.Shadow.DistanceScale:1.0]]
[2019.04.25-10.25.15:325][  0]LogConfig: Setting CVar [[r.Shadow.CSM.TransitionScale:1.0]]
[2019.04.25-10.25.15:325][  0]LogConfig: Setting CVar [[r.Shadow.PreShadowResolutionFactor:1.0]]
[2019.04.25-10.25.15:325][  0]LogConfig: Setting CVar [[r.DistanceFieldShadowing:1]]
[2019.04.25-10.25.15:325][  0]LogConfig: Setting CVar [[r.DistanceFieldAO:1]]
[2019.04.25-10.25.15:325][  0]LogConfig: Setting CVar [[r.AOQuality:2]]
[2019.04.25-10.25.15:325][  0]LogConfig: Setting CVar [[r.VolumetricFog:1]]
[2019.04.25-10.25.15:325][  0]LogConfig: Setting CVar [[r.VolumetricFog.GridPixelSize:8]]
[2019.04.25-10.25.15:325][  0]LogConfig: Setting CVar [[r.VolumetricFog.GridSizeZ:128]]
[2019.04.25-10.25.15:325][  0]LogConfig: Setting CVar [[r.VolumetricFog.HistoryMissSupersampleCount:4]]
[2019.04.25-10.25.15:325][  0]LogConfig: Setting CVar [[r.LightMaxDrawDistanceScale:1]]
[2019.04.25-10.25.15:325][  0]LogConfig: Setting CVar [[r.CapsuleShadows:1]]
[2019.04.25-10.25.15:325][  0]LogConfig: Applying CVar settings from Section [PostProcessQuality@3] File [C:/Users/GENIUS/Documents/Unreal Projects/MultiRestore_Third/Multiplayer-1/Saved/Config/Windows/Scalability.ini]
[2019.04.25-10.25.15:325][  0]LogConfig: Setting CVar [[r.MotionBlurQuality:4]]
[2019.04.25-10.25.15:325][  0]LogConfig: Setting CVar [[r.AmbientOcclusionMipLevelFactor:0.4]]
[2019.04.25-10.25.15:325][  0]LogConfig: Setting CVar [[r.AmbientOcclusionMaxQuality:100]]
[2019.04.25-10.25.15:325][  0]LogConfig: Setting CVar [[r.AmbientOcclusionLevels:-1]]
[2019.04.25-10.25.15:325][  0]LogConfig: Setting CVar [[r.AmbientOcclusionRadiusScale:1.0]]
[2019.04.25-10.25.15:325][  0]LogConfig: Setting CVar [[r.DepthOfFieldQuality:2]]
[2019.04.25-10.25.15:325][  0]LogConfig: Setting CVar [[r.RenderTargetPoolMin:400]]
[2019.04.25-10.25.15:325][  0]LogConfig: Setting CVar [[r.LensFlareQuality:2]]
[2019.04.25-10.25.15:325][  0]LogConfig: Setting CVar [[r.SceneColorFringeQuality:1]]
[2019.04.25-10.25.15:325][  0]LogConfig: Setting CVar [[r.EyeAdaptationQuality:2]]
[2019.04.25-10.25.15:325][  0]LogConfig: Setting CVar [[r.BloomQuality:5]]
[2019.04.25-10.25.15:325][  0]LogConfig: Setting CVar [[r.FastBlurThreshold:100]]
[2019.04.25-10.25.15:325][  0]LogConfig: Setting CVar [[r.Upscale.Quality:3]]
[2019.04.25-10.25.15:325][  0]LogConfig: Setting CVar [[r.Tonemapper.GrainQuantization:1]]
[2019.04.25-10.25.15:325][  0]LogConfig: Setting CVar [[r.LightShaftQuality:1]]
[2019.04.25-10.25.15:325][  0]LogConfig: Setting CVar [[r.Filter.SizeScale:1]]
[2019.04.25-10.25.15:325][  0]LogConfig: Setting CVar [[r.Tonemapper.Quality:5]]
[2019.04.25-10.25.15:325][  0]LogConfig: Setting CVar [[r.DOF.Gather.AccumulatorQuality:1        ; higher gathering accumulator quality]]
[2019.04.25-10.25.15:326][  0]LogConfig: Setting CVar [[r.DOF.Gather.PostfilterMethod:1          ; Median3x3 postfilering method]]
[2019.04.25-10.25.15:326][  0]LogConfig: Setting CVar [[r.DOF.Gather.EnableBokehSettings:0       ; no bokeh simulation when gathering]]
[2019.04.25-10.25.15:326][  0]LogConfig: Setting CVar [[r.DOF.Gather.RingCount:4                 ; medium number of samples when gathering]]
[2019.04.25-10.25.15:326][  0]LogConfig: Setting CVar [[r.DOF.Scatter.ForegroundCompositing:1    ; additive foreground scattering]]
[2019.04.25-10.25.15:326][  0]LogConfig: Setting CVar [[r.DOF.Scatter.BackgroundCompositing:2    ; additive background scattering]]
[2019.04.25-10.25.15:326][  0]LogConfig: Setting CVar [[r.DOF.Scatter.EnableBokehSettings:1      ; bokeh simulation when scattering]]
[2019.04.25-10.25.15:326][  0]LogConfig: Setting CVar [[r.DOF.Scatter.MaxSpriteRatio:0.1         ; only a maximum of 10% of scattered bokeh]]
[2019.04.25-10.25.15:326][  0]LogConfig: Setting CVar [[r.DOF.Recombine.Quality:1                ; cheap slight out of focus]]
[2019.04.25-10.25.15:326][  0]LogConfig: Setting CVar [[r.DOF.Recombine.EnableBokehSettings:0    ; no bokeh simulation on slight out of focus]]
[2019.04.25-10.25.15:326][  0]LogConfig: Setting CVar [[r.DOF.TemporalAAQuality:1                ; more stable temporal accumulation]]
[2019.04.25-10.25.15:326][  0]LogConfig: Setting CVar [[r.DOF.Kernel.MaxForegroundRadius:0.025]]
[2019.04.25-10.25.15:326][  0]LogConfig: Setting CVar [[r.DOF.Kernel.MaxBackgroundRadius:0.025]]
[2019.04.25-10.25.15:326][  0]LogConfig: Applying CVar settings from Section [TextureQuality@3] File [C:/Users/GENIUS/Documents/Unreal Projects/MultiRestore_Third/Multiplayer-1/Saved/Config/Windows/Scalability.ini]
[2019.04.25-10.25.15:326][  0]LogConfig: Setting CVar [[r.Streaming.MipBias:0]]
[2019.04.25-10.25.15:326][  0]LogConfig: Setting CVar [[r.Streaming.AmortizeCPUToGPUCopy:0]]
[2019.04.25-10.25.15:326][  0]LogConfig: Setting CVar [[r.Streaming.MaxNumTexturesToStreamPerFrame:0]]
[2019.04.25-10.25.15:326][  0]LogConfig: Setting CVar [[r.Streaming.Boost:1]]
[2019.04.25-10.25.15:326][  0]LogConfig: Setting CVar [[r.MaxAnisotropy:8]]
[2019.04.25-10.25.15:326][  0]LogConfig: Setting CVar [[r.Streaming.LimitPoolSizeToVRAM:0]]
[2019.04.25-10.25.15:326][  0]LogConfig: Setting CVar [[r.Streaming.PoolSize:1000]]
[2019.04.25-10.25.15:326][  0]LogConfig: Setting CVar [[r.Streaming.MaxEffectiveScreenSize:0]]
[2019.04.25-10.25.15:326][  0]LogConfig: Applying CVar settings from Section [EffectsQuality@3] File [C:/Users/GENIUS/Documents/Unreal Projects/MultiRestore_Third/Multiplayer-1/Saved/Config/Windows/Scalability.ini]
[2019.04.25-10.25.15:326][  0]LogConfig: Setting CVar [[r.TranslucencyLightingVolumeDim:64]]
[2019.04.25-10.25.15:326][  0]LogConfig: Setting CVar [[r.RefractionQuality:2]]
[2019.04.25-10.25.15:326][  0]LogConfig: Setting CVar [[r.SSR.Quality:3]]
[2019.04.25-10.25.15:326][  0]LogConfig: Setting CVar [[r.SceneColorFormat:4]]
[2019.04.25-10.25.15:326][  0]LogConfig: Setting CVar [[r.DetailMode:2]]
[2019.04.25-10.25.15:326][  0]LogConfig: Setting CVar [[r.TranslucencyVolumeBlur:1]]
[2019.04.25-10.25.15:326][  0]LogConfig: Setting CVar [[r.MaterialQualityLevel:1 ; High quality]]
[2019.04.25-10.25.15:326][  0]LogConfig: Setting CVar [[r.SSS.Scale:1]]
[2019.04.25-10.25.15:326][  0]LogConfig: Setting CVar [[r.SSS.SampleSet:2]]
[2019.04.25-10.25.15:326][  0]LogConfig: Setting CVar [[r.SSS.Quality:1]]
[2019.04.25-10.25.15:326][  0]LogConfig: Setting CVar [[r.SSS.HalfRes:1]]
[2019.04.25-10.25.15:326][  0]LogConfig: Setting CVar [[r.EmitterSpawnRateScale:1.0]]
[2019.04.25-10.25.15:326][  0]LogConfig: Setting CVar [[r.ParticleLightQuality:2]]
[2019.04.25-10.25.15:326][  0]LogConfig: Applying CVar settings from Section [FoliageQuality@3] File [C:/Users/GENIUS/Documents/Unreal Projects/MultiRestore_Third/Multiplayer-1/Saved/Config/Windows/Scalability.ini]
[2019.04.25-10.25.15:326][  0]LogConfig: Setting CVar [[foliage.DensityScale:1.0]]
[2019.04.25-10.25.15:326][  0]LogConfig: Setting CVar [[grass.DensityScale:1.0]]
[2019.04.25-10.25.15:327][  0]LogInit: Selected Device Profile: [Windows]
[2019.04.25-10.25.15:327][  0]LogInit: Applying CVar settings loaded from the selected device profile: [Windows]
[2019.04.25-10.25.15:402][  0]LogHAL: Display: Platform has ~ 4 GB [4123373568 / 4294967296 / 4], which maps to Smallest [LargestMinGB=32, LargerMinGB=12, DefaultMinGB=8, SmallerMinGB=6, SmallestMinGB=0)
[2019.04.25-10.25.15:402][  0]LogConfig: Setting CVar [[r.Vulkan.UseRealUBs:1]]
[2019.04.25-10.25.15:402][  0]LogInit: Going up to parent DeviceProfile []
[2019.04.25-10.25.15:403][  0]LogConfig: Applying CVar settings from Section [ViewDistanceQuality@3] File [C:/Users/GENIUS/Documents/Unreal Projects/MultiRestore_Third/Multiplayer-1/Saved/Config/Windows/Scalability.ini]
[2019.04.25-10.25.15:403][  0]LogConfig: Setting CVar [[r.SkeletalMeshLODBias:0]]
[2019.04.25-10.25.15:403][  0]LogConfig: Setting CVar [[r.ViewDistanceScale:1.0]]
[2019.04.25-10.25.15:403][  0]LogConfig: Applying CVar settings from Section [AntiAliasingQuality@3] File [C:/Users/GENIUS/Documents/Unreal Projects/MultiRestore_Third/Multiplayer-1/Saved/Config/Windows/Scalability.ini]
[2019.04.25-10.25.15:403][  0]LogConfig: Setting CVar [[r.PostProcessAAQuality:4]]
[2019.04.25-10.25.15:403][  0]LogConfig: Applying CVar settings from Section [ShadowQuality@3] File [C:/Users/GENIUS/Documents/Unreal Projects/MultiRestore_Third/Multiplayer-1/Saved/Config/Windows/Scalability.ini]
[2019.04.25-10.25.15:403][  0]LogConfig: Setting CVar [[r.LightFunctionQuality:1]]
[2019.04.25-10.25.15:403][  0]LogConfig: Setting CVar [[r.ShadowQuality:5]]
[2019.04.25-10.25.15:403][  0]LogConfig: Setting CVar [[r.Shadow.CSM.MaxCascades:10]]
[2019.04.25-10.25.15:403][  0]LogConfig: Setting CVar [[r.Shadow.MaxResolution:2048]]
[2019.04.25-10.25.15:403][  0]LogConfig: Setting CVar [[r.Shadow.MaxCSMResolution:2048]]
[2019.04.25-10.25.15:403][  0]LogConfig: Setting CVar [[r.Shadow.RadiusThreshold:0.01]]
[2019.04.25-10.25.15:403][  0]LogConfig: Setting CVar [[r.Shadow.DistanceScale:1.0]]
[2019.04.25-10.25.15:403][  0]LogConfig: Setting CVar [[r.Shadow.CSM.TransitionScale:1.0]]
[2019.04.25-10.25.15:403][  0]LogConfig: Setting CVar [[r.Shadow.PreShadowResolutionFactor:1.0]]
[2019.04.25-10.25.15:403][  0]LogConfig: Setting CVar [[r.DistanceFieldShadowing:1]]
[2019.04.25-10.25.15:403][  0]LogConfig: Setting CVar [[r.DistanceFieldAO:1]]
[2019.04.25-10.25.15:403][  0]LogConfig: Setting CVar [[r.AOQuality:2]]
[2019.04.25-10.25.15:403][  0]LogConfig: Setting CVar [[r.VolumetricFog:1]]
[2019.04.25-10.25.15:403][  0]LogConfig: Setting CVar [[r.VolumetricFog.GridPixelSize:8]]
[2019.04.25-10.25.15:403][  0]LogConfig: Setting CVar [[r.VolumetricFog.GridSizeZ:128]]
[2019.04.25-10.25.15:403][  0]LogConfig: Setting CVar [[r.VolumetricFog.HistoryMissSupersampleCount:4]]
[2019.04.25-10.25.15:403][  0]LogConfig: Setting CVar [[r.LightMaxDrawDistanceScale:1]]
[2019.04.25-10.25.15:403][  0]LogConfig: Setting CVar [[r.CapsuleShadows:1]]
[2019.04.25-10.25.15:403][  0]LogConfig: Applying CVar settings from Section [PostProcessQuality@3] File [C:/Users/GENIUS/Documents/Unreal Projects/MultiRestore_Third/Multiplayer-1/Saved/Config/Windows/Scalability.ini]
[2019.04.25-10.25.15:403][  0]LogConfig: Setting CVar [[r.MotionBlurQuality:4]]
[2019.04.25-10.25.15:403][  0]LogConfig: Setting CVar [[r.AmbientOcclusionMipLevelFactor:0.4]]
[2019.04.25-10.25.15:403][  0]LogConfig: Setting CVar [[r.AmbientOcclusionMaxQuality:100]]
[2019.04.25-10.25.15:403][  0]LogConfig: Setting CVar [[r.AmbientOcclusionLevels:-1]]
[2019.04.25-10.25.15:403][  0]LogConfig: Setting CVar [[r.AmbientOcclusionRadiusScale:1.0]]
[2019.04.25-10.25.15:403][  0]LogConfig: Setting CVar [[r.DepthOfFieldQuality:2]]
[2019.04.25-10.25.15:403][  0]LogConfig: Setting CVar [[r.RenderTargetPoolMin:400]]
[2019.04.25-10.25.15:403][  0]LogConfig: Setting CVar [[r.LensFlareQuality:2]]
[2019.04.25-10.25.15:403][  0]LogConfig: Setting CVar [[r.SceneColorFringeQuality:1]]
[2019.04.25-10.25.15:403][  0]LogConfig: Setting CVar [[r.EyeAdaptationQuality:2]]
[2019.04.25-10.25.15:403][  0]LogConfig: Setting CVar [[r.BloomQuality:5]]
[2019.04.25-10.25.15:404][  0]LogConfig: Setting CVar [[r.FastBlurThreshold:100]]
[2019.04.25-10.25.15:404][  0]LogConfig: Setting CVar [[r.Upscale.Quality:3]]
[2019.04.25-10.25.15:404][  0]LogConfig: Setting CVar [[r.Tonemapper.GrainQuantization:1]]
[2019.04.25-10.25.15:404][  0]LogConfig: Setting CVar [[r.LightShaftQuality:1]]
[2019.04.25-10.25.15:404][  0]LogConfig: Setting CVar [[r.Filter.SizeScale:1]]
[2019.04.25-10.25.15:404][  0]LogConfig: Setting CVar [[r.Tonemapper.Quality:5]]
[2019.04.25-10.25.15:404][  0]LogConfig: Setting CVar [[r.DOF.Gather.AccumulatorQuality:1        ; higher gathering accumulator quality]]
[2019.04.25-10.25.15:404][  0]LogConfig: Setting CVar [[r.DOF.Gather.PostfilterMethod:1          ; Median3x3 postfilering method]]
[2019.04.25-10.25.15:404][  0]LogConfig: Setting CVar [[r.DOF.Gather.EnableBokehSettings:0       ; no bokeh simulation when gathering]]
[2019.04.25-10.25.15:404][  0]LogConfig: Setting CVar [[r.DOF.Gather.RingCount:4                 ; medium number of samples when gathering]]
[2019.04.25-10.25.15:404][  0]LogConfig: Setting CVar [[r.DOF.Scatter.ForegroundCompositing:1    ; additive foreground scattering]]
[2019.04.25-10.25.15:404][  0]LogConfig: Setting CVar [[r.DOF.Scatter.BackgroundCompositing:2    ; additive background scattering]]
[2019.04.25-10.25.15:404][  0]LogConfig: Setting CVar [[r.DOF.Scatter.EnableBokehSettings:1      ; bokeh simulation when scattering]]
[2019.04.25-10.25.15:404][  0]LogConfig: Setting CVar [[r.DOF.Scatter.MaxSpriteRatio:0.1         ; only a maximum of 10% of scattered bokeh]]
[2019.04.25-10.25.15:404][  0]LogConfig: Setting CVar [[r.DOF.Recombine.Quality:1                ; cheap slight out of focus]]
[2019.04.25-10.25.15:404][  0]LogConfig: Setting CVar [[r.DOF.Recombine.EnableBokehSettings:0    ; no bokeh simulation on slight out of focus]]
[2019.04.25-10.25.15:404][  0]LogConfig: Setting CVar [[r.DOF.TemporalAAQuality:1                ; more stable temporal accumulation]]
[2019.04.25-10.25.15:404][  0]LogConfig: Setting CVar [[r.DOF.Kernel.MaxForegroundRadius:0.025]]
[2019.04.25-10.25.15:404][  0]LogConfig: Setting CVar [[r.DOF.Kernel.MaxBackgroundRadius:0.025]]
[2019.04.25-10.25.15:404][  0]LogConfig: Applying CVar settings from Section [TextureQuality@3] File [C:/Users/GENIUS/Documents/Unreal Projects/MultiRestore_Third/Multiplayer-1/Saved/Config/Windows/Scalability.ini]
[2019.04.25-10.25.15:404][  0]LogConfig: Setting CVar [[r.Streaming.MipBias:0]]
[2019.04.25-10.25.15:404][  0]LogConfig: Setting CVar [[r.Streaming.AmortizeCPUToGPUCopy:0]]
[2019.04.25-10.25.15:404][  0]LogConfig: Setting CVar [[r.Streaming.MaxNumTexturesToStreamPerFrame:0]]
[2019.04.25-10.25.15:404][  0]LogConfig: Setting CVar [[r.Streaming.Boost:1]]
[2019.04.25-10.25.15:404][  0]LogConfig: Setting CVar [[r.MaxAnisotropy:8]]
[2019.04.25-10.25.15:404][  0]LogConfig: Setting CVar [[r.Streaming.LimitPoolSizeToVRAM:0]]
[2019.04.25-10.25.15:404][  0]LogConfig: Setting CVar [[r.Streaming.PoolSize:1000]]
[2019.04.25-10.25.15:404][  0]LogConfig: Setting CVar [[r.Streaming.MaxEffectiveScreenSize:0]]
[2019.04.25-10.25.15:404][  0]LogConfig: Applying CVar settings from Section [EffectsQuality@3] File [C:/Users/GENIUS/Documents/Unreal Projects/MultiRestore_Third/Multiplayer-1/Saved/Config/Windows/Scalability.ini]
[2019.04.25-10.25.15:404][  0]LogConfig: Setting CVar [[r.TranslucencyLightingVolumeDim:64]]
[2019.04.25-10.25.15:404][  0]LogConfig: Setting CVar [[r.RefractionQuality:2]]
[2019.04.25-10.25.15:404][  0]LogConfig: Setting CVar [[r.SSR.Quality:3]]
[2019.04.25-10.25.15:404][  0]LogConfig: Setting CVar [[r.SceneColorFormat:4]]
[2019.04.25-10.25.15:404][  0]LogConfig: Setting CVar [[r.DetailMode:2]]
[2019.04.25-10.25.15:404][  0]LogConfig: Setting CVar [[r.TranslucencyVolumeBlur:1]]
[2019.04.25-10.25.15:404][  0]LogConfig: Setting CVar [[r.MaterialQualityLevel:1 ; High quality]]
[2019.04.25-10.25.15:404][  0]LogConfig: Setting CVar [[r.SSS.Scale:1]]
[2019.04.25-10.25.15:404][  0]LogConfig: Setting CVar [[r.SSS.SampleSet:2]]
[2019.04.25-10.25.15:404][  0]LogConfig: Setting CVar [[r.SSS.Quality:1]]
[2019.04.25-10.25.15:404][  0]LogConfig: Setting CVar [[r.SSS.HalfRes:1]]
[2019.04.25-10.25.15:405][  0]LogConfig: Setting CVar [[r.EmitterSpawnRateScale:1.0]]
[2019.04.25-10.25.15:405][  0]LogConfig: Setting CVar [[r.ParticleLightQuality:2]]
[2019.04.25-10.25.15:405][  0]LogConfig: Applying CVar settings from Section [FoliageQuality@3] File [C:/Users/GENIUS/Documents/Unreal Projects/MultiRestore_Third/Multiplayer-1/Saved/Config/Windows/Scalability.ini]
[2019.04.25-10.25.15:405][  0]LogConfig: Setting CVar [[foliage.DensityScale:1.0]]
[2019.04.25-10.25.15:405][  0]LogConfig: Setting CVar [[grass.DensityScale:1.0]]
[2019.04.25-10.25.15:405][  0]LogConfig: Applying CVar settings from Section [Startup] File [../../../Engine/Config/ConsoleVariables.ini]
[2019.04.25-10.25.15:435][  0]LogConfig: Setting CVar [[net.UseAdaptiveNetUpdateFrequency:0]]
[2019.04.25-10.25.15:436][  0]LogConfig: Applying CVar settings from Section [ConsoleVariables] File [C:/Users/GENIUS/Documents/Unreal Projects/MultiRestore_Third/Multiplayer-1/Saved/Config/Windows/Engine.ini]
[2019.04.25-10.25.15:436][  0]LogInit: Computer: DESKTOP-074QD8U
[2019.04.25-10.25.15:436][  0]LogInit: User: GENIUS
[2019.04.25-10.25.15:436][  0]LogInit: CPU Page size=4096, Cores=2
[2019.04.25-10.25.15:436][  0]LogInit: High frequency timer resolution =10.000000 MHz
[2019.04.25-10.25.15:436][  0]LogMemory: Memory total: Physical=3.8GB (4GB approx)
[2019.04.25-10.25.15:436][  0]LogMemory: Platform Memory Stats for Windows
[2019.04.25-10.25.15:436][  0]LogMemory: Process Physical Memory: 103.41 MB used, 103.41 MB peak
[2019.04.25-10.25.15:436][  0]LogMemory: Process Virtual Memory: 84.51 MB used, 84.51 MB peak
[2019.04.25-10.25.15:436][  0]LogMemory: Physical Memory: 2484.96 MB used,  1447.40 MB free, 3932.36 MB total
[2019.04.25-10.25.15:436][  0]LogMemory: Virtual Memory: 4617.84 MB used,  134213112.00 MB free, 134217728.00 MB total
[2019.04.25-10.25.15:721][  0]LogInit: Using OS detected language (ru-RU).
[2019.04.25-10.25.15:721][  0]LogInit: Using OS detected locale (ru-RU).
[2019.04.25-10.25.15:753][  0]LogTextLocalizationManager: No specific localization for 'ru-RU' exists, so the 'ru' localization will be used.
[2019.04.25-10.25.15:874][  0]LogStreaming: Display: Took  0.153s to InitEngineTextLocalization.
[2019.04.25-10.25.15:875][  0]LogInit: Setting process to per monitor DPI aware
[2019.04.25-10.25.16:517][  0]LogSlate: New Slate User Created.  User Index 0, Is Virtual User: 0
[2019.04.25-10.25.16:517][  0]LogSlate: Slate User Registered.  User Index 0, Is Virtual User: 0
[2019.04.25-10.25.18:091][  0]LogHMD: Failed to initialize OpenVR with code 110
[2019.04.25-10.25.18:091][  0]LogD3D11RHI: D3D11 adapters:
[2019.04.25-10.25.18:529][  0]LogD3D11RHI:    0. 'NVIDIA GeForce GT 620M' (Feature Level 11_0)
[2019.04.25-10.25.18:530][  0]LogD3D11RHI:       978/0/1966 MB DedicatedVideo/DedicatedSystem/SharedSystem, Outputs:1, VendorId:0x10de
[2019.04.25-10.25.18:590][  0]LogD3D11RHI:    1. 'NVIDIA GeForce GT 620M' (Feature Level 11_0)
[2019.04.25-10.25.18:590][  0]LogD3D11RHI:       978/0/1966 MB DedicatedVideo/DedicatedSystem/SharedSystem, Outputs:0, VendorId:0x10de
[2019.04.25-10.25.18:701][  0]LogD3D11RHI:    2. 'Microsoft Basic Render Driver' (Feature Level 11_0)
[2019.04.25-10.25.18:701][  0]LogD3D11RHI:       978/0/1966 MB DedicatedVideo/DedicatedSystem/SharedSystem, Outputs:0, VendorId:0x1414
[2019.04.25-10.25.18:701][  0]LogD3D11RHI: Chosen D3D11 Adapter: 0
[2019.04.25-10.25.18:718][  0]LogD3D11RHI: Creating new Direct3DDevice
[2019.04.25-10.25.18:719][  0]LogD3D11RHI:     GPU DeviceId: 0x1140 (for the marketing name, search the web for "GPU Device Id")
[2019.04.25-10.25.18:719][  0]LogWindows: EnumDisplayDevices:
[2019.04.25-10.25.18:719][  0]LogWindows:    0. 'Intel(R) HD Graphics' (P:1 D:1)
[2019.04.25-10.25.18:720][  0]LogWindows:    1. 'Intel(R) HD Graphics' (P:0 D:0)
[2019.04.25-10.25.18:720][  0]LogWindows:    2. 'NVIDIA GeForce GT 620M' (P:0 D:0)
[2019.04.25-10.25.18:721][  0]LogWindows: DebugString: PrimaryIsNotTheChoosenAdapter PrimaryIsNotTheChoosenAdapter 
[2019.04.25-10.25.18:721][  0]LogD3D11RHI:     Adapter Name: NVIDIA GeForce GT 620M
[2019.04.25-10.25.18:721][  0]LogD3D11RHI:   Driver Version: 376.54 (internal:21.21.13.7654, unified:376.54)
[2019.04.25-10.25.18:721][  0]LogD3D11RHI:      Driver Date: 12-29-2016
[2019.04.25-10.25.18:721][  0]LogRHI: Texture pool is 685 MB (70% of 978 MB)
[2019.04.25-10.25.18:790][  0]LogD3D11RHI: Display: Timestamp queries are currently disabled on this hardware due to instability. Realtime GPU stats will not be available. You can override this behaviour by setting r.NVIDIATimestampWorkaround to 0
[2019.04.25-10.25.18:791][  0]LogD3D11RHI: Async texture creation enabled
[2019.04.25-10.25.18:815][  0]LogD3D11RHI: GPU Timing Frequency: 1000.000000 (Debug: 2 2)
[2019.04.25-10.25.21:329][  0]LogTemp: Display: Loaded TP AllDesktopTargetPlatform
[2019.04.25-10.25.21:361][  0]LogTemp: Display: Loaded TP MacClientTargetPlatform
[2019.04.25-10.25.21:404][  0]LogTemp: Display: Loaded TP MacNoEditorTargetPlatform
[2019.04.25-10.25.21:447][  0]LogTemp: Display: Loaded TP MacServerTargetPlatform
[2019.04.25-10.25.21:492][  0]LogTemp: Display: Loaded TP MacTargetPlatform
[2019.04.25-10.25.21:541][  0]LogTemp: Display: Loaded TP WindowsClientTargetPlatform
[2019.04.25-10.25.21:607][  0]LogTemp: Display: Loaded TP WindowsNoEditorTargetPlatform
[2019.04.25-10.25.21:635][  0]LogTemp: Display: Loaded TP WindowsServerTargetPlatform
[2019.04.25-10.25.21:656][  0]LogTemp: Display: Loaded TP WindowsTargetPlatform
[2019.04.25-10.25.21:839][  0]LogTemp: Display: Loaded TP AndroidTargetPlatform
[2019.04.25-10.25.21:839][  0]LogTemp: Display: Loaded TP AndroidTargetPlatform
[2019.04.25-10.25.21:839][  0]LogTemp: Display: Loaded TP AndroidTargetPlatform
[2019.04.25-10.25.21:839][  0]LogTemp: Display: Loaded TP AndroidTargetPlatform
[2019.04.25-10.25.21:839][  0]LogTemp: Display: Loaded TP AndroidTargetPlatform
[2019.04.25-10.25.21:839][  0]LogTemp: Display: Loaded TP AndroidTargetPlatform
[2019.04.25-10.25.21:839][  0]LogTemp: Display: Loaded TP AndroidTargetPlatform
[2019.04.25-10.25.21:839][  0]LogTemp: Display: Loaded TP AndroidTargetPlatform
[2019.04.25-10.25.21:839][  0]LogTemp: Display: Loaded TP AndroidTargetPlatform
[2019.04.25-10.25.21:839][  0]LogTemp: Display: Loaded TP AndroidTargetPlatform
[2019.04.25-10.25.21:839][  0]LogTemp: Display: Loaded TP AndroidTargetPlatform
[2019.04.25-10.25.21:839][  0]LogTemp: Display: Loaded TP AndroidTargetPlatform
[2019.04.25-10.25.21:839][  0]LogTemp: Display: Loaded TP AndroidTargetPlatform
[2019.04.25-10.25.21:839][  0]LogTemp: Display: Loaded TP AndroidTargetPlatform
[2019.04.25-10.25.21:839][  0]LogTemp: Display: Loaded TP AndroidTargetPlatform
[2019.04.25-10.25.21:839][  0]LogTemp: Display: Loaded TP AndroidTargetPlatform
[2019.04.25-10.25.21:839][  0]LogTemp: Display: Loaded TP AndroidTargetPlatform
[2019.04.25-10.25.21:839][  0]LogTemp: Display: Loaded TP AndroidTargetPlatform
[2019.04.25-10.25.21:859][  0]LogTemp: Display: Loaded TP HTML5TargetPlatform
[2019.04.25-10.25.21:983][  0]LogTemp: Display: Loaded TP IOSTargetPlatform
[2019.04.25-10.25.21:983][  0]LogTemp: Display: Loaded TP IOSTargetPlatform
[2019.04.25-10.25.22:039][  0]LogTemp: Display: Loaded TP TVOSTargetPlatform
[2019.04.25-10.25.22:039][  0]LogTemp: Display: Loaded TP TVOSTargetPlatform
[2019.04.25-10.25.22:071][  0]LogTemp: Display: Loaded TP LinuxClientTargetPlatform
[2019.04.25-10.25.22:102][  0]LogTemp: Display: Loaded TP LinuxNoEditorTargetPlatform
[2019.04.25-10.25.22:156][  0]LogTemp: Display: Loaded TP LinuxServerTargetPlatform
[2019.04.25-10.25.22:265][  0]LogTemp: Display: Loaded TP LinuxTargetPlatform
[2019.04.25-10.25.22:396][  0]LogTemp: Display: Loaded TP LuminTargetPlatform
[2019.04.25-10.25.22:396][  0]LogTemp: Display: Loaded TP LuminTargetPlatform
[2019.04.25-10.25.22:396][  0]LogTargetPlatformManager: Display: Building Assets For Windows
[2019.04.25-10.25.23:326][  0]LogShaderCompilers: Guid format shader working directory is -26 characters bigger than the processId version (C:/Users/GENIUS/Documents/Unreal Projects/MultiRestore_Third/Multiplayer-1/Intermediate/Shaders/WorkingDirectory/356/).
[2019.04.25-10.25.23:326][  0]LogShaderCompilers: Cleaned the shader compiler working directory 'C:/Users/GENIUS/AppData/Local/Temp/UnrealShaderWorkingDir/69FF5C6E4886C09974D1CAA67EE91681/'.
[2019.04.25-10.25.23:339][  0]LogXGEController: Cannot use XGE Controller as Incredibuild is not installed on this machine.
[2019.04.25-10.25.23:339][  0]LogShaderCompilers: Cannot use XGE Shader Compiler as Incredibuild is not installed on this machine.
[2019.04.25-10.25.23:339][  0]LogShaderCompilers: Display: Using Local Shader Compiler.
[2019.04.25-10.25.26:099][  0]LogDerivedDataCache: Display: Max Cache Size: 512 MB
[2019.04.25-10.25.27:309][  0]LogDerivedDataCache: Loaded boot cache 1.21s 71MB C:/Users/GENIUS/AppData/Local/UnrealEngine/4.21/DerivedDataCache/Boot.ddc.
[2019.04.25-10.25.27:309][  0]LogDerivedDataCache: Display: Loaded Boot cache: C:/Users/GENIUS/AppData/Local/UnrealEngine/4.21/DerivedDataCache/Boot.ddc
[2019.04.25-10.25.27:309][  0]LogDerivedDataCache: FDerivedDataBackendGraph:  Pak pak cache file C:/Users/GENIUS/Documents/Unreal Projects/MultiRestore_Third/Multiplayer-1/DerivedDataCache/DDC.ddp not found, will not use a pak cache.
[2019.04.25-10.25.27:309][  0]LogDerivedDataCache: Unable to find inner node Pak for hierarchical cache Hierarchy.
[2019.04.25-10.25.27:309][  0]LogDerivedDataCache: FDerivedDataBackendGraph:  CompressedPak pak cache file C:/Users/GENIUS/Documents/Unreal Projects/MultiRestore_Third/Multiplayer-1/DerivedDataCache/Compressed.ddp not found, will not use a pak cache.
[2019.04.25-10.25.27:309][  0]LogDerivedDataCache: Unable to find inner node CompressedPak for hierarchical cache Hierarchy.
[2019.04.25-10.25.27:401][  0]LogDerivedDataCache: Display: Pak cache opened for reading ../../../Engine/DerivedDataCache/Compressed.ddp.
[2019.04.25-10.25.27:408][  0]LogDerivedDataCache: Display: Pak cache opened for reading ../../../Enterprise/DerivedDataCache/Compressed.ddp.
[2019.04.25-10.25.27:421][  0]LogDerivedDataCache: Using Local data cache path C:/Users/GENIUS/AppData/Local/UnrealEngine/Common/DerivedDataCache: Writable
[2019.04.25-10.25.27:421][  0]LogDerivedDataCache: Shared data cache path not found in *engine.ini, will not use an Shared cache.
[2019.04.25-10.25.27:421][  0]LogDerivedDataCache: Unable to find inner node Shared for hierarchical cache Hierarchy.
[2019.04.25-10.25.27:465][  0]LogMaterial: Verifying Global Shaders for PCD3D_SM5
[2019.04.25-10.25.27:467][  0]LogSlate: Using FreeType 2.6.0
[2019.04.25-10.25.27:495][  0]LogSlate: SlateFontServices - WITH_FREETYPE: 1, WITH_HARFBUZZ: 1
[2019.04.25-10.25.28:467][  0]LogAssetRegistry: FAssetRegistry took 0.0438 seconds to start up
[2019.04.25-10.25.29:238][  0]LogInit: Selected Device Profile: [Windows]
[2019.04.25-10.25.30:327][  0]LogSimplygon: Simplygon DLL not present - disabling.
[2019.04.25-10.25.30:522][  0]LogMeshReduction: Using SimplygonSwarm for distributed automatic mesh merging
[2019.04.25-10.25.30:522][  0]LogMeshReduction: Using ProxyLODMeshReduction for automatic mesh merging
[2019.04.25-10.25.30:523][  0]LogMeshReduction: Using QuadricMeshReduction for automatic static mesh reduction
[2019.04.25-10.25.30:523][  0]LogMeshReduction: No automatic skeletal mesh reduction module available
[2019.04.25-10.25.30:549][  0]LogNetVersion: MultiRestore_Third 1.0.0, NetCL: 4541578, EngineNetVer: 5, GameNetVer: 0 (Checksum: 941349476)
[2019.04.25-10.25.32:669][  0]LogPackageLocalizationCache: Processed 14 localized package path(s) for 2 prioritized culture(s) in 0.407788 seconds
[2019.04.25-10.25.32:679][  0]LogUObjectArray: 39775 objects as part of root set at end of initial load.
[2019.04.25-10.25.32:680][  0]LogUObjectAllocator: 6914656 out of 0 bytes used by permanent object pool.
[2019.04.25-10.25.32:680][  0]LogUObjectArray: CloseDisregardForGC: 0/0 objects in disregard for GC pool
[2019.04.25-10.25.42:797][  0]LogTcpMessaging: Initializing TcpMessaging bridge
[2019.04.25-10.25.42:830][  0]LogUdpMessaging: Initializing bridge on interface 0.0.0.0:0 to multicast group 230.0.0.1:6666.
[2019.04.25-10.25.44:400][  0]SourceControl: Source control is disabled
[2019.04.25-10.25.44:400][  0]SourceControl: Source control is disabled
[2019.04.25-10.25.44:451][  0]SourceControl: Source control is disabled
[2019.04.25-10.25.44:471][  0]SourceControl: Source control is disabled
[2019.04.25-10.25.45:557][  0]LogAndroidPermission: UAndroidPermissionCallbackProxy::GetInstance
[2019.04.25-10.25.45:827][  0]LogOcInput: OculusInput pre-init called
[2019.04.25-10.25.51:647][  0]LogEngine: Initializing Engine...
[2019.04.25-10.25.51:648][  0]LogHMD: Failed to initialize OpenVR with code 110
[2019.04.25-10.25.51:651][  0]LogStats: UGameplayTagsManager::ConstructGameplayTagTree: ImportINI prefixes -  0.000 s
[2019.04.25-10.25.51:651][  0]LogStats: UGameplayTagsManager::ConstructGameplayTagTree: Construct from data asset -  0.000 s
[2019.04.25-10.25.51:651][  0]LogStats: UGameplayTagsManager::ConstructGameplayTagTree: ImportINI -  0.000 s
[2019.04.25-10.25.51:651][  0]LogStats: UGameplayTagsManager::ConstructGameplayTagTree: GameplayTagTreeChangedEvent.Broadcast -  0.000 s
[2019.04.25-10.25.52:118][  0]LogInit: Initializing FReadOnlyCVARCache
[2019.04.25-10.25.52:292][  0]LogAIModule: Creating AISystem for world Untitled
[2019.04.25-10.25.52:335][  0]LogInit: XAudio2 using 'Динамики (2- Устройство с поддержкой High Definition Audio)' : 2 channels at 44.1 kHz using 16 bits per sample (channel mask 0x3)
[2019.04.25-10.25.52:364][  0]LogInit: FAudioDevice initialized.
[2019.04.25-10.25.52:365][  0]LogNetVersion: Set ProjectVersion to 1.0.0.0. Version Checksum will be recalculated on next use.
[2019.04.25-10.25.52:609][  0]LogDerivedDataCache: Saved boot cache 0.24s 71MB C:/Users/GENIUS/AppData/Local/UnrealEngine/4.21/DerivedDataCache/Boot.ddc.
[2019.04.25-10.25.52:619][  0]LogInit: Texture streaming: Enabled
[2019.04.25-10.25.52:724][  0]LogEngineSessionManager: EngineSessionManager initialized
[2019.04.25-10.25.52:785][  0]LogInit: Transaction tracking system initialized
[2019.04.25-10.25.52:985][  0]BlueprintLog: New page: Editor Load
[2019.04.25-10.25.54:972][  0]LocalizationService: Localization service is disabled
[2019.04.25-10.25.57:117][  0]LogCook: Display: Max memory allowance for cook 16384mb min free memory 0mb
[2019.04.25-10.25.57:118][  0]LogCook: Display: Mobile HDR setting 1
[2019.04.25-10.25.57:118][  0]LogGameplayTags: Display: UGameplayTagsManager::DoneAddingNativeTags. DelegateIsBound: 0
[2019.04.25-10.25.57:118][  0]LogStats: UGameplayTagsManager::ConstructGameplayTagTree: ImportINI prefixes -  0.000 s
[2019.04.25-10.25.57:118][  0]LogStats: UGameplayTagsManager::ConstructGameplayTagTree: Construct from data asset -  0.000 s
[2019.04.25-10.25.57:118][  0]LogStats: UGameplayTagsManager::ConstructGameplayTagTree: ImportINI -  0.000 s
[2019.04.25-10.25.57:118][  0]LogStats: UGameplayTagsManager::ConstructGameplayTagTree: GameplayTagTreeChangedEvent.Broadcast -  0.000 s
[2019.04.25-10.25.58:415][  0]LogFileCache: Scanning file cache for directory 'C:/Users/GENIUS/Documents/Unreal Projects/MultiRestore_Third/Multiplayer-1/Content/' took 0.13s
[2019.04.25-10.26.02:227][  0]SourceControl: Source control is disabled
[2019.04.25-10.26.02:551][  0]LogSlate: Updating window title bar state: overlay mode, drag disabled, window buttons hidden, title bar hidden
[2019.04.25-10.26.02:565][  0]LogSlate: Updating window title bar state: overlay mode, drag disabled, window buttons hidden, title bar hidden
[2019.04.25-10.26.02:579][  0]LogSlate: Updating window title bar state: overlay mode, drag disabled, window buttons hidden, title bar hidden
[2019.04.25-10.26.02:594][  0]LogSlate: Updating window title bar state: overlay mode, drag disabled, window buttons hidden, title bar hidden
[2019.04.25-10.26.02:687][  0]LogCollectionManager: Loaded 0 collections in 0.027882 seconds
[2019.04.25-10.26.02:750][  0]LogFileCache: Scanning file cache for directory 'C:/Users/GENIUS/Documents/Unreal Projects/MultiRestore_Third/Multiplayer-1/Saved/Collections/' took 0.01s
[2019.04.25-10.26.02:750][  0]LogFileCache: Scanning file cache for directory 'C:/Users/GENIUS/Documents/Unreal Projects/MultiRestore_Third/Multiplayer-1/Content/Developers/GENIUS/Collections/' took 0.00s
[2019.04.25-10.26.02:750][  0]LogFileCache: Scanning file cache for directory 'C:/Users/GENIUS/Documents/Unreal Projects/MultiRestore_Third/Multiplayer-1/Content/Collections/' took 0.00s
[2019.04.25-10.26.02:750][  0]LogCollectionManager: Rebuilt the GUID cache for 0 collections in 0.000001 seconds
[2019.04.25-10.26.02:768][  0]LogContentBrowser: Native class hierarchy populated in 0.0168 seconds. Added 2709 classes and 653 folders.
[2019.04.25-10.26.02:824][  0]LogContentBrowser: Native class hierarchy updated for 'WidgetCarousel' in 0.0004 seconds. Added 0 classes and 0 folders.
[2019.04.25-10.26.02:839][  0]LogPakFile: Registered encryption key '00000000000000000000000000000000': 0 pak files mounted, 0 remain pending
[2019.04.25-10.26.02:870][  0]LogPakFile: Registered encryption key '00000000000000000000000000000000': 0 pak files mounted, 0 remain pending
[2019.04.25-10.26.02:872][  0]LogPakFile: Registered encryption key '00000000000000000000000000000000': 0 pak files mounted, 0 remain pending
[2019.04.25-10.26.02:881][  0]LogPakFile: Registered encryption key '00000000000000000000000000000000': 0 pak files mounted, 0 remain pending
[2019.04.25-10.26.02:883][  0]LogPakFile: Registered encryption key '00000000000000000000000000000000': 0 pak files mounted, 0 remain pending
[2019.04.25-10.26.02:885][  0]LogPakFile: Registered encryption key '00000000000000000000000000000000': 0 pak files mounted, 0 remain pending
[2019.04.25-10.26.02:898][  0]LogPakFile: Registered encryption key '00000000000000000000000000000000': 0 pak files mounted, 0 remain pending
[2019.04.25-10.26.02:900][  0]LogPakFile: Registered encryption key '00000000000000000000000000000000': 0 pak files mounted, 0 remain pending
[2019.04.25-10.26.02:902][  0]LogPakFile: Registered encryption key '00000000000000000000000000000000': 0 pak files mounted, 0 remain pending
[2019.04.25-10.26.02:904][  0]LogPakFile: Registered encryption key '00000000000000000000000000000000': 0 pak files mounted, 0 remain pending
[2019.04.25-10.26.02:906][  0]LogPakFile: Registered encryption key '00000000000000000000000000000000': 0 pak files mounted, 0 remain pending
[2019.04.25-10.26.02:908][  0]LogPakFile: Registered encryption key '00000000000000000000000000000000': 0 pak files mounted, 0 remain pending
[2019.04.25-10.26.02:910][  0]LogPakFile: Registered encryption key '00000000000000000000000000000000': 0 pak files mounted, 0 remain pending
[2019.04.25-10.26.02:912][  0]LogPakFile: Registered encryption key '00000000000000000000000000000000': 0 pak files mounted, 0 remain pending
[2019.04.25-10.26.02:914][  0]LogPakFile: Registered encryption key '00000000000000000000000000000000': 0 pak files mounted, 0 remain pending
[2019.04.25-10.26.02:916][  0]LogPakFile: Registered encryption key '00000000000000000000000000000000': 0 pak files mounted, 0 remain pending
[2019.04.25-10.26.02:918][  0]LogPakFile: Registered encryption key '00000000000000000000000000000000': 0 pak files mounted, 0 remain pending
[2019.04.25-10.26.02:920][  0]LogPakFile: Registered encryption key '00000000000000000000000000000000': 0 pak files mounted, 0 remain pending
[2019.04.25-10.26.02:922][  0]LogPakFile: Registered encryption key '00000000000000000000000000000000': 0 pak files mounted, 0 remain pending
[2019.04.25-10.26.02:924][  0]LogPakFile: Registered encryption key '00000000000000000000000000000000': 0 pak files mounted, 0 remain pending
[2019.04.25-10.26.02:926][  0]LogPakFile: Registered encryption key '00000000000000000000000000000000': 0 pak files mounted, 0 remain pending
[2019.04.25-10.26.02:928][  0]LogPakFile: Registered encryption key '00000000000000000000000000000000': 0 pak files mounted, 0 remain pending
[2019.04.25-10.26.02:930][  0]LogPakFile: Registered encryption key '00000000000000000000000000000000': 0 pak files mounted, 0 remain pending
[2019.04.25-10.26.02:932][  0]LogPakFile: Registered encryption key '00000000000000000000000000000000': 0 pak files mounted, 0 remain pending
[2019.04.25-10.26.02:934][  0]LogPakFile: Registered encryption key '00000000000000000000000000000000': 0 pak files mounted, 0 remain pending
[2019.04.25-10.26.02:937][  0]LogPakFile: Registered encryption key '00000000000000000000000000000000': 0 pak files mounted, 0 remain pending
[2019.04.25-10.26.02:939][  0]LogPakFile: Registered encryption key '00000000000000000000000000000000': 0 pak files mounted, 0 remain pending
[2019.04.25-10.26.02:950][  0]LogPakFile: Registered encryption key '00000000000000000000000000000000': 0 pak files mounted, 0 remain pending
[2019.04.25-10.26.03:645][  0]LogContentBrowser: Native class hierarchy updated for 'AddContentDialog' in 0.0004 seconds. Added 0 classes and 0 folders.
[2019.04.25-10.26.03:675][  0]LogContentBrowser: Native class hierarchy updated for 'SceneOutliner' in 0.0005 seconds. Added 1 classes and 2 folders.
[2019.04.25-10.26.03:760][  0]LogSlate: Took 0.023815 seconds to synchronously load lazily loaded font '../../../Engine/Content/Slate/Fonts/Roboto-Regular.ttf' (155K)
[2019.04.25-10.26.03:769][  0]LogSlate: Took 0.005370 seconds to synchronously load lazily loaded font '../../../Engine/Content/Slate/Fonts/Roboto-Bold.ttf' (160K)
[2019.04.25-10.26.03:802][  0]LogSlate: Took 0.013267 seconds to synchronously load lazily loaded font '../../../Engine/Content/Editor/Slate/Fonts/FontAwesome.ttf' (139K)
[2019.04.25-10.26.03:939][  0]LogRenderer: Reallocating scene render targets to support 744x388 Format 10 NumSamples 1 (Frame:1).
[2019.04.25-10.26.04:563][  0]LogContentBrowser: Native class hierarchy updated for 'HierarchicalLODOutliner' in 0.0005 seconds. Added 0 classes and 0 folders.
[2019.04.25-10.26.04:563][  0]LogLoad: (Engine Initialization) Total time: 78.94 seconds
[2019.04.25-10.26.04:563][  0]LogLoad: (Engine Initialization) Total Blueprint compile time: 0.00 seconds
[2019.04.25-10.26.04:661][  0]LogAssetRegistry: Asset discovery search completed in 36.2162 seconds
[2019.04.25-10.26.04:665][  0]LogCollectionManager: Rebuilt the object cache for 0 collections in 0.000001 seconds (found 0 objects)
[2019.04.25-10.26.04:666][  0]LogCollectionManager: Fixed up redirectors for 0 collections in 0.000118 seconds (updated 0 objects)
[2019.04.25-10.26.04:667][  0]LogContentStreaming: Texture pool size now 1000 MB
[2019.04.25-10.26.04:755][  0]LogSlate: Took 0.000241 seconds to synchronously load lazily loaded font '../../../Engine/Content/Slate/Fonts/Roboto-Light.ttf' (167K)
[2019.04.25-10.26.06:432][  3]LogSlate: Took 0.000318 seconds to synchronously load lazily loaded font '../../../Engine/Content/Slate/Fonts/Roboto-Light.ttf' (167K)
[2019.04.25-10.28.41:955][257]LogSlate: FSceneViewport::OnFocusLost() reason 0
[2019.04.25-10.28.43:724][262]LogAssetEditorManager: Opening Asset editor for Blueprint /Game/ThirdPersonBP/Blueprints/ThirdPersonCharacter.ThirdPersonCharacter
[2019.04.25-10.28.44:837][262]LogContentBrowser: Native class hierarchy updated for 'BlueprintGraph' in 0.0011 seconds. Added 117 classes and 0 folders.
[2019.04.25-10.28.46:791][262]LogAssetEditorManager: Opening Asset editor for Blueprint /Game/ThirdPersonBP/Maps/Custom_GameInstance.Custom_GameInstance
[2019.04.25-10.28.47:543][262]LogSlate: Took 0.000258 seconds to synchronously load lazily loaded font '../../../Engine/Content/Slate/Fonts/Roboto-BoldCondensed.ttf' (158K)
[2019.04.25-10.28.48:756][263]LogSlate: Took 0.000254 seconds to synchronously load lazily loaded font '../../../Engine/Content/Slate/Fonts/Roboto-Italic.ttf' (157K)
[2019.04.25-10.28.53:893][531]LogSlate: Window 'Custom_GameInstance' being destroyed
[2019.04.25-10.36.04:869][148]LogFileHelpers: Editor autosave (incl. sublevels) for '/Temp/Untitled_0' took 0.111
[2019.04.25-10.36.04:931][148]OBJ SavePackage: Generating thumbnails for [0] asset(s) in package [/Game/ThirdPersonBP/Maps/Custom_GameInstance] ([1] browsable assets)...
[2019.04.25-10.36.04:931][148]OBJ SavePackage: Finished generating thumbnails for package [/Game/ThirdPersonBP/Maps/Custom_GameInstance]
[2019.04.25-10.36.05:716][148]LogSavePackage: Moving 'C:/Users/GENIUS/Documents/Unreal Projects/MultiRestore_Third/Multiplayer-1/Saved/Custom_GameInstance_Auto1A0AF46F34E7E4713C8DE21A1746A74C7.tmp' to 'C:/Users/GENIUS/Documents/Unreal Projects/MultiRestore_Third/Multiplayer-1/Saved/Autosaves/Game/ThirdPersonBP/Maps/Custom_GameInstance_Auto1.uasset'
[2019.04.25-10.36.05:731][148]LogFileHelpers: Auto-saving content packages took 0.861
[2019.04.25-10.41.34:169][710]LogAIModule: Creating AISystem for world MainMenu
[2019.04.25-10.41.34:447][710]LogAssetEditorManager: Opening Asset editor for World /Game/ThirdPersonBP/Maps/MainMenu.MainMenu
[2019.04.25-10.41.35:800][710]LogSlate: Window 'Save Content' being destroyed
[2019.04.25-10.41.35:868][710]LogSavePackage: Moving 'C:/Users/GENIUS/Documents/Unreal Projects/MultiRestore_Third/Multiplayer-1/Saved/Custom_GameInstanceCEEA9F204359AA7441D9E7ACA521AAE2.tmp' to 'C:/Users/GENIUS/Documents/Unreal Projects/MultiRestore_Third/Multiplayer-1/Content/ThirdPersonBP/Maps/Custom_GameInstance.uasset'
[2019.04.25-10.41.35:891][710]Cmd: MAP LOAD FILE="C:/Users/GENIUS/Documents/Unreal Projects/MultiRestore_Third/Multiplayer-1/Content/ThirdPersonBP/Maps/MainMenu.umap" TEMPLATE=0 SHOWPROGRESS=1 FEATURELEVEL=3
[2019.04.25-10.41.35:891][710]LightingResults: New page: Lighting Build
[2019.04.25-10.41.35:917][710]LogContentBrowser: Native class hierarchy updated for 'StatsViewer' in 0.0005 seconds. Added 5 classes and 0 folders.
[2019.04.25-10.41.35:918][710]LoadErrors: New page: Loading map: MainMenu.umap
[2019.04.25-10.41.35:919][710]MapCheck: New page: Map Check
[2019.04.25-10.41.35:919][710]LightingResults: New page: Lighting Build
[2019.04.25-10.41.36:075][710]LogEditorServer: Finished looking for orphan Actors (0.000 secs)
[2019.04.25-10.41.36:181][710]Cmd: MAP CHECKDEP NOCLEARLOG
[2019.04.25-10.41.36:182][710]MapCheck: Map check complete: 0 Error(s), 0 Warning(s), took 0,231ms to complete.
[2019.04.25-10.41.36:182][710]LogFileHelpers: Loading map 'MainMenu' took 0.312
[2019.04.25-10.41.41:349][996]LogEditorViewport: Clicking on Actor (LMB): CineCameraActor (CineCameraActor1)
[2019.04.25-10.41.45:837][141]Cmd: CAMERA ALIGN ACTIVEVIEWPORTONLY
[2019.04.25-10.42.15:855][449]LogSlate: FSceneViewport::OnFocusLost() reason 0
[2019.04.25-10.42.20:597][655]LogActorFactory: Actor Factory created Cube
[2019.04.25-10.42.27:188][  2]LogActorFactory: Actor Factory created Cube
[2019.04.25-10.42.29:180][ 58]LogEditorViewport: Clicking on Actor (LMB): CineCameraActor (CineCameraActor1)
[2019.04.25-10.42.30:689][114]LogEditorViewport: Clicking on Actor (LMB): StaticMeshActor (Cube)
[2019.04.25-10.42.32:402][199]LogEditorViewport: Clicking on Actor (LMB): CineCameraActor (CineCameraActor1)
[2019.04.25-10.42.38:812][462]LogEditorViewport: Clicking on Actor (LMB): StaticMeshActor (Cube)
[2019.04.25-10.43.26:179][448]LogSlate: FSceneViewport::OnFocusLost() reason 0
[2019.04.25-10.43.30:329][611]Cmd: DELETE
[2019.04.25-10.43.30:329][611]Cmd: ACTOR DELETE
[2019.04.25-10.43.30:544][611]LogEditorActor: Deleted Actor: PointLight
[2019.04.25-10.43.30:626][611]LogEditorActor: Deleted 1 Actors (0.136 secs)
[2019.04.25-10.43.31:440][648]LogSlate: FSceneViewport::OnFocusLost() reason 0
[2019.04.25-10.43.48:727][265]LogEditorViewport: Clicking on Actor (LMB): StaticMeshActor (Cube)
[2019.04.25-10.44.30:568][695]LogEditorViewport: Clicking on Actor (LMB): CineCameraActor (CineCameraActor1)
[2019.04.25-10.44.41:575][ 74]LogEditorViewport: Clicking on Actor (LMB): BP_Sky_Sphere_C (BP_Sky_Sphere)
[2019.04.25-10.44.45:377][199]LogSlate: FSceneViewport::OnFocusLost() reason 0
[2019.04.25-10.44.53:998][566]LogSlate: FSceneViewport::OnFocusLost() reason 0
[2019.04.25-10.46.16:692][999]LogEditorViewport: Clicking on Actor (LMB): StaticMeshActor (Cube)
[2019.04.25-10.46.19:341][ 38]LogSlate: FSceneViewport::OnFocusLost() reason 0
[2019.04.25-10.48.19:436][456]Cmd: TRANSACTION UNDO
[2019.04.25-10.48.19:436][456]LogEditorTransaction: Undo Rotate Actors
[2019.04.25-10.48.37:365][ 90]LogSlate: FSceneViewport::OnFocusLost() reason 0
[2019.04.25-10.48.41:555][239]LogEditorViewport: Clicking on Actor (LMB): StaticMeshActor (Cube)
[2019.04.25-10.48.42:049][257]Cmd: DUPLICATE
[2019.04.25-10.48.42:049][257]Cmd: ACTOR DUPLICATE
[2019.04.25-10.48.43:287][293]Cmd: TRANSACTION UNDO
[2019.04.25-10.48.43:287][293]LogEditorTransaction: Undo Duplicate Actors
[2019.04.25-10.48.52:129][467]LogSlate: FSceneViewport::OnFocusLost() reason 0
[2019.04.25-10.51.34:753][952]LogSavePackage: Moving 'C:/Users/GENIUS/Documents/Unreal Projects/MultiRestore_Third/Multiplayer-1/Saved/MainMenu_Auto2D7D39017491E282AE6E4C4A5ADA92BAD.tmp' to 'C:/Users/GENIUS/Documents/Unreal Projects/MultiRestore_Third/Multiplayer-1/Saved/Autosaves/Game/ThirdPersonBP/Maps/MainMenu_Auto2.umap'
[2019.04.25-10.51.34:809][952]LogFileHelpers: Editor autosave (incl. sublevels) for '/Game/ThirdPersonBP/Maps/MainMenu' took 1.112
[2019.04.25-10.51.34:809][952]LogFileHelpers: Editor autosave (incl. sublevels) for all levels took 1.112
[2019.04.25-10.52.47:653][609]LogSlate: Window 'Editor Preferences' being destroyed
[2019.04.25-10.52.47:666][609]LogSlate: Window 'Editor Preferences' being destroyed
[2019.04.25-10.53.08:255][560]LogEditorViewport: Clicking on Actor (LMB): StaticMeshActor (Cube)
[2019.04.25-10.53.09:118][591]LogSlate: FSceneViewport::OnFocusLost() reason 0
[2019.04.25-10.54.44:803][391]Cmd: CLOSE_SLATE_MAINFRAME
[2019.04.25-10.54.46:175][391]LogSlate: Window 'Save Content' being destroyed
[2019.04.25-10.54.46:604][391]LogSavePackage: Moving 'C:/Users/GENIUS/Documents/Unreal Projects/MultiRestore_Third/Multiplayer-1/Saved/MainMenu51468D8547FCB44393F1AE8EEF0841AA.tmp' to 'C:/Users/GENIUS/Documents/Unreal Projects/MultiRestore_Third/Multiplayer-1/Content/ThirdPersonBP/Maps/MainMenu.umap'
[2019.04.25-10.54.46:637][391]LogFileHelpers: Saving map 'MainMenu' took 0.412
[2019.04.25-10.54.47:312][391]LogSlate: Window 'Plugins' being destroyed
[2019.04.25-10.54.47:316][391]LogDirectoryWatcher: A directory notification for '../../../Engine/Plugins/' was aborted.
[2019.04.25-10.54.47:316][391]LogDirectoryWatcher: A directory notification for 'E:/UE4/UrealEngine/UE_4.21/Enterprise/Plugins/' was aborted.
[2019.04.25-10.54.47:340][391]LogSlate: Window 'MultiRestore_Third - Unreal Editor' being destroyed
[2019.04.25-10.54.48:049][392]Cmd: QUIT_EDITOR
[2019.04.25-10.54.51:587][392]LogWindowsTextInputMethodSystem: Display: IME system now deactivated.
[2019.04.25-10.54.51:781][392]LogExit: Preparing to exit.
[2019.04.25-10.54.53:714][392]LogExit: Editor shut down
[2019.04.25-10.54.53:715][392]LogExit: Transaction tracking system shut down
[2019.04.25-10.54.57:319][392]LogExit: Object subsystem successfully closed.
[2019.04.25-10.54.57:675][392]LogShaderCompilers: Display: Shaders left to compile 0
[2019.04.25-10.54.57:696][392]LogD3D11RHI: Shutdown
[2019.04.25-10.54.57:696][392]LogD3D11RHI: CleanupD3DDevice
[2019.04.25-10.54.57:804][392]LogD3D11RHI: ~FD3D11DynamicRHI
[2019.04.25-10.55.00:207][392]LogModuleManager: Shutting down and abandoning module PortalProxies (648)
[2019.04.25-10.55.00:207][392]LogModuleManager: Shutting down and abandoning module StatsViewer (646)
[2019.04.25-10.55.00:221][392]LogModuleManager: Shutting down and abandoning module BlueprintGraph (644)
[2019.04.25-10.55.00:221][392]LogModuleManager: Shutting down and abandoning module HierarchicalLODOutliner (642)
[2019.04.25-10.55.00:221][392]LogModuleManager: Shutting down and abandoning module SceneOutliner (640)
[2019.04.25-10.55.00:221][392]LogModuleManager: Shutting down and abandoning module AddContentDialog (638)
[2019.04.25-10.55.00:250][392]LogModuleManager: Shutting down and abandoning module WidgetCarousel (637)
[2019.04.25-10.55.00:250][392]LogModuleManager: Shutting down and abandoning module EditorWidgets (634)
[2019.04.25-10.55.00:250][392]LogModuleManager: Shutting down and abandoning module CollectionManager (632)
[2019.04.25-10.55.00:250][392]LogModuleManager: Shutting down and abandoning module FoliageEdit (630)
[2019.04.25-10.55.00:250][392]LogModuleManager: Shutting down and abandoning module LandscapeEditor (628)
[2019.04.25-10.55.00:292][392]LogModuleManager: Shutting down and abandoning module MeshPaintMode (626)
[2019.04.25-10.55.00:292][392]LogModuleManager: Shutting down and abandoning module SceneDepthPickerMode (624)
[2019.04.25-10.55.00:292][392]LogModuleManager: Shutting down and abandoning module ActorPickerMode (622)
[2019.04.25-10.55.00:292][392]LogModuleManager: Shutting down and abandoning module GeometryMode (620)
[2019.04.25-10.55.00:292][392]LogModuleManager: Shutting down and abandoning module TextureAlignMode (618)
[2019.04.25-10.55.00:292][392]LogModuleManager: Shutting down and abandoning module BspMode (616)
[2019.04.25-10.55.00:293][392]LogModuleManager: Shutting down and abandoning module PIEPreviewDeviceProfileSelector (614)
[2019.04.25-10.55.00:301][392]LogModuleManager: Shutting down and abandoning module SequenceRecorderSections (612)
[2019.04.25-10.55.00:301][392]LogModuleManager: Shutting down and abandoning module AutomationWorker (610)
[2019.04.25-10.55.00:301][392]LogModuleManager: Shutting down and abandoning module DatasmithFBXImporter (608)
[2019.04.25-10.55.00:321][392]LogModuleManager: Shutting down and abandoning module DatasmithDeltaGenImporter (606)
[2019.04.25-10.55.00:328][392]LogModuleManager: Shutting down and abandoning module DatasmithVREDImporter (604)
[2019.04.25-10.55.00:328][392]LogModuleManager: Shutting down and abandoning module AudioCaptureEditor (602)
[2019.04.25-10.55.00:328][392]LogModuleManager: Shutting down and abandoning module MatineeToLevelSequence (600)
[2019.04.25-10.55.00:328][392]LogModuleManager: Shutting down and abandoning module LevelSequenceEditor (598)
[2019.04.25-10.55.00:340][392]LogModuleManager: Shutting down and abandoning module PlacementMode (597)
[2019.04.25-10.55.00:340][392]LogModuleManager: Shutting down and abandoning module MaterialEditor (596)
[2019.04.25-10.55.00:352][392]LogModuleManager: Shutting down and abandoning module WmfMediaFactory (592)
[2019.04.25-10.55.00:352][392]LogModuleManager: Shutting down and abandoning module WmfMediaEditor (590)
[2019.04.25-10.55.00:352][392]LogModuleManager: Shutting down and abandoning module WebMMediaFactory (588)
[2019.04.25-10.55.00:352][392]LogModuleManager: Shutting down and abandoning module WebMMediaEditor (586)
[2019.04.25-10.55.00:352][392]LogModuleManager: Shutting down and abandoning module WebMMedia (584)
[2019.04.25-10.55.00:368][392]LogModuleManager: Shutting down and abandoning module MediaPlayerEditor (582)
[2019.04.25-10.55.00:368][392]LogModuleManager: Shutting down and abandoning module MediaCompositingEditor (580)
[2019.04.25-10.55.00:395][392]LogModuleManager: Shutting down and abandoning module SequenceRecorder (579)
[2019.04.25-10.55.00:395][392]LogModuleManager: Shutting down and abandoning module OpenExrWrapper (576)
[2019.04.25-10.55.00:395][392]LogModuleManager: Shutting down and abandoning module ImgMediaFactory (574)
[2019.04.25-10.55.00:395][392]LogModuleManager: Shutting down and abandoning module ImgMediaEditor (572)
[2019.04.25-10.55.00:395][392]LogModuleManager: Shutting down and abandoning module AvfMediaFactory (570)
[2019.04.25-10.55.00:395][392]LogModuleManager: Shutting down and abandoning module AvfMediaEditor (568)
[2019.04.25-10.55.00:395][392]LogModuleManager: Shutting down and abandoning module AndroidMediaFactory (566)
[2019.04.25-10.55.00:395][392]LogModuleManager: Shutting down and abandoning module AndroidMediaEditor (564)
[2019.04.25-10.55.00:395][392]LogModuleManager: Shutting down and abandoning module MagicLeapCameraPreviewFactory (562)
[2019.04.25-10.55.00:395][392]LogModuleManager: Shutting down and abandoning module MagicLeapMediaFactory (560)
[2019.04.25-10.55.00:395][392]LogModuleManager: Shutting down and abandoning module MagicLeapMediaEditor (558)
[2019.04.25-10.55.00:395][392]LogModuleManager: Shutting down and abandoning module CharacterAI (556)
[2019.04.25-10.55.00:395][392]LogModuleManager: Shutting down and abandoning module SmartSnapping (554)
[2019.04.25-10.55.00:395][392]LogModuleManager: Shutting down and abandoning module SessionServices (552)
[2019.04.25-10.55.00:396][392]LogModuleManager: Shutting down and abandoning module ViewportSnapping (550)
[2019.04.25-10.55.00:396][392]LogModuleManager: Shutting down and abandoning module ViewportInteraction (548)
[2019.04.25-10.55.00:396][392]LogModuleManager: Shutting down and abandoning module ClothPainter (546)
[2019.04.25-10.55.00:411][392]LogModuleManager: Shutting down and abandoning module SkeletalMeshEditor (545)
[2019.04.25-10.55.00:412][392]LogModuleManager: Shutting down and abandoning module LogVisualizer (542)
[2019.04.25-10.55.00:412][392]LogModuleManager: Shutting down and abandoning module IntroTutorials (540)
[2019.04.25-10.55.00:412][392]LogModuleManager: Shutting down and abandoning module GameProjectGeneration (539)
[2019.04.25-10.55.00:426][392]LogModuleManager: Shutting down and abandoning module LuminPlatformEditor (536)
[2019.04.25-10.55.00:426][392]LogModuleManager: Shutting down and abandoning module IOSPlatformEditor (534)
[2019.04.25-10.55.00:426][392]LogModuleManager: Shutting down and abandoning module HTML5PlatformEditor (532)
[2019.04.25-10.55.00:426][392]LogModuleManager: Shutting down and abandoning module AndroidPlatformEditor (530)
[2019.04.25-10.55.00:426][392]LogModuleManager: Shutting down and abandoning module AndroidDeviceDetection (529)
[2019.04.25-10.55.01:679][392]LogModuleManager: Shutting down and abandoning module WindowsPlatformEditor (526)
[2019.04.25-10.55.01:679][392]LogModuleManager: Shutting down and abandoning module LuminRuntimeSettings (524)
[2019.04.25-10.55.01:679][392]LogModuleManager: Shutting down and abandoning module IOSRuntimeSettings (522)
[2019.04.25-10.55.01:679][392]LogModuleManager: Shutting down and abandoning module AndroidRuntimeSettings (520)
[2019.04.25-10.55.01:679][392]LogModuleManager: Shutting down and abandoning module TimeManagementEditor (518)
[2019.04.25-10.55.01:679][392]LogModuleManager: Shutting down and abandoning module InputBindingEditor (516)
[2019.04.25-10.55.01:679][392]LogModuleManager: Shutting down and abandoning module MergeActors (514)
[2019.04.25-10.55.01:679][392]LogModuleManager: Shutting down and abandoning module LocalizationDashboard (512)
[2019.04.25-10.55.01:679][392]LogModuleManager: Shutting down and abandoning module LocalizationService (511)
[2019.04.25-10.55.01:679][392]LogModuleManager: Shutting down and abandoning module HardwareTargeting (508)
[2019.04.25-10.55.01:679][392]LogModuleManager: Shutting down and abandoning module DeviceProfileEditor (506)
[2019.04.25-10.55.01:679][392]LogModuleManager: Shutting down and abandoning module UndoHistory (504)
[2019.04.25-10.55.01:679][392]LogModuleManager: Shutting down and abandoning module XmlParser (502)
[2019.04.25-10.55.01:679][392]LogModuleManager: Shutting down and abandoning module Blutility (500)
[2019.04.25-10.55.01:679][392]LogModuleManager: Shutting down and abandoning module ProjectSettingsViewer (498)
[2019.04.25-10.55.01:679][392]LogModuleManager: Shutting down and abandoning module ProjectTargetPlatformEditor (497)
[2019.04.25-10.55.01:680][392]LogModuleManager: Shutting down and abandoning module EditorSettingsViewer (494)
[2019.04.25-10.55.01:680][392]LogModuleManager: Shutting down and abandoning module SettingsEditor (492)
[2019.04.25-10.55.01:681][392]LogModuleManager: Shutting down and abandoning module ProjectLauncher (490)
[2019.04.25-10.55.01:681][392]LogModuleManager: Shutting down and abandoning module SessionFrontend (488)
[2019.04.25-10.55.01:681][392]LogModuleManager: Shutting down and abandoning module ProfilerClient (486)
[2019.04.25-10.55.01:681][392]LogModuleManager: Shutting down and abandoning module DeviceManager (484)
[2019.04.25-10.55.01:681][392]LogModuleManager: Shutting down and abandoning module TargetDeviceServices (483)
[2019.04.25-10.55.01:741][392]LogModuleManager: Shutting down and abandoning module AutomationController (480)
[2019.04.25-10.55.01:741][392]LogModuleManager: Shutting down and abandoning module AutomationWindow (478)
[2019.04.25-10.55.01:741][392]LogModuleManager: Shutting down and abandoning module Layers (476)
[2019.04.25-10.55.01:793][392]LogModuleManager: Shutting down and abandoning module ComponentVisualizers (474)
[2019.04.25-10.55.01:793][392]LogModuleManager: Shutting down and abandoning module DetailCustomizations (472)
[2019.04.25-10.55.01:803][392]LogModuleManager: Shutting down and abandoning module PackagesDialog (470)
[2019.04.25-10.55.01:803][392]LogModuleManager: Shutting down and abandoning module Persona (468)
[2019.04.25-10.55.01:803][392]LogModuleManager: Shutting down and abandoning module AnimGraph (467)
[2019.04.25-10.55.01:803][392]LogModuleManager: Shutting down and abandoning module Kismet (464)
[2019.04.25-10.55.01:820][392]LogModuleManager: Shutting down and abandoning module GraphEditor (462)
[2019.04.25-10.55.01:820][392]LogModuleManager: Shutting down and abandoning module ClassViewer (460)
[2019.04.25-10.55.01:821][392]LogModuleManager: Shutting down and abandoning module Toolbox (458)
[2019.04.25-10.55.01:821][392]LogModuleManager: Shutting down and abandoning module ModuleUI (456)
[2019.04.25-10.55.01:821][392]LogModuleManager: Shutting down and abandoning module MovieSceneTools (454)
[2019.04.25-10.55.01:821][392]LogModuleManager: Shutting down and abandoning module OutputLog (452)
[2019.04.25-10.55.01:821][392]LogModuleManager: Shutting down and abandoning module GammaUI (450)
[2019.04.25-10.55.01:821][392]LogModuleManager: Shutting down and abandoning module Documentation (448)
[2019.04.25-10.55.01:821][392]LogModuleManager: Shutting down and abandoning module MovieSceneTracks (446)
[2019.04.25-10.55.01:821][392]LogModuleManager: Shutting down and abandoning module MovieScene (444)
[2019.04.25-10.55.01:839][392]LogModuleManager: Shutting down and abandoning module StreamingPauseRendering (442)
[2019.04.25-10.55.01:849][392]LogModuleManager: Shutting down and abandoning module LauncherPlatform (440)
[2019.04.25-10.55.01:849][392]LogModuleManager: Shutting down and abandoning module AnalyticsET (438)
[2019.04.25-10.55.01:849][392]LogModuleManager: Shutting down and abandoning module PortalServices (436)
[2019.04.25-10.55.01:849][392]LogModuleManager: Shutting down and abandoning module PortalRpc (434)
[2019.04.25-10.55.01:849][392]LogModuleManager: Shutting down and abandoning module MessagingRpc (432)
[2019.04.25-10.55.01:849][392]LogModuleManager: Shutting down and abandoning module AIModule (430)
[2019.04.25-10.55.01:900][392]LogModuleManager: Shutting down and abandoning module GameplayDebugger (429)
[2019.04.25-10.55.01:901][392]LogModuleManager: Shutting down and abandoning module AITestSuite (427)
[2019.04.25-10.55.01:914][392]LogModuleManager: Shutting down and abandoning module NavigationSystem (425)
[2019.04.25-10.55.01:914][392]LogModuleManager: Shutting down and abandoning module DesktopPlatform (422)
[2019.04.25-10.55.01:923][392]LogModuleManager: Shutting down and abandoning module ImageWriteQueue (420)
[2019.04.25-10.55.01:928][392]LogModuleManager: Shutting down and abandoning module ProfilerService (418)
[2019.04.25-10.55.02:085][392]LogModuleManager: Shutting down and abandoning module TaskGraph (416)
[2019.04.25-10.55.02:136][392]LogModuleManager: Shutting down and abandoning module DatasmithCADImporter (414)
[2019.04.25-10.55.02:137][392]LogModuleManager: Shutting down and abandoning module VariantManager (412)
[2019.04.25-10.55.02:198][392]LogModuleManager: Shutting down and abandoning module StaticMeshEditorExtension (410)
[2019.04.25-10.55.02:198][392]LogModuleManager: Shutting down and abandoning module StaticMeshEditor (409)
[2019.04.25-10.55.02:257][392]LogModuleManager: Shutting down and abandoning module AdvancedPreviewScene (408)
[2019.04.25-10.55.02:257][392]LogModuleManager: Shutting down and abandoning module MeshProcessingLibrary (405)
[2019.04.25-10.55.02:278][392]LogModuleManager: Shutting down and abandoning module MDLImporter (402)
[2019.04.25-10.55.02:318][392]LogModuleManager: Shutting down and abandoning module DatasmithImporter (400)
[2019.04.25-10.55.02:366][392]LogModuleManager: Shutting down and abandoning module SteamVRController (398)
[2019.04.25-10.55.02:366][392]LogModuleManager: Shutting down and abandoning module ProceduralMeshComponentEditor (396)
[2019.04.25-10.55.02:366][392]LogModuleManager: Shutting down and abandoning module ProceduralMeshComponent (394)
[2019.04.25-10.55.02:381][392]LogModuleManager: Shutting down and abandoning module OculusInput (392)
[2019.04.25-10.55.02:381][392]LogModuleManager: Shutting down and abandoning module MobilePatchingUtils (390)
[2019.04.25-10.55.02:381][392]LogModuleManager: Shutting down and abandoning module EditableMesh (388)
[2019.04.25-10.55.02:407][392]LogModuleManager: Shutting down and abandoning module CustomMeshComponent (386)
[2019.04.25-10.55.02:407][392]LogModuleManager: Shutting down and abandoning module CableComponent (384)
[2019.04.25-10.55.02:415][392]LogModuleManager: Shutting down and abandoning module AudioCapture (382)
[2019.04.25-10.55.02:415][392]LogModuleManager: Shutting down and abandoning module ArchVisCharacter (380)
[2019.04.25-10.55.02:415][392]LogModuleManager: Shutting down and abandoning module AndroidPermission (378)
[2019.04.25-10.55.02:415][392]LogModuleManager: Shutting down and abandoning module NUTUnrealEngine4 (376)
[2019.04.25-10.55.02:428][392]LogModuleManager: Shutting down and abandoning module NetcodeUnitTest (374)
[2019.04.25-10.55.02:449][392]LogModuleManager: Shutting down and abandoning module MediaCompositing (372)
[2019.04.25-10.55.02:449][392]LogModuleManager: Shutting down and abandoning module LinearTimecode (370)
[2019.04.25-10.55.02:449][392]LogModuleManager: Shutting down and abandoning module ImgMedia (368)
[2019.04.25-10.55.02:456][392]LogModuleManager: Shutting down and abandoning module HTML5Networking (366)
[2019.04.25-10.55.02:456][392]LogModuleManager: Shutting down and abandoning module GeometryCacheTracks (364)
[2019.04.25-10.55.02:456][392]LogModuleManager: Shutting down and abandoning module GeometryCacheSequencer (362)
[2019.04.25-10.55.02:456][392]LogModuleManager: Shutting down and abandoning module BackChannel (360)
[2019.04.25-10.55.02:469][392]LogModuleManager: Shutting down and abandoning module AppleVision (358)
[2019.04.25-10.55.02:469][392]LogModuleManager: Shutting down and abandoning module AppleImageUtilsBlueprintSupport (356)
[2019.04.25-10.55.02:469][392]LogModuleManager: Shutting down and abandoning module AppleImageUtils (354)
[2019.04.25-10.55.02:469][392]LogModuleManager: Shutting down and abandoning module AlembicImporter (352)
[2019.04.25-10.55.02:469][392]LogModuleManager: Shutting down and abandoning module AlembicLibrary (351)
[2019.04.25-10.55.02:469][392]LogModuleManager: Shutting down and abandoning module GeometryCache (350)
[2019.04.25-10.55.02:469][392]LogModuleManager: Shutting down and abandoning module GeometryCacheEd (349)
[2019.04.25-10.55.02:469][392]LogModuleManager: Shutting down and abandoning module VariantManagerContent (344)
[2019.04.25-10.55.02:469][392]LogModuleManager: Shutting down and abandoning module DatasmithContentEditor (342)
[2019.04.25-10.55.02:469][392]LogModuleManager: Shutting down and abandoning module SpeedTreeImporter (340)
[2019.04.25-10.55.02:469][392]LogModuleManager: Shutting down and abandoning module PluginBrowser (338)
[2019.04.25-10.55.02:469][392]LogModuleManager: Shutting down and abandoning module MobileLauncherProfileWizard (336)
[2019.04.25-10.55.02:481][392]LogModuleManager: Shutting down and abandoning module PolygonModeling (334)
[2019.04.25-10.55.02:481][392]LogModuleManager: Shutting down and abandoning module MeshEditor (332)
[2019.04.25-10.55.02:488][392]LogModuleManager: Shutting down and abandoning module EditorScriptingUtilities (330)
[2019.04.25-10.55.02:488][392]LogModuleManager: Shutting down and abandoning module CryptoKeysOpenSSL (328)
[2019.04.25-10.55.02:508][392]LogModuleManager: Shutting down and abandoning module CryptoKeys (326)
[2019.04.25-10.55.02:508][392]LogModuleManager: Shutting down and abandoning module VisualStudioSourceCodeAccess (324)
[2019.04.25-10.55.02:508][392]LogModuleManager: Shutting down and abandoning module VisualStudioCodeSourceCodeAccess (322)
[2019.04.25-10.55.02:508][392]LogModuleManager: Shutting down and abandoning module UObjectPlugin (320)
[2019.04.25-10.55.02:508][392]LogModuleManager: Shutting down and abandoning module SubversionSourceControl (318)
[2019.04.25-10.55.02:533][392]LogModuleManager: Shutting down and abandoning module PerforceSourceControl (316)
[2019.04.25-10.55.02:579][392]LogModuleManager: Shutting down and abandoning module GitSourceControl (314)
[2019.04.25-10.55.02:595][392]LogModuleManager: Shutting down and abandoning module SourceControl (313)
[2019.04.25-10.55.02:595][392]LogModuleManager: Shutting down and abandoning module CLionSourceCodeAccess (310)
[2019.04.25-10.55.02:604][392]LogModuleManager: Shutting down and abandoning module ActorLayerUtilitiesEditor (308)
[2019.04.25-10.55.02:605][392]LogModuleManager: Shutting down and abandoning module ActorLayerUtilities (306)
[2019.04.25-10.55.02:606][392]LogModuleManager: Shutting down and abandoning module LightPropagationVolumeEditor (304)
[2019.04.25-10.55.02:606][392]LogModuleManager: Shutting down and abandoning module PaperTiledImporter (302)
[2019.04.25-10.55.02:606][392]LogModuleManager: Shutting down and abandoning module PaperSpriteSheetImporter (300)
[2019.04.25-10.55.02:606][392]LogModuleManager: Shutting down and abandoning module Paper2DEditor (298)
[2019.04.25-10.55.02:628][392]LogModuleManager: Shutting down and abandoning module MeshPaint (297)
[2019.04.25-10.55.02:661][392]LogModuleManager: Shutting down and abandoning module RuntimePhysXCooking (294)
[2019.04.25-10.55.02:661][392]LogModuleManager: Shutting down and abandoning module PhysXVehiclesEditor (292)
[2019.04.25-10.55.02:661][392]LogModuleManager: Shutting down and abandoning module PhysXVehicles (290)
[2019.04.25-10.55.02:661][392]LogModuleManager: Shutting down and abandoning module OculusEditor (288)
[2019.04.25-10.55.02:674][392]LogModuleManager: Shutting down and abandoning module LocationServicesBPLibrary (286)
[2019.04.25-10.55.02:674][392]LogModuleManager: Shutting down and abandoning module ActorSequence (284)
[2019.04.25-10.55.02:674][392]LogModuleManager: Shutting down and abandoning module UdpMessaging (282)
[2019.04.25-10.55.02:775][392]LogModuleManager: Shutting down and abandoning module TcpMessaging (280)
[2019.04.25-10.55.02:882][392]LogModuleManager: Shutting down and abandoning module MagicLeapAudio (278)
[2019.04.25-10.55.02:882][392]LogModuleManager: Shutting down and abandoning module GameplayTagsEditor (276)
[2019.04.25-10.55.02:894][392]LogModuleManager: Shutting down and abandoning module FacialAnimationEditor (274)
[2019.04.25-10.55.02:894][392]LogModuleManager: Shutting down and abandoning module FacialAnimation (272)
[2019.04.25-10.55.02:894][392]LogModuleManager: Shutting down and abandoning module DataValidation (270)
[2019.04.25-10.55.02:894][392]LogModuleManager: Shutting down and abandoning module AssetManagerEditor (268)
[2019.04.25-10.55.02:899][392]LogModuleManager: Shutting down and abandoning module LevelEditor (267)
[2019.04.25-10.55.02:914][392]LogModuleManager: Shutting down and abandoning module PixelInspectorModule (266)
[2019.04.25-10.55.02:929][392]LogModuleManager: Shutting down and abandoning module CommonMenuExtensions (264)
[2019.04.25-10.55.02:930][392]LogModuleManager: Shutting down and abandoning module MainFrame (262)
[2019.04.25-10.55.02:930][392]LogModuleManager: Shutting down and abandoning module HotReload (261)
[2019.04.25-10.55.02:955][392]LogModuleManager: Shutting down and abandoning module ContentBrowser (257)
[2019.04.25-10.55.02:957][392]LogModuleManager: Shutting down and abandoning module TreeMap (255)
[2019.04.25-10.55.02:984][392]LogModuleManager: Shutting down and abandoning module LightPropagationVolumeRuntime (252)
[2019.04.25-10.55.02:984][392]LogModuleManager: Shutting down and abandoning module AISupportModule (250)
[2019.04.25-10.55.02:984][392]LogModuleManager: Shutting down and abandoning module Paper2D (248)
[2019.04.25-10.55.02:999][392]LogModuleManager: Shutting down and abandoning module WindowsMoviePlayer (246)
[2019.04.25-10.55.03:004][392]LogModuleManager: Shutting down and abandoning module WebMMoviePlayer (244)
[2019.04.25-10.55.03:004][392]LogModuleManager: Shutting down and abandoning module WmfMedia (242)
[2019.04.25-10.55.03:013][392]LogModuleManager: Shutting down and abandoning module Media (241)
[2019.04.25-10.55.03:021][392]LogModuleManager: Shutting down and abandoning module PacketHandler (238)
[2019.04.25-10.55.03:021][392]LogModuleManager: Shutting down and abandoning module ClothingSystemEditor (236)
[2019.04.25-10.55.03:021][392]LogModuleManager: Shutting down and abandoning module ClothingSystemRuntime (234)
[2019.04.25-10.55.03:030][392]LogModuleManager: Shutting down and abandoning module MediaAssets (232)
[2019.04.25-10.55.03:030][392]LogModuleManager: Shutting down and abandoning module Overlay (230)
[2019.04.25-10.55.03:030][392]LogModuleManager: Shutting down and abandoning module OverlayEditor (229)
[2019.04.25-10.55.03:030][392]LogModuleManager: Shutting down and abandoning module VREditor (226)
[2019.04.25-10.55.03:057][392]LogModuleManager: Shutting down and abandoning module StringTableEditor (224)
[2019.04.25-10.55.03:085][392]LogModuleManager: Shutting down and abandoning module GameplayTasksEditor (222)
[2019.04.25-10.55.03:085][392]LogModuleManager: Shutting down and abandoning module BehaviorTreeEditor (220)
[2019.04.25-10.55.03:145][392]LogModuleManager: Shutting down and abandoning module FunctionalTesting (218)
[2019.04.25-10.55.03:171][392]LogModuleManager: Shutting down and abandoning module CollisionAnalyzer (216)
[2019.04.25-10.55.03:220][392]LogModuleManager: Shutting down and abandoning module WorkspaceMenuStructure (215)
[2019.04.25-10.55.03:220][392]LogModuleManager: Shutting down and abandoning module UMG (212)
[2019.04.25-10.55.03:240][392]LogModuleManager: Shutting down and abandoning module UMGEditor (211)
[2019.04.25-10.55.03:255][392]LogModuleManager: Shutting down and abandoning module Sequencer (210)
[2019.04.25-10.55.03:372][392]LogModuleManager: Shutting down and abandoning module MessageLog (207)
[2019.04.25-10.55.03:372][392]LogModuleManager: Shutting down and abandoning module SlateReflector (202)
[2019.04.25-10.55.03:440][392]LogModuleManager: Shutting down and abandoning module Slate (200)
[2019.04.25-10.55.03:440][392]LogModuleManager: Shutting down and abandoning module EditorStyle (198)
[2019.04.25-10.55.03:443][392]LogModuleManager: Shutting down and abandoning module MRMesh (196)
[2019.04.25-10.55.03:461][392]LogModuleManager: Shutting down and abandoning module SourceCodeAccess (194)
[2019.04.25-10.55.03:462][392]LogModuleManager: Shutting down and abandoning module HeadMountedDisplay (192)
[2019.04.25-10.55.03:462][392]LogModuleManager: Shutting down and abandoning module XAudio2 (190)
[2019.04.25-10.55.03:462][392]LogModuleManager: Shutting down and abandoning module Networking (188)
[2019.04.25-10.55.03:462][392]LogModuleManager: Shutting down and abandoning module Core (186)
[2019.04.25-10.55.03:462][392]LogModuleManager: Shutting down and abandoning module LevelSequence (184)
[2019.04.25-10.55.03:462][392]LogModuleManager: Shutting down and abandoning module KismetCompiler (182)
[2019.04.25-10.55.03:462][392]LogModuleManager: Shutting down and abandoning module MeshUtilities (180)
[2019.04.25-10.55.03:497][392]LogModuleManager: Shutting down and abandoning module MeshMergeUtilities (179)
[2019.04.25-10.55.03:564][392]LogModuleManager: Shutting down and abandoning module MeshReductionInterface (178)
[2019.04.25-10.55.03:564][392]LogModuleManager: Shutting down and abandoning module SimplygonSwarm (177)
[2019.04.25-10.55.03:583][392]LogModuleManager: Shutting down and abandoning module ProxyLODMeshReduction (175)
[2019.04.25-10.55.03:627][392]LogModuleManager: Shutting down and abandoning module SimplygonMeshReduction (173)
[2019.04.25-10.55.03:628][392]LogModuleManager: Shutting down and abandoning module QuadricMeshReduction (171)
[2019.04.25-10.55.03:656][392]LogModuleManager: Shutting down and abandoning module MaterialBaking (167)
[2019.04.25-10.55.03:672][392]LogModuleManager: Shutting down and abandoning module DirectoryWatcher (163)
[2019.04.25-10.55.03:673][392]LogModuleManager: Shutting down and abandoning module DerivedDataCache (160)
[2019.04.25-10.55.03:774][392]LogDerivedDataCache: Shutdown
[2019.04.25-10.55.03:774][392]LogModuleManager: Shutting down and abandoning module XGEController (158)
[2019.04.25-10.55.03:794][392]LogModuleManager: Shutting down and abandoning module TargetPlatform (156)
[2019.04.25-10.55.03:795][392]LogModuleManager: Shutting down and abandoning module VulkanShaderFormat (155)
[2019.04.25-10.55.03:861][392]LogModuleManager: Shutting down and abandoning module ShaderFormatVectorVM (153)
[2019.04.25-10.55.03:893][392]LogModuleManager: Shutting down and abandoning module ShaderFormatOpenGL (151)
[2019.04.25-10.55.04:075][392]LogModuleManager: Shutting down and abandoning module ShaderFormatD3D (149)
[2019.04.25-10.55.04:075][392]LogModuleManager: Shutting down and abandoning module MetalShaderFormat (147)
[2019.04.25-10.55.04:125][392]LogModuleManager: Shutting down and abandoning module TextureFormatUncompressed (145)
[2019.04.25-10.55.04:125][392]LogModuleManager: Shutting down and abandoning module TextureFormatPVR (143)
[2019.04.25-10.55.04:125][392]LogModuleManager: Shutting down and abandoning module TextureFormatDXT (141)
[2019.04.25-10.55.04:157][392]LogModuleManager: Shutting down and abandoning module TextureFormatIntelISPCTexComp (139)
[2019.04.25-10.55.04:175][392]LogModuleManager: Shutting down and abandoning module TextureFormatASTC (137)
[2019.04.25-10.55.04:175][392]LogModuleManager: Shutting down and abandoning module ImageWrapper (136)
[2019.04.25-10.55.04:175][392]LogModuleManager: Shutting down and abandoning module TextureFormatAndroid (133)
[2019.04.25-10.55.04:175][392]LogModuleManager: Shutting down and abandoning module AudioFormatOpus (131)
[2019.04.25-10.55.04:175][392]LogModuleManager: Shutting down and abandoning module AudioFormatOgg (129)
[2019.04.25-10.55.04:175][392]LogModuleManager: Shutting down and abandoning module AudioFormatADPCM (127)
[2019.04.25-10.55.04:175][392]LogModuleManager: Shutting down and abandoning module LuminTargetPlatform (125)
[2019.04.25-10.55.04:244][392]LogModuleManager: Shutting down and abandoning module LinuxTargetPlatform (123)
[2019.04.25-10.55.04:244][392]LogModuleManager: Shutting down and abandoning module LinuxServerTargetPlatform (121)
[2019.04.25-10.55.04:244][392]LogModuleManager: Shutting down and abandoning module LinuxNoEditorTargetPlatform (119)
[2019.04.25-10.55.04:244][392]LogModuleManager: Shutting down and abandoning module LinuxClientTargetPlatform (117)
[2019.04.25-10.55.04:244][392]LogModuleManager: Shutting down and abandoning module TVOSTargetPlatform (115)
[2019.04.25-10.55.04:263][392]LogModuleManager: Shutting down and abandoning module Messaging (113)
[2019.04.25-10.55.04:263][392]LogModuleManager: Shutting down and abandoning module IOSTargetPlatform (111)
[2019.04.25-10.55.04:274][392]LogModuleManager: Shutting down and abandoning module HTML5TargetPlatform (109)
[2019.04.25-10.55.04:274][392]LogModuleManager: Shutting down and abandoning module AndroidTargetPlatform (107)
[2019.04.25-10.55.04:466][392]LogModuleManager: Shutting down and abandoning module WindowsTargetPlatform (105)
[2019.04.25-10.55.04:466][392]LogModuleManager: Shutting down and abandoning module WindowsServerTargetPlatform (103)
[2019.04.25-10.55.04:466][392]LogModuleManager: Shutting down and abandoning module WindowsNoEditorTargetPlatform (101)
[2019.04.25-10.55.04:466][392]LogModuleManager: Shutting down and abandoning module WindowsClientTargetPlatform (99)
[2019.04.25-10.55.04:466][392]LogModuleManager: Shutting down and abandoning module MacTargetPlatform (97)
[2019.04.25-10.55.04:467][392]LogModuleManager: Shutting down and abandoning module MacServerTargetPlatform (95)
[2019.04.25-10.55.04:467][392]LogModuleManager: Shutting down and abandoning module MacNoEditorTargetPlatform (93)
[2019.04.25-10.55.04:467][392]LogModuleManager: Shutting down and abandoning module MacClientTargetPlatform (91)
[2019.04.25-10.55.04:467][392]LogModuleManager: Shutting down and abandoning module AllDesktopTargetPlatform (89)
[2019.04.25-10.55.04:467][392]LogModuleManager: Shutting down and abandoning module InputCore (86)
[2019.04.25-10.55.04:467][392]LogModuleManager: Shutting down and abandoning module Settings (84)
[2019.04.25-10.55.04:467][392]LogModuleManager: Shutting down and abandoning module PhysXCooking (82)
[2019.04.25-10.55.04:467][392]LogModuleManager: Shutting down and abandoning module SteamVR (80)
[2019.04.25-10.55.04:557][392]LogHMD: Freeing OpenVRDLLHandle.
[2019.04.25-10.55.04:557][392]LogModuleManager: Shutting down and abandoning module OculusHMD (78)
[2019.04.25-10.55.04:641][392]LogModuleManager: Shutting down and abandoning module ExampleDeviceProfileSelector (76)
[2019.04.25-10.55.04:641][392]LogModuleManager: Shutting down and abandoning module LauncherChunkInstaller (74)
[2019.04.25-10.55.04:641][392]LogModuleManager: Shutting down and abandoning module OnlineBlueprintSupport (72)
[2019.04.25-10.55.04:641][392]LogModuleManager: Shutting down and abandoning module OnlineSubsystem (68)
[2019.04.25-10.55.04:870][392]LogModuleManager: Shutting down and abandoning module XMPP (63)
[2019.04.25-10.55.04:983][392]LogModuleManager: Shutting down and abandoning module WebSockets (62)
[2019.04.25-10.55.05:047][392]LogModuleManager: Shutting down and abandoning module HTTP (59)
[2019.04.25-10.55.05:047][392]LogHttp: Display: Http module shutting down, but needs to wait on 1 outstanding Http requests:
[2019.04.25-10.55.05:047][392]LogHttp: Display: 	verb=[POST] url=[https://datarouter.ol.epicgames.com/datarouter/api/v1/public/data?SessionID=%7BC377D740-4D08-A807-CE40-29B1855EDB2A%7D&AppID=UEEditor.Rocket.Release&AppVersion=4.21.1-4613538%2B%2B%2BUE4%2BRelease-4.21&UserID=71f412184889600a151c7499a61cafe1%7Cdcaf553d65fe470b8b004e4cc038ec42%7C85702362-9199-4368-a2ad-0a358fa16b60&AppEnvironment=datacollector-binary&UploadType=eteventstream] status=Processing
[2019.04.25-10.55.05:079][392]LogModuleManager: Shutting down and abandoning module SSL (58)
[2019.04.25-10.55.05:081][392]LogModuleManager: Shutting down and abandoning module MagicLeapIdentity (54)
[2019.04.25-10.55.05:081][392]LogModuleManager: Shutting down and abandoning module MagicLeapHelperVulkan (52)
[2019.04.25-10.55.05:081][392]LogModuleManager: Shutting down and abandoning module MagicLeapHelperOpenGL (50)
[2019.04.25-10.55.05:081][392]LogModuleManager: Shutting down and abandoning module MagicLeapSecureStorage (48)
[2019.04.25-10.55.05:081][392]LogModuleManager: Shutting down and abandoning module MagicLeapHandTracking (46)
[2019.04.25-10.55.05:081][392]LogModuleManager: Shutting down and abandoning module MagicLeapEyeTracker (44)
[2019.04.25-10.55.05:081][392]LogModuleManager: Shutting down and abandoning module MagicLeapController (42)
[2019.04.25-10.55.05:082][392]LogSlate: Slate User Destroyed.  User Index 0, Is Virtual User: 0
[2019.04.25-10.55.05:082][392]LogModuleManager: Shutting down and abandoning module MagicLeap (40)
[2019.04.25-10.55.05:124][392]LogModuleManager: Shutting down and abandoning module DatasmithContent (38)
[2019.04.25-10.55.05:125][392]LogModuleManager: Shutting down and abandoning module AnimationModifiers (36)
[2019.04.25-10.55.05:160][392]LogModuleManager: Shutting down and abandoning module PropertyEditor (35)
[2019.04.25-10.55.05:160][392]LogModuleManager: Shutting down and abandoning module AudioEditor (32)
[2019.04.25-10.55.05:205][392]LogModuleManager: Shutting down and abandoning module TextureCompressor (30)
[2019.04.25-10.55.05:237][392]LogModuleManager: Shutting down and abandoning module ShaderCore (28)
[2019.04.25-10.55.05:237][392]LogModuleManager: Shutting down and abandoning module Landscape (26)
[2019.04.25-10.55.05:237][392]LogModuleManager: Shutting down and abandoning module SlateRHIRenderer (24)
[2019.04.25-10.55.05:283][392]LogModuleManager: Shutting down and abandoning module OpenGLDrv (22)
[2019.04.25-10.55.05:311][392]LogModuleManager: Shutting down and abandoning module D3D11RHI (20)
[2019.04.25-10.55.05:312][392]LogModuleManager: Shutting down and abandoning module AnimGraphRuntime (18)
[2019.04.25-10.55.05:334][392]LogModuleManager: Shutting down and abandoning module Renderer (16)
[2019.04.25-10.55.05:334][392]LogModuleManager: Shutting down and abandoning module Engine (14)
[2019.04.25-10.55.05:334][392]LogModuleManager: Shutting down and abandoning module CoreUObject (12)
[2019.04.25-10.55.05:334][392]LogModuleManager: Shutting down and abandoning module NetworkFile (10)
[2019.04.25-10.55.05:334][392]LogModuleManager: Shutting down and abandoning module CookedIterativeFile (8)
[2019.04.25-10.55.05:334][392]LogModuleManager: Shutting down and abandoning module StreamingFile (6)
[2019.04.25-10.55.05:334][392]LogModuleManager: Shutting down and abandoning module SandboxFile (4)
[2019.04.25-10.55.05:334][392]LogModuleManager: Shutting down and abandoning module PakFile (2)
[2019.04.25-10.55.05:378][392]LogExit: Exiting.
[2019.04.25-10.55.05:381][392]Log file closed, 04/25/19 13:55:05
